[2024-05-05T13:06:25.841+0000] {local_task_job_runner.py:120} INFO - ::group::Pre task execution logs
[2024-05-05T13:06:25.874+0000] {taskinstance.py:2073} INFO - Dependencies all met for dep_context=non-requeueable deps ti=<TaskInstance: handsome.items.fetch.product.first manual__2024-05-05T13:06:23.199254+00:00 [queued]>
[2024-05-05T13:06:25.887+0000] {taskinstance.py:2073} INFO - Dependencies all met for dep_context=requeueable deps ti=<TaskInstance: handsome.items.fetch.product.first manual__2024-05-05T13:06:23.199254+00:00 [queued]>
[2024-05-05T13:06:25.887+0000] {taskinstance.py:2303} INFO - Starting attempt 1 of 3
[2024-05-05T13:06:25.911+0000] {taskinstance.py:2327} INFO - Executing <Task(FetchProductListFromCategoryOperator): fetch.product.first> on 2024-05-05 13:06:23.199254+00:00
[2024-05-05T13:06:25.917+0000] {warnings.py:110} WARNING - /home/***/.local/lib/python3.12/site-packages/***/task/task_runner/standard_task_runner.py:61: DeprecationWarning: This process (pid=1832) is multi-threaded, use of fork() may lead to deadlocks in the child.
  pid = os.fork()

[2024-05-05T13:06:25.918+0000] {standard_task_runner.py:63} INFO - Started process 1834 to run task
[2024-05-05T13:06:25.919+0000] {standard_task_runner.py:90} INFO - Running: ['***', 'tasks', 'run', 'handsome.items', 'fetch.product.first', 'manual__2024-05-05T13:06:23.199254+00:00', '--job-id', '112', '--raw', '--subdir', 'DAGS_FOLDER/handsome/DAGs.py', '--cfg-path', '/tmp/tmptnqa3vmn']
[2024-05-05T13:06:25.922+0000] {standard_task_runner.py:91} INFO - Job 112: Subtask fetch.product.first
[2024-05-05T13:06:25.981+0000] {task_command.py:426} INFO - Running <TaskInstance: handsome.items.fetch.product.first manual__2024-05-05T13:06:23.199254+00:00 [running]> on host 8f2b7c684425
[2024-05-05T13:06:26.107+0000] {taskinstance.py:2644} INFO - Exporting env vars: AIRFLOW_CTX_DAG_OWNER='400CC' AIRFLOW_CTX_DAG_ID='handsome.items' AIRFLOW_CTX_TASK_ID='fetch.product.first' AIRFLOW_CTX_EXECUTION_DATE='2024-05-05T13:06:23.199254+00:00' AIRFLOW_CTX_TRY_NUMBER='1' AIRFLOW_CTX_DAG_RUN_ID='manual__2024-05-05T13:06:23.199254+00:00'
[2024-05-05T13:06:26.108+0000] {taskinstance.py:430} INFO - ::endgroup::
[2024-05-05T13:06:26.652+0000] {taskinstance.py:441} INFO - ::group::Post task execution logs
[2024-05-05T13:06:26.653+0000] {taskinstance.py:2890} ERROR - Task failed with exception
Traceback (most recent call last):
  File "/home/airflow/.local/lib/python3.12/site-packages/airflow/models/taskinstance.py", line 465, in _execute_task
    result = _execute_callable(context=context, **execute_callable_kwargs)
             ^^^^^^^^^^^^^^^^^^^^^^^^^^^^^^^^^^^^^^^^^^^^^^^^^^^^^^^^^^^^^
  File "/home/airflow/.local/lib/python3.12/site-packages/airflow/models/taskinstance.py", line 432, in _execute_callable
    return execute_callable(context=context, **execute_callable_kwargs)
           ^^^^^^^^^^^^^^^^^^^^^^^^^^^^^^^^^^^^^^^^^^^^^^^^^^^^^^^^^^^^
  File "/home/airflow/.local/lib/python3.12/site-packages/airflow/models/baseoperator.py", line 400, in wrapper
    return func(self, *args, **kwargs)
           ^^^^^^^^^^^^^^^^^^^^^^^^^^^
  File "/opt/airflow/dags/handsome/ops/products.py", line 87, in execute
    productList = self._gather()
                  ^^^^^^^^^^^^^^
  File "/opt/airflow/dags/handsome/ops/products.py", line 117, in _gather
    tasks.append(self._processing(self._fetch(url), category))
                 ^^^^^^^^^^^^^^^^^^^^^^^^^^^^^^^^^^^^^^^^^^^^
  File "/opt/airflow/dags/handsome/ops/products.py", line 128, in _processing
    goods_data = preprocessor.preprocessProduct(goods)
                 ^^^^^^^^^^^^
NameError: name 'preprocessor' is not defined. Did you mean: 'self.preprocessor'?
[2024-05-05T13:06:26.666+0000] {taskinstance.py:1205} INFO - Marking task as UP_FOR_RETRY. dag_id=handsome.items, task_id=fetch.product.first, execution_date=20240505T130623, start_date=20240505T130625, end_date=20240505T130626
[2024-05-05T13:06:26.682+0000] {standard_task_runner.py:110} ERROR - Failed to execute job 112 for task fetch.product.first (name 'preprocessor' is not defined; 1834)
[2024-05-05T13:06:26.695+0000] {local_task_job_runner.py:240} INFO - Task exited with return code 1
[2024-05-05T13:06:26.727+0000] {taskinstance.py:3482} INFO - 0 downstream tasks scheduled from follow-on schedule check
[2024-05-05T13:06:26.729+0000] {local_task_job_runner.py:222} INFO - ::endgroup::
