[2024-05-05T12:47:20.248+0000] {local_task_job_runner.py:120} INFO - ::group::Pre task execution logs
[2024-05-05T12:47:20.288+0000] {taskinstance.py:2073} INFO - Dependencies all met for dep_context=non-requeueable deps ti=<TaskInstance: handsome.items.fetch.product.first manual__2024-05-05T12:47:17.346673+00:00 [queued]>
[2024-05-05T12:47:20.302+0000] {taskinstance.py:2073} INFO - Dependencies all met for dep_context=requeueable deps ti=<TaskInstance: handsome.items.fetch.product.first manual__2024-05-05T12:47:17.346673+00:00 [queued]>
[2024-05-05T12:47:20.303+0000] {taskinstance.py:2303} INFO - Starting attempt 1 of 3
[2024-05-05T12:47:20.351+0000] {taskinstance.py:2327} INFO - Executing <Task(FetchProductListFromCategoryOperator): fetch.product.first> on 2024-05-05 12:47:17.346673+00:00
[2024-05-05T12:47:20.367+0000] {warnings.py:110} WARNING - /home/***/.local/lib/python3.12/site-packages/***/task/task_runner/standard_task_runner.py:61: DeprecationWarning: This process (pid=1583) is multi-threaded, use of fork() may lead to deadlocks in the child.
  pid = os.fork()

[2024-05-05T12:47:20.370+0000] {standard_task_runner.py:63} INFO - Started process 1585 to run task
[2024-05-05T12:47:20.373+0000] {standard_task_runner.py:90} INFO - Running: ['***', 'tasks', 'run', 'handsome.items', 'fetch.product.first', 'manual__2024-05-05T12:47:17.346673+00:00', '--job-id', '109', '--raw', '--subdir', 'DAGS_FOLDER/handsome/DAGs.py', '--cfg-path', '/tmp/tmp_qhlme1l']
[2024-05-05T12:47:20.378+0000] {standard_task_runner.py:91} INFO - Job 109: Subtask fetch.product.first
[2024-05-05T12:47:20.600+0000] {task_command.py:426} INFO - Running <TaskInstance: handsome.items.fetch.product.first manual__2024-05-05T12:47:17.346673+00:00 [running]> on host 8f2b7c684425
[2024-05-05T12:47:21.025+0000] {taskinstance.py:2644} INFO - Exporting env vars: AIRFLOW_CTX_DAG_OWNER='400CC' AIRFLOW_CTX_DAG_ID='handsome.items' AIRFLOW_CTX_TASK_ID='fetch.product.first' AIRFLOW_CTX_EXECUTION_DATE='2024-05-05T12:47:17.346673+00:00' AIRFLOW_CTX_TRY_NUMBER='1' AIRFLOW_CTX_DAG_RUN_ID='manual__2024-05-05T12:47:17.346673+00:00'
[2024-05-05T12:47:21.026+0000] {taskinstance.py:430} INFO - ::endgroup::
[2024-05-05T12:47:21.736+0000] {taskinstance.py:441} INFO - ::group::Post task execution logs
[2024-05-05T12:47:21.738+0000] {taskinstance.py:2890} ERROR - Task failed with exception
Traceback (most recent call last):
  File "/home/airflow/.local/lib/python3.12/site-packages/airflow/models/taskinstance.py", line 465, in _execute_task
    result = _execute_callable(context=context, **execute_callable_kwargs)
             ^^^^^^^^^^^^^^^^^^^^^^^^^^^^^^^^^^^^^^^^^^^^^^^^^^^^^^^^^^^^^
  File "/home/airflow/.local/lib/python3.12/site-packages/airflow/models/taskinstance.py", line 432, in _execute_callable
    return execute_callable(context=context, **execute_callable_kwargs)
           ^^^^^^^^^^^^^^^^^^^^^^^^^^^^^^^^^^^^^^^^^^^^^^^^^^^^^^^^^^^^
  File "/home/airflow/.local/lib/python3.12/site-packages/airflow/models/baseoperator.py", line 400, in wrapper
    return func(self, *args, **kwargs)
           ^^^^^^^^^^^^^^^^^^^^^^^^^^^
  File "/opt/airflow/dags/handsome/ops/products.py", line 33, in execute
    productList = self._gather()
                  ^^^^^^^^^^^^^^
  File "/opt/airflow/dags/handsome/ops/products.py", line 63, in _gather
    tasks.append(self._processing(self._fetch(url), category))
                 ^^^^^^^^^^^^^^^^^^^^^^^^^^^^^^^^^^^^^^^^^^^^
  File "/opt/airflow/dags/handsome/ops/products.py", line 74, in _processing
    goods_data = Preprocess.preprocessProduct(goods)
                 ^^^^^^^^^^^^^^^^^^^^^^^^^^^^^^^^^^^
TypeError: Preprocess.preprocessProduct() missing 1 required positional argument: 'goods'
[2024-05-05T12:47:21.753+0000] {taskinstance.py:1205} INFO - Marking task as UP_FOR_RETRY. dag_id=handsome.items, task_id=fetch.product.first, execution_date=20240505T124717, start_date=20240505T124720, end_date=20240505T124721
[2024-05-05T12:47:21.779+0000] {standard_task_runner.py:110} ERROR - Failed to execute job 109 for task fetch.product.first (Preprocess.preprocessProduct() missing 1 required positional argument: 'goods'; 1585)
[2024-05-05T12:47:21.793+0000] {local_task_job_runner.py:240} INFO - Task exited with return code 1
[2024-05-05T12:47:21.836+0000] {taskinstance.py:3482} INFO - 0 downstream tasks scheduled from follow-on schedule check
[2024-05-05T12:47:21.838+0000] {local_task_job_runner.py:222} INFO - ::endgroup::
