[2024-04-30T08:14:10.238+0000] {processor.py:161} INFO - Started process (PID=30) to work on /opt/airflow/dags/example.py
[2024-04-30T08:14:10.240+0000] {processor.py:830} INFO - Processing file /opt/airflow/dags/example.py for tasks to queue
[2024-04-30T08:14:10.244+0000] {logging_mixin.py:188} INFO - [2024-04-30T08:14:10.243+0000] {dagbag.py:540} INFO - Filling up the DagBag from /opt/airflow/dags/example.py
[2024-04-30T08:14:10.284+0000] {logging_mixin.py:188} INFO - [2024-04-30T08:14:10.281+0000] {dagbag.py:350} ERROR - Failed to import: /opt/airflow/dags/example.py
Traceback (most recent call last):
  File "/home/airflow/.local/lib/python3.12/site-packages/airflow/models/dagbag.py", line 346, in parse
    loader.exec_module(new_module)
  File "<frozen importlib._bootstrap_external>", line 995, in exec_module
  File "<frozen importlib._bootstrap>", line 488, in _call_with_frames_removed
  File "/opt/airflow/dags/example.py", line 4, in <module>
    from common.musinsa import *
ModuleNotFoundError: No module named 'common'
[2024-04-30T08:14:10.285+0000] {processor.py:842} WARNING - No viable dags retrieved from /opt/airflow/dags/example.py
[2024-04-30T08:14:10.379+0000] {processor.py:183} INFO - Processing /opt/airflow/dags/example.py took 0.154 seconds
[2024-04-30T08:14:40.623+0000] {processor.py:161} INFO - Started process (PID=90) to work on /opt/airflow/dags/example.py
[2024-04-30T08:14:40.624+0000] {processor.py:830} INFO - Processing file /opt/airflow/dags/example.py for tasks to queue
[2024-04-30T08:14:40.627+0000] {logging_mixin.py:188} INFO - [2024-04-30T08:14:40.627+0000] {dagbag.py:540} INFO - Filling up the DagBag from /opt/airflow/dags/example.py
[2024-04-30T08:14:40.633+0000] {logging_mixin.py:188} INFO - [2024-04-30T08:14:40.631+0000] {dagbag.py:350} ERROR - Failed to import: /opt/airflow/dags/example.py
Traceback (most recent call last):
  File "/home/airflow/.local/lib/python3.12/site-packages/airflow/models/dagbag.py", line 346, in parse
    loader.exec_module(new_module)
  File "<frozen importlib._bootstrap_external>", line 995, in exec_module
  File "<frozen importlib._bootstrap>", line 488, in _call_with_frames_removed
  File "/opt/airflow/dags/example.py", line 4, in <module>
    from common.musinsa import *
ModuleNotFoundError: No module named 'common'
[2024-04-30T08:14:40.633+0000] {processor.py:842} WARNING - No viable dags retrieved from /opt/airflow/dags/example.py
[2024-04-30T08:14:40.683+0000] {processor.py:183} INFO - Processing /opt/airflow/dags/example.py took 0.069 seconds
[2024-04-30T08:15:10.721+0000] {processor.py:161} INFO - Started process (PID=151) to work on /opt/airflow/dags/example.py
[2024-04-30T08:15:10.722+0000] {processor.py:830} INFO - Processing file /opt/airflow/dags/example.py for tasks to queue
[2024-04-30T08:15:10.723+0000] {logging_mixin.py:188} INFO - [2024-04-30T08:15:10.723+0000] {dagbag.py:540} INFO - Filling up the DagBag from /opt/airflow/dags/example.py
[2024-04-30T08:15:10.727+0000] {logging_mixin.py:188} INFO - [2024-04-30T08:15:10.726+0000] {dagbag.py:350} ERROR - Failed to import: /opt/airflow/dags/example.py
Traceback (most recent call last):
  File "/home/airflow/.local/lib/python3.12/site-packages/airflow/models/dagbag.py", line 346, in parse
    loader.exec_module(new_module)
  File "<frozen importlib._bootstrap_external>", line 995, in exec_module
  File "<frozen importlib._bootstrap>", line 488, in _call_with_frames_removed
  File "/opt/airflow/dags/example.py", line 4, in <module>
    from common.musinsa import *
ModuleNotFoundError: No module named 'common'
[2024-04-30T08:15:10.728+0000] {processor.py:842} WARNING - No viable dags retrieved from /opt/airflow/dags/example.py
[2024-04-30T08:15:10.749+0000] {processor.py:183} INFO - Processing /opt/airflow/dags/example.py took 0.036 seconds
[2024-04-30T08:15:41.147+0000] {processor.py:161} INFO - Started process (PID=217) to work on /opt/airflow/dags/example.py
[2024-04-30T08:15:41.150+0000] {processor.py:830} INFO - Processing file /opt/airflow/dags/example.py for tasks to queue
[2024-04-30T08:15:41.152+0000] {logging_mixin.py:188} INFO - [2024-04-30T08:15:41.151+0000] {dagbag.py:540} INFO - Filling up the DagBag from /opt/airflow/dags/example.py
[2024-04-30T08:15:41.167+0000] {logging_mixin.py:188} INFO - [2024-04-30T08:15:41.160+0000] {dagbag.py:350} ERROR - Failed to import: /opt/airflow/dags/example.py
Traceback (most recent call last):
  File "/home/airflow/.local/lib/python3.12/site-packages/airflow/models/dagbag.py", line 346, in parse
    loader.exec_module(new_module)
  File "<frozen importlib._bootstrap_external>", line 995, in exec_module
  File "<frozen importlib._bootstrap>", line 488, in _call_with_frames_removed
  File "/opt/airflow/dags/example.py", line 4, in <module>
    from common.musinsa import *
ModuleNotFoundError: No module named 'common'
[2024-04-30T08:15:41.168+0000] {processor.py:842} WARNING - No viable dags retrieved from /opt/airflow/dags/example.py
[2024-04-30T08:15:41.207+0000] {processor.py:183} INFO - Processing /opt/airflow/dags/example.py took 0.075 seconds
[2024-04-30T08:16:11.336+0000] {processor.py:161} INFO - Started process (PID=277) to work on /opt/airflow/dags/example.py
[2024-04-30T08:16:11.339+0000] {processor.py:830} INFO - Processing file /opt/airflow/dags/example.py for tasks to queue
[2024-04-30T08:16:11.342+0000] {logging_mixin.py:188} INFO - [2024-04-30T08:16:11.341+0000] {dagbag.py:540} INFO - Filling up the DagBag from /opt/airflow/dags/example.py
[2024-04-30T08:16:11.350+0000] {logging_mixin.py:188} INFO - [2024-04-30T08:16:11.347+0000] {dagbag.py:350} ERROR - Failed to import: /opt/airflow/dags/example.py
Traceback (most recent call last):
  File "/home/airflow/.local/lib/python3.12/site-packages/airflow/models/dagbag.py", line 346, in parse
    loader.exec_module(new_module)
  File "<frozen importlib._bootstrap_external>", line 995, in exec_module
  File "<frozen importlib._bootstrap>", line 488, in _call_with_frames_removed
  File "/opt/airflow/dags/example.py", line 4, in <module>
    from common.musinsa import *
ModuleNotFoundError: No module named 'common'
[2024-04-30T08:16:11.351+0000] {processor.py:842} WARNING - No viable dags retrieved from /opt/airflow/dags/example.py
[2024-04-30T08:16:11.390+0000] {processor.py:183} INFO - Processing /opt/airflow/dags/example.py took 0.080 seconds
[2024-04-30T08:16:41.669+0000] {processor.py:161} INFO - Started process (PID=337) to work on /opt/airflow/dags/example.py
[2024-04-30T08:16:41.671+0000] {processor.py:830} INFO - Processing file /opt/airflow/dags/example.py for tasks to queue
[2024-04-30T08:16:41.672+0000] {logging_mixin.py:188} INFO - [2024-04-30T08:16:41.671+0000] {dagbag.py:540} INFO - Filling up the DagBag from /opt/airflow/dags/example.py
[2024-04-30T08:16:41.676+0000] {logging_mixin.py:188} INFO - [2024-04-30T08:16:41.675+0000] {dagbag.py:350} ERROR - Failed to import: /opt/airflow/dags/example.py
Traceback (most recent call last):
  File "/home/airflow/.local/lib/python3.12/site-packages/airflow/models/dagbag.py", line 346, in parse
    loader.exec_module(new_module)
  File "<frozen importlib._bootstrap_external>", line 995, in exec_module
  File "<frozen importlib._bootstrap>", line 488, in _call_with_frames_removed
  File "/opt/airflow/dags/example.py", line 4, in <module>
    from common.musinsa import *
ModuleNotFoundError: No module named 'common'
[2024-04-30T08:16:41.676+0000] {processor.py:842} WARNING - No viable dags retrieved from /opt/airflow/dags/example.py
[2024-04-30T08:16:41.699+0000] {processor.py:183} INFO - Processing /opt/airflow/dags/example.py took 0.041 seconds
[2024-04-30T08:19:41.415+0000] {processor.py:161} INFO - Started process (PID=36) to work on /opt/airflow/dags/example.py
[2024-04-30T08:19:41.430+0000] {processor.py:830} INFO - Processing file /opt/airflow/dags/example.py for tasks to queue
[2024-04-30T08:19:41.448+0000] {logging_mixin.py:188} INFO - [2024-04-30T08:19:41.447+0000] {dagbag.py:540} INFO - Filling up the DagBag from /opt/airflow/dags/example.py
[2024-04-30T08:19:41.487+0000] {logging_mixin.py:188} INFO - [2024-04-30T08:19:41.484+0000] {dagbag.py:350} ERROR - Failed to import: /opt/airflow/dags/example.py
Traceback (most recent call last):
  File "/home/airflow/.local/lib/python3.12/site-packages/airflow/models/dagbag.py", line 346, in parse
    loader.exec_module(new_module)
  File "<frozen importlib._bootstrap_external>", line 995, in exec_module
  File "<frozen importlib._bootstrap>", line 488, in _call_with_frames_removed
  File "/opt/airflow/dags/example.py", line 4, in <module>
    from common.musinsa import *
ModuleNotFoundError: No module named 'common'
[2024-04-30T08:19:41.498+0000] {processor.py:842} WARNING - No viable dags retrieved from /opt/airflow/dags/example.py
[2024-04-30T08:19:41.602+0000] {processor.py:183} INFO - Processing /opt/airflow/dags/example.py took 0.238 seconds
[2024-04-30T08:20:11.862+0000] {processor.py:161} INFO - Started process (PID=44) to work on /opt/airflow/dags/example.py
[2024-04-30T08:20:11.865+0000] {processor.py:830} INFO - Processing file /opt/airflow/dags/example.py for tasks to queue
[2024-04-30T08:20:11.870+0000] {logging_mixin.py:188} INFO - [2024-04-30T08:20:11.870+0000] {dagbag.py:540} INFO - Filling up the DagBag from /opt/airflow/dags/example.py
[2024-04-30T08:20:11.877+0000] {logging_mixin.py:188} INFO - [2024-04-30T08:20:11.876+0000] {dagbag.py:350} ERROR - Failed to import: /opt/airflow/dags/example.py
Traceback (most recent call last):
  File "/home/airflow/.local/lib/python3.12/site-packages/airflow/models/dagbag.py", line 346, in parse
    loader.exec_module(new_module)
  File "<frozen importlib._bootstrap_external>", line 995, in exec_module
  File "<frozen importlib._bootstrap>", line 488, in _call_with_frames_removed
  File "/opt/airflow/dags/example.py", line 4, in <module>
    from common.musinsa import *
ModuleNotFoundError: No module named 'common'
[2024-04-30T08:20:11.878+0000] {processor.py:842} WARNING - No viable dags retrieved from /opt/airflow/dags/example.py
[2024-04-30T08:20:11.910+0000] {processor.py:183} INFO - Processing /opt/airflow/dags/example.py took 0.084 seconds
[2024-04-30T08:20:42.047+0000] {processor.py:161} INFO - Started process (PID=52) to work on /opt/airflow/dags/example.py
[2024-04-30T08:20:42.049+0000] {processor.py:830} INFO - Processing file /opt/airflow/dags/example.py for tasks to queue
[2024-04-30T08:20:42.052+0000] {logging_mixin.py:188} INFO - [2024-04-30T08:20:42.052+0000] {dagbag.py:540} INFO - Filling up the DagBag from /opt/airflow/dags/example.py
[2024-04-30T08:20:42.056+0000] {logging_mixin.py:188} INFO - [2024-04-30T08:20:42.055+0000] {dagbag.py:350} ERROR - Failed to import: /opt/airflow/dags/example.py
Traceback (most recent call last):
  File "/home/airflow/.local/lib/python3.12/site-packages/airflow/models/dagbag.py", line 346, in parse
    loader.exec_module(new_module)
  File "<frozen importlib._bootstrap_external>", line 995, in exec_module
  File "<frozen importlib._bootstrap>", line 488, in _call_with_frames_removed
  File "/opt/airflow/dags/example.py", line 4, in <module>
    from common.musinsa import *
ModuleNotFoundError: No module named 'common'
[2024-04-30T08:20:42.057+0000] {processor.py:842} WARNING - No viable dags retrieved from /opt/airflow/dags/example.py
[2024-04-30T08:20:42.079+0000] {processor.py:183} INFO - Processing /opt/airflow/dags/example.py took 0.040 seconds
[2024-04-30T08:21:12.268+0000] {processor.py:161} INFO - Started process (PID=60) to work on /opt/airflow/dags/example.py
[2024-04-30T08:21:12.270+0000] {processor.py:830} INFO - Processing file /opt/airflow/dags/example.py for tasks to queue
[2024-04-30T08:21:12.273+0000] {logging_mixin.py:188} INFO - [2024-04-30T08:21:12.273+0000] {dagbag.py:540} INFO - Filling up the DagBag from /opt/airflow/dags/example.py
[2024-04-30T08:21:12.278+0000] {logging_mixin.py:188} INFO - [2024-04-30T08:21:12.277+0000] {dagbag.py:350} ERROR - Failed to import: /opt/airflow/dags/example.py
Traceback (most recent call last):
  File "/home/airflow/.local/lib/python3.12/site-packages/airflow/models/dagbag.py", line 346, in parse
    loader.exec_module(new_module)
  File "<frozen importlib._bootstrap_external>", line 995, in exec_module
  File "<frozen importlib._bootstrap>", line 488, in _call_with_frames_removed
  File "/opt/airflow/dags/example.py", line 4, in <module>
    from common.musinsa import *
ModuleNotFoundError: No module named 'common'
[2024-04-30T08:21:12.279+0000] {processor.py:842} WARNING - No viable dags retrieved from /opt/airflow/dags/example.py
[2024-04-30T08:21:12.307+0000] {processor.py:183} INFO - Processing /opt/airflow/dags/example.py took 0.047 seconds
[2024-04-30T08:21:42.446+0000] {processor.py:161} INFO - Started process (PID=68) to work on /opt/airflow/dags/example.py
[2024-04-30T08:21:42.448+0000] {processor.py:830} INFO - Processing file /opt/airflow/dags/example.py for tasks to queue
[2024-04-30T08:21:42.451+0000] {logging_mixin.py:188} INFO - [2024-04-30T08:21:42.450+0000] {dagbag.py:540} INFO - Filling up the DagBag from /opt/airflow/dags/example.py
[2024-04-30T08:21:42.457+0000] {logging_mixin.py:188} INFO - [2024-04-30T08:21:42.455+0000] {dagbag.py:350} ERROR - Failed to import: /opt/airflow/dags/example.py
Traceback (most recent call last):
  File "/home/airflow/.local/lib/python3.12/site-packages/airflow/models/dagbag.py", line 346, in parse
    loader.exec_module(new_module)
  File "<frozen importlib._bootstrap_external>", line 995, in exec_module
  File "<frozen importlib._bootstrap>", line 488, in _call_with_frames_removed
  File "/opt/airflow/dags/example.py", line 4, in <module>
    from common.musinsa import *
ModuleNotFoundError: No module named 'common'
[2024-04-30T08:21:42.457+0000] {processor.py:842} WARNING - No viable dags retrieved from /opt/airflow/dags/example.py
[2024-04-30T08:21:42.482+0000] {processor.py:183} INFO - Processing /opt/airflow/dags/example.py took 0.047 seconds
[2024-04-30T08:22:12.660+0000] {processor.py:161} INFO - Started process (PID=76) to work on /opt/airflow/dags/example.py
[2024-04-30T08:22:12.662+0000] {processor.py:830} INFO - Processing file /opt/airflow/dags/example.py for tasks to queue
[2024-04-30T08:22:12.664+0000] {logging_mixin.py:188} INFO - [2024-04-30T08:22:12.664+0000] {dagbag.py:540} INFO - Filling up the DagBag from /opt/airflow/dags/example.py
[2024-04-30T08:22:12.669+0000] {logging_mixin.py:188} INFO - [2024-04-30T08:22:12.667+0000] {dagbag.py:350} ERROR - Failed to import: /opt/airflow/dags/example.py
Traceback (most recent call last):
  File "/home/airflow/.local/lib/python3.12/site-packages/airflow/models/dagbag.py", line 346, in parse
    loader.exec_module(new_module)
  File "<frozen importlib._bootstrap_external>", line 995, in exec_module
  File "<frozen importlib._bootstrap>", line 488, in _call_with_frames_removed
  File "/opt/airflow/dags/example.py", line 4, in <module>
    from common.musinsa import *
ModuleNotFoundError: No module named 'common'
[2024-04-30T08:22:12.670+0000] {processor.py:842} WARNING - No viable dags retrieved from /opt/airflow/dags/example.py
[2024-04-30T08:22:12.693+0000] {processor.py:183} INFO - Processing /opt/airflow/dags/example.py took 0.042 seconds
[2024-04-30T08:22:42.894+0000] {processor.py:161} INFO - Started process (PID=84) to work on /opt/airflow/dags/example.py
[2024-04-30T08:22:42.897+0000] {processor.py:830} INFO - Processing file /opt/airflow/dags/example.py for tasks to queue
[2024-04-30T08:22:42.899+0000] {logging_mixin.py:188} INFO - [2024-04-30T08:22:42.899+0000] {dagbag.py:540} INFO - Filling up the DagBag from /opt/airflow/dags/example.py
[2024-04-30T08:22:42.904+0000] {logging_mixin.py:188} INFO - [2024-04-30T08:22:42.903+0000] {dagbag.py:350} ERROR - Failed to import: /opt/airflow/dags/example.py
Traceback (most recent call last):
  File "/home/airflow/.local/lib/python3.12/site-packages/airflow/models/dagbag.py", line 346, in parse
    loader.exec_module(new_module)
  File "<frozen importlib._bootstrap_external>", line 995, in exec_module
  File "<frozen importlib._bootstrap>", line 488, in _call_with_frames_removed
  File "/opt/airflow/dags/example.py", line 4, in <module>
    from common.musinsa import *
ModuleNotFoundError: No module named 'common'
[2024-04-30T08:22:42.906+0000] {processor.py:842} WARNING - No viable dags retrieved from /opt/airflow/dags/example.py
[2024-04-30T08:22:42.951+0000] {processor.py:183} INFO - Processing /opt/airflow/dags/example.py took 0.076 seconds
[2024-04-30T08:23:13.092+0000] {processor.py:161} INFO - Started process (PID=92) to work on /opt/airflow/dags/example.py
[2024-04-30T08:23:13.094+0000] {processor.py:830} INFO - Processing file /opt/airflow/dags/example.py for tasks to queue
[2024-04-30T08:23:13.097+0000] {logging_mixin.py:188} INFO - [2024-04-30T08:23:13.096+0000] {dagbag.py:540} INFO - Filling up the DagBag from /opt/airflow/dags/example.py
[2024-04-30T08:23:13.101+0000] {logging_mixin.py:188} INFO - [2024-04-30T08:23:13.100+0000] {dagbag.py:350} ERROR - Failed to import: /opt/airflow/dags/example.py
Traceback (most recent call last):
  File "/home/airflow/.local/lib/python3.12/site-packages/airflow/models/dagbag.py", line 346, in parse
    loader.exec_module(new_module)
  File "<frozen importlib._bootstrap_external>", line 995, in exec_module
  File "<frozen importlib._bootstrap>", line 488, in _call_with_frames_removed
  File "/opt/airflow/dags/example.py", line 4, in <module>
    from common.musinsa import *
ModuleNotFoundError: No module named 'common'
[2024-04-30T08:23:13.102+0000] {processor.py:842} WARNING - No viable dags retrieved from /opt/airflow/dags/example.py
[2024-04-30T08:23:13.126+0000] {processor.py:183} INFO - Processing /opt/airflow/dags/example.py took 0.049 seconds
[2024-04-30T08:23:43.281+0000] {processor.py:161} INFO - Started process (PID=100) to work on /opt/airflow/dags/example.py
[2024-04-30T08:23:43.284+0000] {processor.py:830} INFO - Processing file /opt/airflow/dags/example.py for tasks to queue
[2024-04-30T08:23:43.286+0000] {logging_mixin.py:188} INFO - [2024-04-30T08:23:43.285+0000] {dagbag.py:540} INFO - Filling up the DagBag from /opt/airflow/dags/example.py
[2024-04-30T08:23:43.290+0000] {logging_mixin.py:188} INFO - [2024-04-30T08:23:43.289+0000] {dagbag.py:350} ERROR - Failed to import: /opt/airflow/dags/example.py
Traceback (most recent call last):
  File "/home/airflow/.local/lib/python3.12/site-packages/airflow/models/dagbag.py", line 346, in parse
    loader.exec_module(new_module)
  File "<frozen importlib._bootstrap_external>", line 995, in exec_module
  File "<frozen importlib._bootstrap>", line 488, in _call_with_frames_removed
  File "/opt/airflow/dags/example.py", line 4, in <module>
    from common.musinsa import *
ModuleNotFoundError: No module named 'common'
[2024-04-30T08:23:43.291+0000] {processor.py:842} WARNING - No viable dags retrieved from /opt/airflow/dags/example.py
[2024-04-30T08:23:43.320+0000] {processor.py:183} INFO - Processing /opt/airflow/dags/example.py took 0.047 seconds
[2024-04-30T08:38:45.131+0000] {processor.py:161} INFO - Started process (PID=42) to work on /opt/airflow/dags/example.py
[2024-04-30T08:38:45.138+0000] {processor.py:830} INFO - Processing file /opt/airflow/dags/example.py for tasks to queue
[2024-04-30T08:38:45.145+0000] {logging_mixin.py:188} INFO - [2024-04-30T08:38:45.144+0000] {dagbag.py:540} INFO - Filling up the DagBag from /opt/airflow/dags/example.py
[2024-04-30T08:38:45.179+0000] {logging_mixin.py:188} INFO - [2024-04-30T08:38:45.177+0000] {dagbag.py:350} ERROR - Failed to import: /opt/airflow/dags/example.py
Traceback (most recent call last):
  File "/home/airflow/.local/lib/python3.12/site-packages/airflow/models/dagbag.py", line 346, in parse
    loader.exec_module(new_module)
  File "<frozen importlib._bootstrap_external>", line 995, in exec_module
  File "<frozen importlib._bootstrap>", line 488, in _call_with_frames_removed
  File "/opt/airflow/dags/example.py", line 4, in <module>
    from common.musinsa import *
  File "/opt/airflow/plugins/common/musinsa.py", line 85
    goodsNo = item_info['goodsNo']
    ^^^^^^^
IndentationError: expected an indented block after function definition on line 83
[2024-04-30T08:38:45.180+0000] {processor.py:842} WARNING - No viable dags retrieved from /opt/airflow/dags/example.py
[2024-04-30T08:38:45.279+0000] {processor.py:183} INFO - Processing /opt/airflow/dags/example.py took 0.159 seconds
[2024-04-30T08:39:15.667+0000] {processor.py:161} INFO - Started process (PID=56) to work on /opt/airflow/dags/example.py
[2024-04-30T08:39:15.679+0000] {processor.py:830} INFO - Processing file /opt/airflow/dags/example.py for tasks to queue
[2024-04-30T08:39:15.691+0000] {logging_mixin.py:188} INFO - [2024-04-30T08:39:15.687+0000] {dagbag.py:540} INFO - Filling up the DagBag from /opt/airflow/dags/example.py
[2024-04-30T08:39:15.738+0000] {logging_mixin.py:188} INFO - [2024-04-30T08:39:15.727+0000] {dagbag.py:350} ERROR - Failed to import: /opt/airflow/dags/example.py
Traceback (most recent call last):
  File "/home/airflow/.local/lib/python3.12/site-packages/airflow/models/dagbag.py", line 346, in parse
    loader.exec_module(new_module)
  File "<frozen importlib._bootstrap_external>", line 995, in exec_module
  File "<frozen importlib._bootstrap>", line 488, in _call_with_frames_removed
  File "/opt/airflow/dags/example.py", line 4, in <module>
    from common.musinsa import *
  File "/opt/airflow/plugins/common/musinsa.py", line 85
    goodsNo = item_info['goodsNo']
    ^^^^^^^
IndentationError: expected an indented block after function definition on line 83
[2024-04-30T08:39:15.740+0000] {processor.py:842} WARNING - No viable dags retrieved from /opt/airflow/dags/example.py
[2024-04-30T08:39:15.815+0000] {processor.py:183} INFO - Processing /opt/airflow/dags/example.py took 0.217 seconds
[2024-04-30T08:39:46.139+0000] {processor.py:161} INFO - Started process (PID=65) to work on /opt/airflow/dags/example.py
[2024-04-30T08:39:46.143+0000] {processor.py:830} INFO - Processing file /opt/airflow/dags/example.py for tasks to queue
[2024-04-30T08:39:46.160+0000] {logging_mixin.py:188} INFO - [2024-04-30T08:39:46.159+0000] {dagbag.py:540} INFO - Filling up the DagBag from /opt/airflow/dags/example.py
[2024-04-30T08:39:46.181+0000] {logging_mixin.py:188} INFO - [2024-04-30T08:39:46.177+0000] {dagbag.py:350} ERROR - Failed to import: /opt/airflow/dags/example.py
Traceback (most recent call last):
  File "/home/airflow/.local/lib/python3.12/site-packages/airflow/models/dagbag.py", line 346, in parse
    loader.exec_module(new_module)
  File "<frozen importlib._bootstrap_external>", line 995, in exec_module
  File "<frozen importlib._bootstrap>", line 488, in _call_with_frames_removed
  File "/opt/airflow/dags/example.py", line 4, in <module>
    from common.musinsa import *
  File "/opt/airflow/plugins/common/musinsa.py", line 85
    goodsNo = item_info['goodsNo']
    ^^^^^^^
IndentationError: expected an indented block after function definition on line 83
[2024-04-30T08:39:46.182+0000] {processor.py:842} WARNING - No viable dags retrieved from /opt/airflow/dags/example.py
[2024-04-30T08:39:46.630+0000] {processor.py:183} INFO - Processing /opt/airflow/dags/example.py took 0.516 seconds
[2024-04-30T08:40:16.975+0000] {processor.py:161} INFO - Started process (PID=72) to work on /opt/airflow/dags/example.py
[2024-04-30T08:40:16.979+0000] {processor.py:830} INFO - Processing file /opt/airflow/dags/example.py for tasks to queue
[2024-04-30T08:40:16.993+0000] {logging_mixin.py:188} INFO - [2024-04-30T08:40:16.992+0000] {dagbag.py:540} INFO - Filling up the DagBag from /opt/airflow/dags/example.py
[2024-04-30T08:40:17.020+0000] {logging_mixin.py:188} INFO - [2024-04-30T08:40:17.012+0000] {dagbag.py:350} ERROR - Failed to import: /opt/airflow/dags/example.py
Traceback (most recent call last):
  File "/home/airflow/.local/lib/python3.12/site-packages/airflow/models/dagbag.py", line 346, in parse
    loader.exec_module(new_module)
  File "<frozen importlib._bootstrap_external>", line 995, in exec_module
  File "<frozen importlib._bootstrap>", line 488, in _call_with_frames_removed
  File "/opt/airflow/dags/example.py", line 4, in <module>
    from common.musinsa import *
  File "/opt/airflow/plugins/common/musinsa.py", line 85
    goodsNo = item_info['goodsNo']
    ^^^^^^^
IndentationError: expected an indented block after function definition on line 83
[2024-04-30T08:40:17.025+0000] {processor.py:842} WARNING - No viable dags retrieved from /opt/airflow/dags/example.py
[2024-04-30T08:40:17.107+0000] {processor.py:183} INFO - Processing /opt/airflow/dags/example.py took 0.178 seconds
[2024-04-30T08:40:47.430+0000] {processor.py:161} INFO - Started process (PID=80) to work on /opt/airflow/dags/example.py
[2024-04-30T08:40:47.443+0000] {processor.py:830} INFO - Processing file /opt/airflow/dags/example.py for tasks to queue
[2024-04-30T08:40:47.454+0000] {logging_mixin.py:188} INFO - [2024-04-30T08:40:47.452+0000] {dagbag.py:540} INFO - Filling up the DagBag from /opt/airflow/dags/example.py
[2024-04-30T08:40:47.493+0000] {logging_mixin.py:188} INFO - [2024-04-30T08:40:47.487+0000] {dagbag.py:350} ERROR - Failed to import: /opt/airflow/dags/example.py
Traceback (most recent call last):
  File "/home/airflow/.local/lib/python3.12/site-packages/airflow/models/dagbag.py", line 346, in parse
    loader.exec_module(new_module)
  File "<frozen importlib._bootstrap_external>", line 995, in exec_module
  File "<frozen importlib._bootstrap>", line 488, in _call_with_frames_removed
  File "/opt/airflow/dags/example.py", line 4, in <module>
    from common.musinsa import *
  File "/opt/airflow/plugins/common/musinsa.py", line 85
    goodsNo = item_info['goodsNo']
    ^^^^^^^
IndentationError: expected an indented block after function definition on line 83
[2024-04-30T08:40:47.495+0000] {processor.py:842} WARNING - No viable dags retrieved from /opt/airflow/dags/example.py
[2024-04-30T08:40:47.623+0000] {processor.py:183} INFO - Processing /opt/airflow/dags/example.py took 0.235 seconds
[2024-04-30T08:47:44.983+0000] {processor.py:161} INFO - Started process (PID=53) to work on /opt/airflow/dags/example.py
[2024-04-30T08:47:45.068+0000] {processor.py:830} INFO - Processing file /opt/airflow/dags/example.py for tasks to queue
[2024-04-30T08:47:45.377+0000] {logging_mixin.py:188} INFO - [2024-04-30T08:47:45.365+0000] {dagbag.py:540} INFO - Filling up the DagBag from /opt/airflow/dags/example.py
[2024-04-30T08:47:45.829+0000] {logging_mixin.py:188} INFO - [2024-04-30T08:47:45.788+0000] {dagbag.py:350} ERROR - Failed to import: /opt/airflow/dags/example.py
Traceback (most recent call last):
  File "/home/airflow/.local/lib/python3.12/site-packages/airflow/models/dagbag.py", line 346, in parse
    loader.exec_module(new_module)
  File "<frozen importlib._bootstrap_external>", line 995, in exec_module
  File "<frozen importlib._bootstrap>", line 488, in _call_with_frames_removed
  File "/opt/airflow/dags/example.py", line 4, in <module>
    from common.musinsa import *
  File "/opt/airflow/plugins/common/musinsa.py", line 185
    import pandas as pd
IndentationError: unexpected indent
[2024-04-30T08:47:45.830+0000] {processor.py:842} WARNING - No viable dags retrieved from /opt/airflow/dags/example.py
[2024-04-30T08:47:46.342+0000] {processor.py:183} INFO - Processing /opt/airflow/dags/example.py took 2.311 seconds
[2024-04-30T08:48:17.251+0000] {processor.py:161} INFO - Started process (PID=61) to work on /opt/airflow/dags/example.py
[2024-04-30T08:48:17.306+0000] {processor.py:830} INFO - Processing file /opt/airflow/dags/example.py for tasks to queue
[2024-04-30T08:48:17.341+0000] {logging_mixin.py:188} INFO - [2024-04-30T08:48:17.325+0000] {dagbag.py:540} INFO - Filling up the DagBag from /opt/airflow/dags/example.py
[2024-04-30T08:48:17.436+0000] {logging_mixin.py:188} INFO - [2024-04-30T08:48:17.432+0000] {dagbag.py:350} ERROR - Failed to import: /opt/airflow/dags/example.py
Traceback (most recent call last):
  File "/home/airflow/.local/lib/python3.12/site-packages/airflow/models/dagbag.py", line 346, in parse
    loader.exec_module(new_module)
  File "<frozen importlib._bootstrap_external>", line 995, in exec_module
  File "<frozen importlib._bootstrap>", line 488, in _call_with_frames_removed
  File "/opt/airflow/dags/example.py", line 4, in <module>
    from common.musinsa import *
  File "/opt/airflow/plugins/common/musinsa.py", line 185
    import pandas as pd
IndentationError: unexpected indent
[2024-04-30T08:48:17.439+0000] {processor.py:842} WARNING - No viable dags retrieved from /opt/airflow/dags/example.py
[2024-04-30T08:48:17.740+0000] {processor.py:183} INFO - Processing /opt/airflow/dags/example.py took 0.668 seconds
[2024-04-30T08:54:38.610+0000] {processor.py:161} INFO - Started process (PID=49) to work on /opt/airflow/dags/example.py
[2024-04-30T08:54:38.618+0000] {processor.py:830} INFO - Processing file /opt/airflow/dags/example.py for tasks to queue
[2024-04-30T08:54:38.623+0000] {logging_mixin.py:188} INFO - [2024-04-30T08:54:38.623+0000] {dagbag.py:540} INFO - Filling up the DagBag from /opt/airflow/dags/example.py
[2024-04-30T08:54:38.679+0000] {logging_mixin.py:188} INFO - [2024-04-30T08:54:38.677+0000] {dagbag.py:350} ERROR - Failed to import: /opt/airflow/dags/example.py
Traceback (most recent call last):
  File "/home/airflow/.local/lib/python3.12/site-packages/airflow/models/dagbag.py", line 346, in parse
    loader.exec_module(new_module)
  File "<frozen importlib._bootstrap_external>", line 995, in exec_module
  File "<frozen importlib._bootstrap>", line 488, in _call_with_frames_removed
  File "/opt/airflow/dags/example.py", line 4, in <module>
    from common.musinsa import *
  File "/opt/airflow/plugins/common/musinsa.py", line 185
    import pandas as pd
IndentationError: unexpected indent
[2024-04-30T08:54:38.681+0000] {processor.py:842} WARNING - No viable dags retrieved from /opt/airflow/dags/example.py
[2024-04-30T08:54:39.171+0000] {processor.py:183} INFO - Processing /opt/airflow/dags/example.py took 0.591 seconds
[2024-04-30T08:55:10.196+0000] {processor.py:161} INFO - Started process (PID=57) to work on /opt/airflow/dags/example.py
[2024-04-30T08:55:10.264+0000] {processor.py:830} INFO - Processing file /opt/airflow/dags/example.py for tasks to queue
[2024-04-30T08:55:10.518+0000] {logging_mixin.py:188} INFO - [2024-04-30T08:55:10.517+0000] {dagbag.py:540} INFO - Filling up the DagBag from /opt/airflow/dags/example.py
[2024-04-30T08:55:10.824+0000] {logging_mixin.py:188} INFO - [2024-04-30T08:55:10.720+0000] {dagbag.py:350} ERROR - Failed to import: /opt/airflow/dags/example.py
Traceback (most recent call last):
  File "/home/airflow/.local/lib/python3.12/site-packages/airflow/models/dagbag.py", line 346, in parse
    loader.exec_module(new_module)
  File "<frozen importlib._bootstrap_external>", line 995, in exec_module
  File "<frozen importlib._bootstrap>", line 488, in _call_with_frames_removed
  File "/opt/airflow/dags/example.py", line 4, in <module>
    from common.musinsa import *
  File "/opt/airflow/plugins/common/musinsa.py", line 185
    import pandas as pd
IndentationError: unexpected indent
[2024-04-30T08:55:10.827+0000] {processor.py:842} WARNING - No viable dags retrieved from /opt/airflow/dags/example.py
[2024-04-30T08:55:11.718+0000] {processor.py:183} INFO - Processing /opt/airflow/dags/example.py took 1.986 seconds
[2024-04-30T08:55:43.733+0000] {processor.py:161} INFO - Started process (PID=65) to work on /opt/airflow/dags/example.py
[2024-04-30T08:55:43.792+0000] {processor.py:830} INFO - Processing file /opt/airflow/dags/example.py for tasks to queue
[2024-04-30T08:55:43.912+0000] {logging_mixin.py:188} INFO - [2024-04-30T08:55:43.902+0000] {dagbag.py:540} INFO - Filling up the DagBag from /opt/airflow/dags/example.py
[2024-04-30T08:55:44.033+0000] {logging_mixin.py:188} INFO - [2024-04-30T08:55:44.016+0000] {dagbag.py:350} ERROR - Failed to import: /opt/airflow/dags/example.py
Traceback (most recent call last):
  File "/home/airflow/.local/lib/python3.12/site-packages/airflow/models/dagbag.py", line 346, in parse
    loader.exec_module(new_module)
  File "<frozen importlib._bootstrap_external>", line 995, in exec_module
  File "<frozen importlib._bootstrap>", line 488, in _call_with_frames_removed
  File "/opt/airflow/dags/example.py", line 4, in <module>
    from common.musinsa import *
  File "/opt/airflow/plugins/common/musinsa.py", line 185
    import pandas as pd
IndentationError: unexpected indent
[2024-04-30T08:55:44.035+0000] {processor.py:842} WARNING - No viable dags retrieved from /opt/airflow/dags/example.py
[2024-04-30T08:55:44.402+0000] {processor.py:183} INFO - Processing /opt/airflow/dags/example.py took 1.123 seconds
[2024-04-30T08:56:15.043+0000] {processor.py:161} INFO - Started process (PID=74) to work on /opt/airflow/dags/example.py
[2024-04-30T08:56:15.113+0000] {processor.py:830} INFO - Processing file /opt/airflow/dags/example.py for tasks to queue
[2024-04-30T08:56:15.215+0000] {logging_mixin.py:188} INFO - [2024-04-30T08:56:15.204+0000] {dagbag.py:540} INFO - Filling up the DagBag from /opt/airflow/dags/example.py
[2024-04-30T08:56:15.352+0000] {logging_mixin.py:188} INFO - [2024-04-30T08:56:15.343+0000] {dagbag.py:350} ERROR - Failed to import: /opt/airflow/dags/example.py
Traceback (most recent call last):
  File "/home/airflow/.local/lib/python3.12/site-packages/airflow/models/dagbag.py", line 346, in parse
    loader.exec_module(new_module)
  File "<frozen importlib._bootstrap_external>", line 995, in exec_module
  File "<frozen importlib._bootstrap>", line 488, in _call_with_frames_removed
  File "/opt/airflow/dags/example.py", line 4, in <module>
    from common.musinsa import *
  File "/opt/airflow/plugins/common/musinsa.py", line 185
    import pandas as pd
IndentationError: unexpected indent
[2024-04-30T08:56:15.354+0000] {processor.py:842} WARNING - No viable dags retrieved from /opt/airflow/dags/example.py
[2024-04-30T08:56:15.615+0000] {processor.py:183} INFO - Processing /opt/airflow/dags/example.py took 0.864 seconds
[2024-04-30T08:56:46.534+0000] {processor.py:161} INFO - Started process (PID=82) to work on /opt/airflow/dags/example.py
[2024-04-30T08:56:46.554+0000] {processor.py:830} INFO - Processing file /opt/airflow/dags/example.py for tasks to queue
[2024-04-30T08:56:46.641+0000] {logging_mixin.py:188} INFO - [2024-04-30T08:56:46.634+0000] {dagbag.py:540} INFO - Filling up the DagBag from /opt/airflow/dags/example.py
[2024-04-30T08:56:46.824+0000] {logging_mixin.py:188} INFO - [2024-04-30T08:56:46.809+0000] {dagbag.py:350} ERROR - Failed to import: /opt/airflow/dags/example.py
Traceback (most recent call last):
  File "/home/airflow/.local/lib/python3.12/site-packages/airflow/models/dagbag.py", line 346, in parse
    loader.exec_module(new_module)
  File "<frozen importlib._bootstrap_external>", line 995, in exec_module
  File "<frozen importlib._bootstrap>", line 488, in _call_with_frames_removed
  File "/opt/airflow/dags/example.py", line 4, in <module>
    from common.musinsa import *
  File "/opt/airflow/plugins/common/musinsa.py", line 185
    import pandas as pd
IndentationError: unexpected indent
[2024-04-30T08:56:46.834+0000] {processor.py:842} WARNING - No viable dags retrieved from /opt/airflow/dags/example.py
[2024-04-30T08:56:47.495+0000] {processor.py:183} INFO - Processing /opt/airflow/dags/example.py took 1.261 seconds
[2024-04-30T09:00:40.268+0000] {processor.py:161} INFO - Started process (PID=37) to work on /opt/airflow/dags/example.py
[2024-04-30T09:00:40.279+0000] {processor.py:830} INFO - Processing file /opt/airflow/dags/example.py for tasks to queue
[2024-04-30T09:00:40.299+0000] {logging_mixin.py:188} INFO - [2024-04-30T09:00:40.293+0000] {dagbag.py:540} INFO - Filling up the DagBag from /opt/airflow/dags/example.py
[2024-04-30T09:00:40.364+0000] {logging_mixin.py:188} INFO - [2024-04-30T09:00:40.353+0000] {dagbag.py:350} ERROR - Failed to import: /opt/airflow/dags/example.py
Traceback (most recent call last):
  File "/home/airflow/.local/lib/python3.12/site-packages/airflow/models/dagbag.py", line 346, in parse
    loader.exec_module(new_module)
  File "<frozen importlib._bootstrap_external>", line 995, in exec_module
  File "<frozen importlib._bootstrap>", line 488, in _call_with_frames_removed
  File "/opt/airflow/dags/example.py", line 4, in <module>
    from common.musinsa import *
  File "/opt/airflow/plugins/common/musinsa.py", line 185
    import pandas as pd
IndentationError: unexpected indent
[2024-04-30T09:00:40.367+0000] {processor.py:842} WARNING - No viable dags retrieved from /opt/airflow/dags/example.py
[2024-04-30T09:00:40.598+0000] {processor.py:183} INFO - Processing /opt/airflow/dags/example.py took 0.373 seconds
[2024-04-30T09:01:10.917+0000] {processor.py:161} INFO - Started process (PID=45) to work on /opt/airflow/dags/example.py
[2024-04-30T09:01:10.924+0000] {processor.py:830} INFO - Processing file /opt/airflow/dags/example.py for tasks to queue
[2024-04-30T09:01:10.949+0000] {logging_mixin.py:188} INFO - [2024-04-30T09:01:10.946+0000] {dagbag.py:540} INFO - Filling up the DagBag from /opt/airflow/dags/example.py
[2024-04-30T09:01:10.988+0000] {logging_mixin.py:188} INFO - [2024-04-30T09:01:10.983+0000] {dagbag.py:350} ERROR - Failed to import: /opt/airflow/dags/example.py
Traceback (most recent call last):
  File "/home/airflow/.local/lib/python3.12/site-packages/airflow/models/dagbag.py", line 346, in parse
    loader.exec_module(new_module)
  File "<frozen importlib._bootstrap_external>", line 995, in exec_module
  File "<frozen importlib._bootstrap>", line 488, in _call_with_frames_removed
  File "/opt/airflow/dags/example.py", line 4, in <module>
    from common.musinsa import *
  File "/opt/airflow/plugins/common/musinsa.py", line 185
    import pandas as pd
IndentationError: unexpected indent
[2024-04-30T09:01:10.990+0000] {processor.py:842} WARNING - No viable dags retrieved from /opt/airflow/dags/example.py
[2024-04-30T09:01:11.102+0000] {processor.py:183} INFO - Processing /opt/airflow/dags/example.py took 0.230 seconds
[2024-04-30T09:01:41.386+0000] {processor.py:161} INFO - Started process (PID=53) to work on /opt/airflow/dags/example.py
[2024-04-30T09:01:41.389+0000] {processor.py:830} INFO - Processing file /opt/airflow/dags/example.py for tasks to queue
[2024-04-30T09:01:41.395+0000] {logging_mixin.py:188} INFO - [2024-04-30T09:01:41.394+0000] {dagbag.py:540} INFO - Filling up the DagBag from /opt/airflow/dags/example.py
[2024-04-30T09:01:41.406+0000] {logging_mixin.py:188} INFO - [2024-04-30T09:01:41.404+0000] {dagbag.py:350} ERROR - Failed to import: /opt/airflow/dags/example.py
Traceback (most recent call last):
  File "/home/airflow/.local/lib/python3.12/site-packages/airflow/models/dagbag.py", line 346, in parse
    loader.exec_module(new_module)
  File "<frozen importlib._bootstrap_external>", line 995, in exec_module
  File "<frozen importlib._bootstrap>", line 488, in _call_with_frames_removed
  File "/opt/airflow/dags/example.py", line 4, in <module>
    from common.musinsa import *
  File "/opt/airflow/plugins/common/musinsa.py", line 185
    import pandas as pd
IndentationError: unexpected indent
[2024-04-30T09:01:41.407+0000] {processor.py:842} WARNING - No viable dags retrieved from /opt/airflow/dags/example.py
[2024-04-30T09:01:41.437+0000] {processor.py:183} INFO - Processing /opt/airflow/dags/example.py took 0.067 seconds
[2024-04-30T09:02:11.718+0000] {processor.py:161} INFO - Started process (PID=61) to work on /opt/airflow/dags/example.py
[2024-04-30T09:02:11.722+0000] {processor.py:830} INFO - Processing file /opt/airflow/dags/example.py for tasks to queue
[2024-04-30T09:02:11.728+0000] {logging_mixin.py:188} INFO - [2024-04-30T09:02:11.727+0000] {dagbag.py:540} INFO - Filling up the DagBag from /opt/airflow/dags/example.py
[2024-04-30T09:02:11.741+0000] {logging_mixin.py:188} INFO - [2024-04-30T09:02:11.738+0000] {dagbag.py:350} ERROR - Failed to import: /opt/airflow/dags/example.py
Traceback (most recent call last):
  File "/home/airflow/.local/lib/python3.12/site-packages/airflow/models/dagbag.py", line 346, in parse
    loader.exec_module(new_module)
  File "<frozen importlib._bootstrap_external>", line 995, in exec_module
  File "<frozen importlib._bootstrap>", line 488, in _call_with_frames_removed
  File "/opt/airflow/dags/example.py", line 4, in <module>
    from common.musinsa import *
  File "/opt/airflow/plugins/common/musinsa.py", line 185
    import pandas as pd
IndentationError: unexpected indent
[2024-04-30T09:02:11.743+0000] {processor.py:842} WARNING - No viable dags retrieved from /opt/airflow/dags/example.py
[2024-04-30T09:02:11.791+0000] {processor.py:183} INFO - Processing /opt/airflow/dags/example.py took 0.097 seconds
[2024-04-30T09:02:42.031+0000] {processor.py:161} INFO - Started process (PID=69) to work on /opt/airflow/dags/example.py
[2024-04-30T09:02:42.033+0000] {processor.py:830} INFO - Processing file /opt/airflow/dags/example.py for tasks to queue
[2024-04-30T09:02:42.039+0000] {logging_mixin.py:188} INFO - [2024-04-30T09:02:42.038+0000] {dagbag.py:540} INFO - Filling up the DagBag from /opt/airflow/dags/example.py
[2024-04-30T09:02:42.052+0000] {logging_mixin.py:188} INFO - [2024-04-30T09:02:42.050+0000] {dagbag.py:350} ERROR - Failed to import: /opt/airflow/dags/example.py
Traceback (most recent call last):
  File "/home/airflow/.local/lib/python3.12/site-packages/airflow/models/dagbag.py", line 346, in parse
    loader.exec_module(new_module)
  File "<frozen importlib._bootstrap_external>", line 995, in exec_module
  File "<frozen importlib._bootstrap>", line 488, in _call_with_frames_removed
  File "/opt/airflow/dags/example.py", line 4, in <module>
    from common.musinsa import *
  File "/opt/airflow/plugins/common/musinsa.py", line 185
    import pandas as pd
IndentationError: unexpected indent
[2024-04-30T09:02:42.053+0000] {processor.py:842} WARNING - No viable dags retrieved from /opt/airflow/dags/example.py
[2024-04-30T09:02:42.095+0000] {processor.py:183} INFO - Processing /opt/airflow/dags/example.py took 0.083 seconds
[2024-04-30T09:05:26.664+0000] {processor.py:161} INFO - Started process (PID=38) to work on /opt/airflow/dags/example.py
[2024-04-30T09:05:26.669+0000] {processor.py:830} INFO - Processing file /opt/airflow/dags/example.py for tasks to queue
[2024-04-30T09:05:26.680+0000] {logging_mixin.py:188} INFO - [2024-04-30T09:05:26.679+0000] {dagbag.py:540} INFO - Filling up the DagBag from /opt/airflow/dags/example.py
[2024-04-30T09:05:26.755+0000] {logging_mixin.py:188} INFO - [2024-04-30T09:05:26.751+0000] {dagbag.py:350} ERROR - Failed to import: /opt/airflow/dags/example.py
Traceback (most recent call last):
  File "/home/airflow/.local/lib/python3.12/site-packages/airflow/models/dagbag.py", line 346, in parse
    loader.exec_module(new_module)
  File "<frozen importlib._bootstrap_external>", line 995, in exec_module
  File "<frozen importlib._bootstrap>", line 488, in _call_with_frames_removed
  File "/opt/airflow/dags/example.py", line 4, in <module>
    from common.musinsa import *
  File "/opt/airflow/plugins/common/musinsa.py", line 185
    import pandas as pd
IndentationError: unexpected indent
[2024-04-30T09:05:26.757+0000] {processor.py:842} WARNING - No viable dags retrieved from /opt/airflow/dags/example.py
[2024-04-30T09:05:26.871+0000] {processor.py:183} INFO - Processing /opt/airflow/dags/example.py took 0.235 seconds
[2024-04-30T09:05:57.153+0000] {processor.py:161} INFO - Started process (PID=46) to work on /opt/airflow/dags/example.py
[2024-04-30T09:05:57.156+0000] {processor.py:830} INFO - Processing file /opt/airflow/dags/example.py for tasks to queue
[2024-04-30T09:05:57.160+0000] {logging_mixin.py:188} INFO - [2024-04-30T09:05:57.159+0000] {dagbag.py:540} INFO - Filling up the DagBag from /opt/airflow/dags/example.py
[2024-04-30T09:05:57.170+0000] {logging_mixin.py:188} INFO - [2024-04-30T09:05:57.168+0000] {dagbag.py:350} ERROR - Failed to import: /opt/airflow/dags/example.py
Traceback (most recent call last):
  File "/home/airflow/.local/lib/python3.12/site-packages/airflow/models/dagbag.py", line 346, in parse
    loader.exec_module(new_module)
  File "<frozen importlib._bootstrap_external>", line 995, in exec_module
  File "<frozen importlib._bootstrap>", line 488, in _call_with_frames_removed
  File "/opt/airflow/dags/example.py", line 4, in <module>
    from common.musinsa import *
  File "/opt/airflow/plugins/common/musinsa.py", line 185
    import pandas as pd
IndentationError: unexpected indent
[2024-04-30T09:05:57.171+0000] {processor.py:842} WARNING - No viable dags retrieved from /opt/airflow/dags/example.py
[2024-04-30T09:05:57.201+0000] {processor.py:183} INFO - Processing /opt/airflow/dags/example.py took 0.059 seconds
[2024-04-30T09:06:27.443+0000] {processor.py:161} INFO - Started process (PID=54) to work on /opt/airflow/dags/example.py
[2024-04-30T09:06:27.445+0000] {processor.py:830} INFO - Processing file /opt/airflow/dags/example.py for tasks to queue
[2024-04-30T09:06:27.450+0000] {logging_mixin.py:188} INFO - [2024-04-30T09:06:27.449+0000] {dagbag.py:540} INFO - Filling up the DagBag from /opt/airflow/dags/example.py
[2024-04-30T09:06:27.478+0000] {logging_mixin.py:188} INFO - [2024-04-30T09:06:27.468+0000] {dagbag.py:350} ERROR - Failed to import: /opt/airflow/dags/example.py
Traceback (most recent call last):
  File "/home/airflow/.local/lib/python3.12/site-packages/airflow/models/dagbag.py", line 346, in parse
    loader.exec_module(new_module)
  File "<frozen importlib._bootstrap_external>", line 995, in exec_module
  File "<frozen importlib._bootstrap>", line 488, in _call_with_frames_removed
  File "/opt/airflow/dags/example.py", line 4, in <module>
    from common.musinsa import *
  File "/opt/airflow/plugins/common/musinsa.py", line 185
    import pandas as pd
IndentationError: unexpected indent
[2024-04-30T09:06:27.481+0000] {processor.py:842} WARNING - No viable dags retrieved from /opt/airflow/dags/example.py
[2024-04-30T09:06:27.543+0000] {processor.py:183} INFO - Processing /opt/airflow/dags/example.py took 0.112 seconds
[2024-04-30T09:06:57.854+0000] {processor.py:161} INFO - Started process (PID=62) to work on /opt/airflow/dags/example.py
[2024-04-30T09:06:57.858+0000] {processor.py:830} INFO - Processing file /opt/airflow/dags/example.py for tasks to queue
[2024-04-30T09:06:57.864+0000] {logging_mixin.py:188} INFO - [2024-04-30T09:06:57.863+0000] {dagbag.py:540} INFO - Filling up the DagBag from /opt/airflow/dags/example.py
[2024-04-30T09:06:57.882+0000] {logging_mixin.py:188} INFO - [2024-04-30T09:06:57.879+0000] {dagbag.py:350} ERROR - Failed to import: /opt/airflow/dags/example.py
Traceback (most recent call last):
  File "/home/airflow/.local/lib/python3.12/site-packages/airflow/models/dagbag.py", line 346, in parse
    loader.exec_module(new_module)
  File "<frozen importlib._bootstrap_external>", line 995, in exec_module
  File "<frozen importlib._bootstrap>", line 488, in _call_with_frames_removed
  File "/opt/airflow/dags/example.py", line 4, in <module>
    from common.musinsa import *
  File "/opt/airflow/plugins/common/musinsa.py", line 185
    import pandas as pd
IndentationError: unexpected indent
[2024-04-30T09:06:57.884+0000] {processor.py:842} WARNING - No viable dags retrieved from /opt/airflow/dags/example.py
[2024-04-30T09:06:57.937+0000] {processor.py:183} INFO - Processing /opt/airflow/dags/example.py took 0.101 seconds
[2024-04-30T09:07:28.232+0000] {processor.py:161} INFO - Started process (PID=70) to work on /opt/airflow/dags/example.py
[2024-04-30T09:07:28.234+0000] {processor.py:830} INFO - Processing file /opt/airflow/dags/example.py for tasks to queue
[2024-04-30T09:07:28.238+0000] {logging_mixin.py:188} INFO - [2024-04-30T09:07:28.238+0000] {dagbag.py:540} INFO - Filling up the DagBag from /opt/airflow/dags/example.py
[2024-04-30T09:07:28.250+0000] {logging_mixin.py:188} INFO - [2024-04-30T09:07:28.248+0000] {dagbag.py:350} ERROR - Failed to import: /opt/airflow/dags/example.py
Traceback (most recent call last):
  File "/home/airflow/.local/lib/python3.12/site-packages/airflow/models/dagbag.py", line 346, in parse
    loader.exec_module(new_module)
  File "<frozen importlib._bootstrap_external>", line 995, in exec_module
  File "<frozen importlib._bootstrap>", line 488, in _call_with_frames_removed
  File "/opt/airflow/dags/example.py", line 4, in <module>
    from common.musinsa import *
  File "/opt/airflow/plugins/common/musinsa.py", line 185
    import pandas as pd
IndentationError: unexpected indent
[2024-04-30T09:07:28.251+0000] {processor.py:842} WARNING - No viable dags retrieved from /opt/airflow/dags/example.py
[2024-04-30T09:07:28.297+0000] {processor.py:183} INFO - Processing /opt/airflow/dags/example.py took 0.082 seconds
[2024-04-30T09:07:58.581+0000] {processor.py:161} INFO - Started process (PID=79) to work on /opt/airflow/dags/example.py
[2024-04-30T09:07:58.584+0000] {processor.py:830} INFO - Processing file /opt/airflow/dags/example.py for tasks to queue
[2024-04-30T09:07:58.589+0000] {logging_mixin.py:188} INFO - [2024-04-30T09:07:58.588+0000] {dagbag.py:540} INFO - Filling up the DagBag from /opt/airflow/dags/example.py
[2024-04-30T09:07:58.604+0000] {logging_mixin.py:188} INFO - [2024-04-30T09:07:58.600+0000] {dagbag.py:350} ERROR - Failed to import: /opt/airflow/dags/example.py
Traceback (most recent call last):
  File "/home/airflow/.local/lib/python3.12/site-packages/airflow/models/dagbag.py", line 346, in parse
    loader.exec_module(new_module)
  File "<frozen importlib._bootstrap_external>", line 995, in exec_module
  File "<frozen importlib._bootstrap>", line 488, in _call_with_frames_removed
  File "/opt/airflow/dags/example.py", line 4, in <module>
    from common.musinsa import *
  File "/opt/airflow/plugins/common/musinsa.py", line 185
    import pandas as pd
IndentationError: unexpected indent
[2024-04-30T09:07:58.607+0000] {processor.py:842} WARNING - No viable dags retrieved from /opt/airflow/dags/example.py
[2024-04-30T09:07:58.660+0000] {processor.py:183} INFO - Processing /opt/airflow/dags/example.py took 0.098 seconds
[2024-04-30T09:08:28.917+0000] {processor.py:161} INFO - Started process (PID=87) to work on /opt/airflow/dags/example.py
[2024-04-30T09:08:28.920+0000] {processor.py:830} INFO - Processing file /opt/airflow/dags/example.py for tasks to queue
[2024-04-30T09:08:28.923+0000] {logging_mixin.py:188} INFO - [2024-04-30T09:08:28.923+0000] {dagbag.py:540} INFO - Filling up the DagBag from /opt/airflow/dags/example.py
[2024-04-30T09:08:28.933+0000] {logging_mixin.py:188} INFO - [2024-04-30T09:08:28.931+0000] {dagbag.py:350} ERROR - Failed to import: /opt/airflow/dags/example.py
Traceback (most recent call last):
  File "/home/airflow/.local/lib/python3.12/site-packages/airflow/models/dagbag.py", line 346, in parse
    loader.exec_module(new_module)
  File "<frozen importlib._bootstrap_external>", line 995, in exec_module
  File "<frozen importlib._bootstrap>", line 488, in _call_with_frames_removed
  File "/opt/airflow/dags/example.py", line 4, in <module>
    from common.musinsa import *
  File "/opt/airflow/plugins/common/musinsa.py", line 185
    import pandas as pd
IndentationError: unexpected indent
[2024-04-30T09:08:28.934+0000] {processor.py:842} WARNING - No viable dags retrieved from /opt/airflow/dags/example.py
[2024-04-30T09:08:28.964+0000] {processor.py:183} INFO - Processing /opt/airflow/dags/example.py took 0.056 seconds
[2024-04-30T09:08:59.257+0000] {processor.py:161} INFO - Started process (PID=95) to work on /opt/airflow/dags/example.py
[2024-04-30T09:08:59.260+0000] {processor.py:830} INFO - Processing file /opt/airflow/dags/example.py for tasks to queue
[2024-04-30T09:08:59.266+0000] {logging_mixin.py:188} INFO - [2024-04-30T09:08:59.264+0000] {dagbag.py:540} INFO - Filling up the DagBag from /opt/airflow/dags/example.py
[2024-04-30T09:08:59.281+0000] {logging_mixin.py:188} INFO - [2024-04-30T09:08:59.279+0000] {dagbag.py:350} ERROR - Failed to import: /opt/airflow/dags/example.py
Traceback (most recent call last):
  File "/home/airflow/.local/lib/python3.12/site-packages/airflow/models/dagbag.py", line 346, in parse
    loader.exec_module(new_module)
  File "<frozen importlib._bootstrap_external>", line 995, in exec_module
  File "<frozen importlib._bootstrap>", line 488, in _call_with_frames_removed
  File "/opt/airflow/dags/example.py", line 4, in <module>
    from common.musinsa import *
  File "/opt/airflow/plugins/common/musinsa.py", line 185
    import pandas as pd
IndentationError: unexpected indent
[2024-04-30T09:08:59.282+0000] {processor.py:842} WARNING - No viable dags retrieved from /opt/airflow/dags/example.py
[2024-04-30T09:08:59.322+0000] {processor.py:183} INFO - Processing /opt/airflow/dags/example.py took 0.083 seconds
[2024-04-30T09:09:29.562+0000] {processor.py:161} INFO - Started process (PID=103) to work on /opt/airflow/dags/example.py
[2024-04-30T09:09:29.566+0000] {processor.py:830} INFO - Processing file /opt/airflow/dags/example.py for tasks to queue
[2024-04-30T09:09:29.576+0000] {logging_mixin.py:188} INFO - [2024-04-30T09:09:29.574+0000] {dagbag.py:540} INFO - Filling up the DagBag from /opt/airflow/dags/example.py
[2024-04-30T09:09:29.602+0000] {logging_mixin.py:188} INFO - [2024-04-30T09:09:29.598+0000] {dagbag.py:350} ERROR - Failed to import: /opt/airflow/dags/example.py
Traceback (most recent call last):
  File "/home/airflow/.local/lib/python3.12/site-packages/airflow/models/dagbag.py", line 346, in parse
    loader.exec_module(new_module)
  File "<frozen importlib._bootstrap_external>", line 995, in exec_module
  File "<frozen importlib._bootstrap>", line 488, in _call_with_frames_removed
  File "/opt/airflow/dags/example.py", line 4, in <module>
    from common.musinsa import *
  File "/opt/airflow/plugins/common/musinsa.py", line 185
    import pandas as pd
IndentationError: unexpected indent
[2024-04-30T09:09:29.604+0000] {processor.py:842} WARNING - No viable dags retrieved from /opt/airflow/dags/example.py
[2024-04-30T09:09:29.675+0000] {processor.py:183} INFO - Processing /opt/airflow/dags/example.py took 0.143 seconds
[2024-04-30T09:09:59.956+0000] {processor.py:161} INFO - Started process (PID=111) to work on /opt/airflow/dags/example.py
[2024-04-30T09:09:59.959+0000] {processor.py:830} INFO - Processing file /opt/airflow/dags/example.py for tasks to queue
[2024-04-30T09:09:59.965+0000] {logging_mixin.py:188} INFO - [2024-04-30T09:09:59.964+0000] {dagbag.py:540} INFO - Filling up the DagBag from /opt/airflow/dags/example.py
[2024-04-30T09:09:59.991+0000] {logging_mixin.py:188} INFO - [2024-04-30T09:09:59.987+0000] {dagbag.py:350} ERROR - Failed to import: /opt/airflow/dags/example.py
Traceback (most recent call last):
  File "/home/airflow/.local/lib/python3.12/site-packages/airflow/models/dagbag.py", line 346, in parse
    loader.exec_module(new_module)
  File "<frozen importlib._bootstrap_external>", line 995, in exec_module
  File "<frozen importlib._bootstrap>", line 488, in _call_with_frames_removed
  File "/opt/airflow/dags/example.py", line 4, in <module>
    from common.musinsa import *
  File "/opt/airflow/plugins/common/musinsa.py", line 185
    import pandas as pd
IndentationError: unexpected indent
[2024-04-30T09:09:59.993+0000] {processor.py:842} WARNING - No viable dags retrieved from /opt/airflow/dags/example.py
[2024-04-30T09:10:00.084+0000] {processor.py:183} INFO - Processing /opt/airflow/dags/example.py took 0.151 seconds
[2024-04-30T09:10:30.462+0000] {processor.py:161} INFO - Started process (PID=119) to work on /opt/airflow/dags/example.py
[2024-04-30T09:10:30.465+0000] {processor.py:830} INFO - Processing file /opt/airflow/dags/example.py for tasks to queue
[2024-04-30T09:10:30.478+0000] {logging_mixin.py:188} INFO - [2024-04-30T09:10:30.477+0000] {dagbag.py:540} INFO - Filling up the DagBag from /opt/airflow/dags/example.py
[2024-04-30T09:10:30.501+0000] {logging_mixin.py:188} INFO - [2024-04-30T09:10:30.498+0000] {dagbag.py:350} ERROR - Failed to import: /opt/airflow/dags/example.py
Traceback (most recent call last):
  File "/home/airflow/.local/lib/python3.12/site-packages/airflow/models/dagbag.py", line 346, in parse
    loader.exec_module(new_module)
  File "<frozen importlib._bootstrap_external>", line 995, in exec_module
  File "<frozen importlib._bootstrap>", line 488, in _call_with_frames_removed
  File "/opt/airflow/dags/example.py", line 4, in <module>
    from common.musinsa import *
  File "/opt/airflow/plugins/common/musinsa.py", line 185
    import pandas as pd
IndentationError: unexpected indent
[2024-04-30T09:10:30.502+0000] {processor.py:842} WARNING - No viable dags retrieved from /opt/airflow/dags/example.py
[2024-04-30T09:10:30.577+0000] {processor.py:183} INFO - Processing /opt/airflow/dags/example.py took 0.139 seconds
[2024-04-30T09:11:00.881+0000] {processor.py:161} INFO - Started process (PID=127) to work on /opt/airflow/dags/example.py
[2024-04-30T09:11:00.883+0000] {processor.py:830} INFO - Processing file /opt/airflow/dags/example.py for tasks to queue
[2024-04-30T09:11:00.888+0000] {logging_mixin.py:188} INFO - [2024-04-30T09:11:00.888+0000] {dagbag.py:540} INFO - Filling up the DagBag from /opt/airflow/dags/example.py
[2024-04-30T09:11:00.907+0000] {logging_mixin.py:188} INFO - [2024-04-30T09:11:00.904+0000] {dagbag.py:350} ERROR - Failed to import: /opt/airflow/dags/example.py
Traceback (most recent call last):
  File "/home/airflow/.local/lib/python3.12/site-packages/airflow/models/dagbag.py", line 346, in parse
    loader.exec_module(new_module)
  File "<frozen importlib._bootstrap_external>", line 995, in exec_module
  File "<frozen importlib._bootstrap>", line 488, in _call_with_frames_removed
  File "/opt/airflow/dags/example.py", line 4, in <module>
    from common.musinsa import *
  File "/opt/airflow/plugins/common/musinsa.py", line 185
    import pandas as pd
IndentationError: unexpected indent
[2024-04-30T09:11:00.908+0000] {processor.py:842} WARNING - No viable dags retrieved from /opt/airflow/dags/example.py
[2024-04-30T09:11:00.967+0000] {processor.py:183} INFO - Processing /opt/airflow/dags/example.py took 0.121 seconds
[2024-04-30T09:11:31.104+0000] {processor.py:161} INFO - Started process (PID=135) to work on /opt/airflow/dags/example.py
[2024-04-30T09:11:31.107+0000] {processor.py:830} INFO - Processing file /opt/airflow/dags/example.py for tasks to queue
[2024-04-30T09:11:31.112+0000] {logging_mixin.py:188} INFO - [2024-04-30T09:11:31.111+0000] {dagbag.py:540} INFO - Filling up the DagBag from /opt/airflow/dags/example.py
[2024-04-30T09:11:31.124+0000] {logging_mixin.py:188} INFO - [2024-04-30T09:11:31.121+0000] {dagbag.py:350} ERROR - Failed to import: /opt/airflow/dags/example.py
Traceback (most recent call last):
  File "/home/airflow/.local/lib/python3.12/site-packages/airflow/models/dagbag.py", line 346, in parse
    loader.exec_module(new_module)
  File "<frozen importlib._bootstrap_external>", line 995, in exec_module
  File "<frozen importlib._bootstrap>", line 488, in _call_with_frames_removed
  File "/opt/airflow/dags/example.py", line 4, in <module>
    from common.musinsa import *
  File "/opt/airflow/plugins/common/musinsa.py", line 185
    import pandas as pd
IndentationError: unexpected indent
[2024-04-30T09:11:31.125+0000] {processor.py:842} WARNING - No viable dags retrieved from /opt/airflow/dags/example.py
[2024-04-30T09:11:31.159+0000] {processor.py:183} INFO - Processing /opt/airflow/dags/example.py took 0.066 seconds
[2024-04-30T09:12:01.404+0000] {processor.py:161} INFO - Started process (PID=143) to work on /opt/airflow/dags/example.py
[2024-04-30T09:12:01.408+0000] {processor.py:830} INFO - Processing file /opt/airflow/dags/example.py for tasks to queue
[2024-04-30T09:12:01.414+0000] {logging_mixin.py:188} INFO - [2024-04-30T09:12:01.413+0000] {dagbag.py:540} INFO - Filling up the DagBag from /opt/airflow/dags/example.py
[2024-04-30T09:12:01.436+0000] {logging_mixin.py:188} INFO - [2024-04-30T09:12:01.433+0000] {dagbag.py:350} ERROR - Failed to import: /opt/airflow/dags/example.py
Traceback (most recent call last):
  File "/home/airflow/.local/lib/python3.12/site-packages/airflow/models/dagbag.py", line 346, in parse
    loader.exec_module(new_module)
  File "<frozen importlib._bootstrap_external>", line 995, in exec_module
  File "<frozen importlib._bootstrap>", line 488, in _call_with_frames_removed
  File "/opt/airflow/dags/example.py", line 4, in <module>
    from common.musinsa import *
  File "/opt/airflow/plugins/common/musinsa.py", line 185
    import pandas as pd
IndentationError: unexpected indent
[2024-04-30T09:12:01.438+0000] {processor.py:842} WARNING - No viable dags retrieved from /opt/airflow/dags/example.py
[2024-04-30T09:12:01.488+0000] {processor.py:183} INFO - Processing /opt/airflow/dags/example.py took 0.102 seconds
[2024-04-30T09:12:31.816+0000] {processor.py:161} INFO - Started process (PID=151) to work on /opt/airflow/dags/example.py
[2024-04-30T09:12:31.820+0000] {processor.py:830} INFO - Processing file /opt/airflow/dags/example.py for tasks to queue
[2024-04-30T09:12:31.828+0000] {logging_mixin.py:188} INFO - [2024-04-30T09:12:31.826+0000] {dagbag.py:540} INFO - Filling up the DagBag from /opt/airflow/dags/example.py
[2024-04-30T09:12:32.036+0000] {processor.py:840} INFO - DAG(s) 'mysql_save' retrieved from /opt/airflow/dags/example.py
[2024-04-30T09:12:33.088+0000] {logging_mixin.py:188} INFO - [2024-04-30T09:12:33.087+0000] {dag.py:3096} INFO - Sync 1 DAGs
[2024-04-30T09:12:33.164+0000] {logging_mixin.py:188} INFO - [2024-04-30T09:12:33.163+0000] {dag.py:3954} INFO - Setting next_dagrun for mysql_save to 2024-04-29 00:00:00+00:00, run_after=2024-04-30 00:00:00+00:00
[2024-04-30T09:12:33.233+0000] {processor.py:183} INFO - Processing /opt/airflow/dags/example.py took 1.447 seconds
[2024-04-30T09:18:05.532+0000] {processor.py:161} INFO - Started process (PID=36) to work on /opt/airflow/dags/example.py
[2024-04-30T09:18:05.533+0000] {processor.py:830} INFO - Processing file /opt/airflow/dags/example.py for tasks to queue
[2024-04-30T09:18:05.538+0000] {logging_mixin.py:188} INFO - [2024-04-30T09:18:05.537+0000] {dagbag.py:540} INFO - Filling up the DagBag from /opt/airflow/dags/example.py
[2024-04-30T09:18:05.606+0000] {processor.py:840} INFO - DAG(s) 'mysql_save' retrieved from /opt/airflow/dags/example.py
[2024-04-30T09:18:06.137+0000] {logging_mixin.py:188} INFO - [2024-04-30T09:18:06.137+0000] {dag.py:3096} INFO - Sync 1 DAGs
[2024-04-30T09:18:06.194+0000] {logging_mixin.py:188} INFO - [2024-04-30T09:18:06.193+0000] {dag.py:3954} INFO - Setting next_dagrun for mysql_save to 2024-04-30 00:00:00+00:00, run_after=2024-05-01 00:00:00+00:00
[2024-04-30T09:18:06.229+0000] {processor.py:183} INFO - Processing /opt/airflow/dags/example.py took 0.711 seconds
[2024-04-30T09:18:15.728+0000] {processor.py:161} INFO - Started process (PID=44) to work on /opt/airflow/dags/example.py
[2024-04-30T09:18:15.731+0000] {processor.py:830} INFO - Processing file /opt/airflow/dags/example.py for tasks to queue
[2024-04-30T09:18:15.746+0000] {logging_mixin.py:188} INFO - [2024-04-30T09:18:15.745+0000] {dagbag.py:540} INFO - Filling up the DagBag from /opt/airflow/dags/example.py
[2024-04-30T09:18:15.770+0000] {processor.py:840} INFO - DAG(s) 'mysql_save' retrieved from /opt/airflow/dags/example.py
[2024-04-30T09:18:15.832+0000] {logging_mixin.py:188} INFO - [2024-04-30T09:18:15.831+0000] {taskinstance.py:2892} ERROR - {'DAG Id': 'mysql_save', 'Task Id': 'fetch_item_info', 'Run Id': 'scheduled__2024-04-29T00:00:00+00:00', 'Hostname': 'a9c31d450e4e', 'External Executor Id': '60635060-3718-4c3e-89e8-5b8bd9f6aaad'}
[2024-04-30T09:18:15.873+0000] {logging_mixin.py:188} INFO - [2024-04-30T09:18:15.872+0000] {taskinstance.py:1205} INFO - Marking task as UP_FOR_RETRY. dag_id=mysql_save, task_id=fetch_item_info, execution_date=20240429T000000, start_date=20240430T091240, end_date=20240430T091815
[2024-04-30T09:18:15.896+0000] {processor.py:791} INFO - Executed failure callback for <TaskInstance: mysql_save.fetch_item_info scheduled__2024-04-29T00:00:00+00:00 [up_for_retry]> in state up_for_retry
[2024-04-30T09:18:15.906+0000] {logging_mixin.py:188} INFO - [2024-04-30T09:18:15.905+0000] {dag.py:3096} INFO - Sync 1 DAGs
[2024-04-30T09:18:15.949+0000] {logging_mixin.py:188} INFO - [2024-04-30T09:18:15.948+0000] {dag.py:3954} INFO - Setting next_dagrun for mysql_save to 2024-04-30 00:00:00+00:00, run_after=2024-05-01 00:00:00+00:00
[2024-04-30T09:18:15.979+0000] {processor.py:183} INFO - Processing /opt/airflow/dags/example.py took 0.263 seconds
[2024-04-30T09:18:46.146+0000] {processor.py:161} INFO - Started process (PID=52) to work on /opt/airflow/dags/example.py
[2024-04-30T09:18:46.149+0000] {processor.py:830} INFO - Processing file /opt/airflow/dags/example.py for tasks to queue
[2024-04-30T09:18:46.154+0000] {logging_mixin.py:188} INFO - [2024-04-30T09:18:46.153+0000] {dagbag.py:540} INFO - Filling up the DagBag from /opt/airflow/dags/example.py
[2024-04-30T09:18:46.192+0000] {processor.py:840} INFO - DAG(s) 'mysql_save' retrieved from /opt/airflow/dags/example.py
[2024-04-30T09:18:46.274+0000] {logging_mixin.py:188} INFO - [2024-04-30T09:18:46.274+0000] {dag.py:3096} INFO - Sync 1 DAGs
[2024-04-30T09:18:46.358+0000] {logging_mixin.py:188} INFO - [2024-04-30T09:18:46.357+0000] {dag.py:3954} INFO - Setting next_dagrun for mysql_save to 2024-04-30 00:00:00+00:00, run_after=2024-05-01 00:00:00+00:00
[2024-04-30T09:18:46.425+0000] {processor.py:183} INFO - Processing /opt/airflow/dags/example.py took 0.300 seconds
[2024-04-30T09:19:16.513+0000] {processor.py:161} INFO - Started process (PID=60) to work on /opt/airflow/dags/example.py
[2024-04-30T09:19:16.515+0000] {processor.py:830} INFO - Processing file /opt/airflow/dags/example.py for tasks to queue
[2024-04-30T09:19:16.520+0000] {logging_mixin.py:188} INFO - [2024-04-30T09:19:16.519+0000] {dagbag.py:540} INFO - Filling up the DagBag from /opt/airflow/dags/example.py
[2024-04-30T09:19:16.550+0000] {processor.py:840} INFO - DAG(s) 'mysql_save' retrieved from /opt/airflow/dags/example.py
[2024-04-30T09:19:16.604+0000] {logging_mixin.py:188} INFO - [2024-04-30T09:19:16.603+0000] {dag.py:3096} INFO - Sync 1 DAGs
[2024-04-30T09:19:16.688+0000] {logging_mixin.py:188} INFO - [2024-04-30T09:19:16.687+0000] {dag.py:3954} INFO - Setting next_dagrun for mysql_save to 2024-04-30 00:00:00+00:00, run_after=2024-05-01 00:00:00+00:00
[2024-04-30T09:19:16.779+0000] {processor.py:183} INFO - Processing /opt/airflow/dags/example.py took 0.285 seconds
[2024-04-30T09:19:46.886+0000] {processor.py:161} INFO - Started process (PID=68) to work on /opt/airflow/dags/example.py
[2024-04-30T09:19:46.889+0000] {processor.py:830} INFO - Processing file /opt/airflow/dags/example.py for tasks to queue
[2024-04-30T09:19:46.895+0000] {logging_mixin.py:188} INFO - [2024-04-30T09:19:46.894+0000] {dagbag.py:540} INFO - Filling up the DagBag from /opt/airflow/dags/example.py
[2024-04-30T09:19:46.972+0000] {processor.py:840} INFO - DAG(s) 'mysql_save' retrieved from /opt/airflow/dags/example.py
[2024-04-30T09:19:47.076+0000] {logging_mixin.py:188} INFO - [2024-04-30T09:19:47.074+0000] {dag.py:3096} INFO - Sync 1 DAGs
[2024-04-30T09:19:47.180+0000] {logging_mixin.py:188} INFO - [2024-04-30T09:19:47.180+0000] {dag.py:3954} INFO - Setting next_dagrun for mysql_save to 2024-04-30 00:00:00+00:00, run_after=2024-05-01 00:00:00+00:00
[2024-04-30T09:19:47.229+0000] {processor.py:183} INFO - Processing /opt/airflow/dags/example.py took 0.370 seconds
[2024-04-30T09:20:17.293+0000] {processor.py:161} INFO - Started process (PID=76) to work on /opt/airflow/dags/example.py
[2024-04-30T09:20:17.298+0000] {processor.py:830} INFO - Processing file /opt/airflow/dags/example.py for tasks to queue
[2024-04-30T09:20:17.304+0000] {logging_mixin.py:188} INFO - [2024-04-30T09:20:17.303+0000] {dagbag.py:540} INFO - Filling up the DagBag from /opt/airflow/dags/example.py
[2024-04-30T09:20:17.336+0000] {processor.py:840} INFO - DAG(s) 'mysql_save' retrieved from /opt/airflow/dags/example.py
[2024-04-30T09:20:17.394+0000] {logging_mixin.py:188} INFO - [2024-04-30T09:20:17.393+0000] {dag.py:3096} INFO - Sync 1 DAGs
[2024-04-30T09:20:17.443+0000] {logging_mixin.py:188} INFO - [2024-04-30T09:20:17.443+0000] {dag.py:3954} INFO - Setting next_dagrun for mysql_save to 2024-04-30 00:00:00+00:00, run_after=2024-05-01 00:00:00+00:00
[2024-04-30T09:20:17.515+0000] {processor.py:183} INFO - Processing /opt/airflow/dags/example.py took 0.241 seconds
[2024-04-30T09:20:47.662+0000] {processor.py:161} INFO - Started process (PID=84) to work on /opt/airflow/dags/example.py
[2024-04-30T09:20:47.668+0000] {processor.py:830} INFO - Processing file /opt/airflow/dags/example.py for tasks to queue
[2024-04-30T09:20:47.673+0000] {logging_mixin.py:188} INFO - [2024-04-30T09:20:47.672+0000] {dagbag.py:540} INFO - Filling up the DagBag from /opt/airflow/dags/example.py
[2024-04-30T09:20:47.712+0000] {processor.py:840} INFO - DAG(s) 'mysql_save' retrieved from /opt/airflow/dags/example.py
[2024-04-30T09:20:47.774+0000] {logging_mixin.py:188} INFO - [2024-04-30T09:20:47.773+0000] {dag.py:3096} INFO - Sync 1 DAGs
[2024-04-30T09:20:47.839+0000] {logging_mixin.py:188} INFO - [2024-04-30T09:20:47.839+0000] {dag.py:3954} INFO - Setting next_dagrun for mysql_save to 2024-04-30 00:00:00+00:00, run_after=2024-05-01 00:00:00+00:00
[2024-04-30T09:20:47.893+0000] {processor.py:183} INFO - Processing /opt/airflow/dags/example.py took 0.253 seconds
[2024-04-30T09:21:17.995+0000] {processor.py:161} INFO - Started process (PID=93) to work on /opt/airflow/dags/example.py
[2024-04-30T09:21:17.999+0000] {processor.py:830} INFO - Processing file /opt/airflow/dags/example.py for tasks to queue
[2024-04-30T09:21:18.007+0000] {logging_mixin.py:188} INFO - [2024-04-30T09:21:18.006+0000] {dagbag.py:540} INFO - Filling up the DagBag from /opt/airflow/dags/example.py
[2024-04-30T09:21:18.066+0000] {processor.py:840} INFO - DAG(s) 'mysql_save' retrieved from /opt/airflow/dags/example.py
[2024-04-30T09:21:18.162+0000] {logging_mixin.py:188} INFO - [2024-04-30T09:21:18.161+0000] {dag.py:3096} INFO - Sync 1 DAGs
[2024-04-30T09:21:18.242+0000] {logging_mixin.py:188} INFO - [2024-04-30T09:21:18.241+0000] {dag.py:3954} INFO - Setting next_dagrun for mysql_save to 2024-04-30 00:00:00+00:00, run_after=2024-05-01 00:00:00+00:00
[2024-04-30T09:21:18.307+0000] {processor.py:183} INFO - Processing /opt/airflow/dags/example.py took 0.347 seconds
[2024-04-30T09:21:24.057+0000] {processor.py:161} INFO - Started process (PID=94) to work on /opt/airflow/dags/example.py
[2024-04-30T09:21:24.063+0000] {processor.py:830} INFO - Processing file /opt/airflow/dags/example.py for tasks to queue
[2024-04-30T09:21:24.074+0000] {logging_mixin.py:188} INFO - [2024-04-30T09:21:24.072+0000] {dagbag.py:540} INFO - Filling up the DagBag from /opt/airflow/dags/example.py
[2024-04-30T09:21:24.126+0000] {processor.py:840} INFO - DAG(s) 'mysql_save' retrieved from /opt/airflow/dags/example.py
[2024-04-30T09:21:24.393+0000] {logging_mixin.py:188} INFO - [2024-04-30T09:21:24.393+0000] {dag.py:3096} INFO - Sync 1 DAGs
[2024-04-30T09:21:24.457+0000] {logging_mixin.py:188} INFO - [2024-04-30T09:21:24.456+0000] {dag.py:3954} INFO - Setting next_dagrun for mysql_save to 2024-04-30 00:00:00+00:00, run_after=2024-05-01 00:00:00+00:00
[2024-04-30T09:21:24.506+0000] {processor.py:183} INFO - Processing /opt/airflow/dags/example.py took 0.477 seconds
[2024-04-30T09:21:29.449+0000] {processor.py:161} INFO - Started process (PID=95) to work on /opt/airflow/dags/example.py
[2024-04-30T09:21:29.453+0000] {processor.py:830} INFO - Processing file /opt/airflow/dags/example.py for tasks to queue
[2024-04-30T09:21:29.470+0000] {logging_mixin.py:188} INFO - [2024-04-30T09:21:29.460+0000] {dagbag.py:540} INFO - Filling up the DagBag from /opt/airflow/dags/example.py
[2024-04-30T09:21:29.492+0000] {logging_mixin.py:188} INFO - [2024-04-30T09:21:29.480+0000] {dagbag.py:350} ERROR - Failed to import: /opt/airflow/dags/example.py
Traceback (most recent call last):
  File "/home/airflow/.local/lib/python3.12/site-packages/airflow/models/dagbag.py", line 346, in parse
    loader.exec_module(new_module)
  File "<frozen importlib._bootstrap_external>", line 991, in exec_module
  File "<frozen importlib._bootstrap_external>", line 1129, in get_code
  File "<frozen importlib._bootstrap_external>", line 1059, in source_to_code
  File "<frozen importlib._bootstrap>", line 488, in _call_with_frames_removed
  File "/opt/airflow/dags/example.py", line 28
    dd
    ^^
IndentationError: expected an indented block after 'with' statement on line 24
[2024-04-30T09:21:29.494+0000] {processor.py:842} WARNING - No viable dags retrieved from /opt/airflow/dags/example.py
[2024-04-30T09:21:29.569+0000] {processor.py:183} INFO - Processing /opt/airflow/dags/example.py took 0.149 seconds
[2024-04-30T09:21:30.580+0000] {processor.py:161} INFO - Started process (PID=96) to work on /opt/airflow/dags/example.py
[2024-04-30T09:21:30.581+0000] {processor.py:830} INFO - Processing file /opt/airflow/dags/example.py for tasks to queue
[2024-04-30T09:21:30.585+0000] {logging_mixin.py:188} INFO - [2024-04-30T09:21:30.584+0000] {dagbag.py:540} INFO - Filling up the DagBag from /opt/airflow/dags/example.py
[2024-04-30T09:21:30.618+0000] {processor.py:840} INFO - DAG(s) 'mysql_save' retrieved from /opt/airflow/dags/example.py
[2024-04-30T09:21:30.641+0000] {logging_mixin.py:188} INFO - [2024-04-30T09:21:30.640+0000] {dag.py:3096} INFO - Sync 1 DAGs
[2024-04-30T09:21:30.688+0000] {logging_mixin.py:188} INFO - [2024-04-30T09:21:30.687+0000] {dag.py:3954} INFO - Setting next_dagrun for mysql_save to 2024-04-30 00:00:00+00:00, run_after=2024-05-01 00:00:00+00:00
[2024-04-30T09:21:30.727+0000] {processor.py:183} INFO - Processing /opt/airflow/dags/example.py took 0.156 seconds
[2024-04-30T09:22:01.018+0000] {processor.py:161} INFO - Started process (PID=105) to work on /opt/airflow/dags/example.py
[2024-04-30T09:22:01.023+0000] {processor.py:830} INFO - Processing file /opt/airflow/dags/example.py for tasks to queue
[2024-04-30T09:22:01.031+0000] {logging_mixin.py:188} INFO - [2024-04-30T09:22:01.029+0000] {dagbag.py:540} INFO - Filling up the DagBag from /opt/airflow/dags/example.py
[2024-04-30T09:22:01.097+0000] {processor.py:840} INFO - DAG(s) 'mysql_save' retrieved from /opt/airflow/dags/example.py
[2024-04-30T09:22:01.145+0000] {logging_mixin.py:188} INFO - [2024-04-30T09:22:01.144+0000] {dag.py:3096} INFO - Sync 1 DAGs
[2024-04-30T09:22:01.191+0000] {logging_mixin.py:188} INFO - [2024-04-30T09:22:01.190+0000] {dag.py:3954} INFO - Setting next_dagrun for mysql_save to 2024-04-30 00:00:00+00:00, run_after=2024-05-01 00:00:00+00:00
[2024-04-30T09:22:01.223+0000] {processor.py:183} INFO - Processing /opt/airflow/dags/example.py took 0.238 seconds
[2024-04-30T09:22:31.565+0000] {processor.py:161} INFO - Started process (PID=114) to work on /opt/airflow/dags/example.py
[2024-04-30T09:22:31.572+0000] {processor.py:830} INFO - Processing file /opt/airflow/dags/example.py for tasks to queue
[2024-04-30T09:22:31.578+0000] {logging_mixin.py:188} INFO - [2024-04-30T09:22:31.577+0000] {dagbag.py:540} INFO - Filling up the DagBag from /opt/airflow/dags/example.py
[2024-04-30T09:22:31.637+0000] {processor.py:840} INFO - DAG(s) 'mysql_save' retrieved from /opt/airflow/dags/example.py
[2024-04-30T09:22:31.798+0000] {logging_mixin.py:188} INFO - [2024-04-30T09:22:31.797+0000] {dag.py:3096} INFO - Sync 1 DAGs
[2024-04-30T09:22:31.962+0000] {logging_mixin.py:188} INFO - [2024-04-30T09:22:31.962+0000] {dag.py:3954} INFO - Setting next_dagrun for mysql_save to 2024-04-30 00:00:00+00:00, run_after=2024-05-01 00:00:00+00:00
[2024-04-30T09:22:32.025+0000] {processor.py:183} INFO - Processing /opt/airflow/dags/example.py took 0.486 seconds
[2024-04-30T09:23:02.343+0000] {processor.py:161} INFO - Started process (PID=122) to work on /opt/airflow/dags/example.py
[2024-04-30T09:23:02.347+0000] {processor.py:830} INFO - Processing file /opt/airflow/dags/example.py for tasks to queue
[2024-04-30T09:23:02.355+0000] {logging_mixin.py:188} INFO - [2024-04-30T09:23:02.353+0000] {dagbag.py:540} INFO - Filling up the DagBag from /opt/airflow/dags/example.py
[2024-04-30T09:23:02.410+0000] {processor.py:840} INFO - DAG(s) 'mysql_save' retrieved from /opt/airflow/dags/example.py
[2024-04-30T09:23:02.522+0000] {logging_mixin.py:188} INFO - [2024-04-30T09:23:02.521+0000] {dag.py:3096} INFO - Sync 1 DAGs
[2024-04-30T09:23:02.626+0000] {logging_mixin.py:188} INFO - [2024-04-30T09:23:02.625+0000] {dag.py:3954} INFO - Setting next_dagrun for mysql_save to 2024-04-30 00:00:00+00:00, run_after=2024-05-01 00:00:00+00:00
[2024-04-30T09:23:02.702+0000] {processor.py:183} INFO - Processing /opt/airflow/dags/example.py took 0.388 seconds
[2024-04-30T09:23:32.958+0000] {processor.py:161} INFO - Started process (PID=130) to work on /opt/airflow/dags/example.py
[2024-04-30T09:23:32.960+0000] {processor.py:830} INFO - Processing file /opt/airflow/dags/example.py for tasks to queue
[2024-04-30T09:23:32.963+0000] {logging_mixin.py:188} INFO - [2024-04-30T09:23:32.963+0000] {dagbag.py:540} INFO - Filling up the DagBag from /opt/airflow/dags/example.py
[2024-04-30T09:23:32.988+0000] {processor.py:840} INFO - DAG(s) 'mysql_save' retrieved from /opt/airflow/dags/example.py
[2024-04-30T09:23:33.040+0000] {logging_mixin.py:188} INFO - [2024-04-30T09:23:33.039+0000] {dag.py:3096} INFO - Sync 1 DAGs
[2024-04-30T09:23:33.091+0000] {logging_mixin.py:188} INFO - [2024-04-30T09:23:33.090+0000] {dag.py:3954} INFO - Setting next_dagrun for mysql_save to 2024-04-30 00:00:00+00:00, run_after=2024-05-01 00:00:00+00:00
[2024-04-30T09:23:33.130+0000] {processor.py:183} INFO - Processing /opt/airflow/dags/example.py took 0.186 seconds
[2024-04-30T09:24:03.435+0000] {processor.py:161} INFO - Started process (PID=139) to work on /opt/airflow/dags/example.py
[2024-04-30T09:24:03.440+0000] {processor.py:830} INFO - Processing file /opt/airflow/dags/example.py for tasks to queue
[2024-04-30T09:24:03.445+0000] {logging_mixin.py:188} INFO - [2024-04-30T09:24:03.445+0000] {dagbag.py:540} INFO - Filling up the DagBag from /opt/airflow/dags/example.py
[2024-04-30T09:24:03.489+0000] {processor.py:840} INFO - DAG(s) 'mysql_save' retrieved from /opt/airflow/dags/example.py
[2024-04-30T09:24:03.572+0000] {logging_mixin.py:188} INFO - [2024-04-30T09:24:03.571+0000] {dag.py:3096} INFO - Sync 1 DAGs
[2024-04-30T09:24:03.646+0000] {logging_mixin.py:188} INFO - [2024-04-30T09:24:03.645+0000] {dag.py:3954} INFO - Setting next_dagrun for mysql_save to 2024-04-30 00:00:00+00:00, run_after=2024-05-01 00:00:00+00:00
[2024-04-30T09:24:03.713+0000] {processor.py:183} INFO - Processing /opt/airflow/dags/example.py took 0.298 seconds
[2024-04-30T09:24:34.012+0000] {processor.py:161} INFO - Started process (PID=147) to work on /opt/airflow/dags/example.py
[2024-04-30T09:24:34.015+0000] {processor.py:830} INFO - Processing file /opt/airflow/dags/example.py for tasks to queue
[2024-04-30T09:24:34.021+0000] {logging_mixin.py:188} INFO - [2024-04-30T09:24:34.020+0000] {dagbag.py:540} INFO - Filling up the DagBag from /opt/airflow/dags/example.py
[2024-04-30T09:24:34.055+0000] {processor.py:840} INFO - DAG(s) 'mysql_save' retrieved from /opt/airflow/dags/example.py
[2024-04-30T09:24:34.125+0000] {logging_mixin.py:188} INFO - [2024-04-30T09:24:34.124+0000] {dag.py:3096} INFO - Sync 1 DAGs
[2024-04-30T09:24:34.186+0000] {logging_mixin.py:188} INFO - [2024-04-30T09:24:34.185+0000] {dag.py:3954} INFO - Setting next_dagrun for mysql_save to 2024-04-30 00:00:00+00:00, run_after=2024-05-01 00:00:00+00:00
[2024-04-30T09:24:34.230+0000] {processor.py:183} INFO - Processing /opt/airflow/dags/example.py took 0.236 seconds
[2024-04-30T09:25:04.527+0000] {processor.py:161} INFO - Started process (PID=155) to work on /opt/airflow/dags/example.py
[2024-04-30T09:25:04.529+0000] {processor.py:830} INFO - Processing file /opt/airflow/dags/example.py for tasks to queue
[2024-04-30T09:25:04.534+0000] {logging_mixin.py:188} INFO - [2024-04-30T09:25:04.534+0000] {dagbag.py:540} INFO - Filling up the DagBag from /opt/airflow/dags/example.py
[2024-04-30T09:25:04.570+0000] {processor.py:840} INFO - DAG(s) 'mysql_save' retrieved from /opt/airflow/dags/example.py
[2024-04-30T09:25:04.645+0000] {logging_mixin.py:188} INFO - [2024-04-30T09:25:04.644+0000] {dag.py:3096} INFO - Sync 1 DAGs
[2024-04-30T09:25:04.714+0000] {logging_mixin.py:188} INFO - [2024-04-30T09:25:04.713+0000] {dag.py:3954} INFO - Setting next_dagrun for mysql_save to 2024-04-30 00:00:00+00:00, run_after=2024-05-01 00:00:00+00:00
[2024-04-30T09:25:04.788+0000] {processor.py:183} INFO - Processing /opt/airflow/dags/example.py took 0.282 seconds
[2024-04-30T09:25:35.132+0000] {processor.py:161} INFO - Started process (PID=163) to work on /opt/airflow/dags/example.py
[2024-04-30T09:25:35.138+0000] {processor.py:830} INFO - Processing file /opt/airflow/dags/example.py for tasks to queue
[2024-04-30T09:25:35.149+0000] {logging_mixin.py:188} INFO - [2024-04-30T09:25:35.147+0000] {dagbag.py:540} INFO - Filling up the DagBag from /opt/airflow/dags/example.py
[2024-04-30T09:25:35.214+0000] {processor.py:840} INFO - DAG(s) 'mysql_save' retrieved from /opt/airflow/dags/example.py
[2024-04-30T09:25:35.354+0000] {logging_mixin.py:188} INFO - [2024-04-30T09:25:35.353+0000] {dag.py:3096} INFO - Sync 1 DAGs
[2024-04-30T09:25:35.411+0000] {logging_mixin.py:188} INFO - [2024-04-30T09:25:35.410+0000] {dag.py:3954} INFO - Setting next_dagrun for mysql_save to 2024-04-30 00:00:00+00:00, run_after=2024-05-01 00:00:00+00:00
[2024-04-30T09:25:35.444+0000] {processor.py:183} INFO - Processing /opt/airflow/dags/example.py took 0.344 seconds
[2024-04-30T09:26:05.719+0000] {processor.py:161} INFO - Started process (PID=171) to work on /opt/airflow/dags/example.py
[2024-04-30T09:26:05.723+0000] {processor.py:830} INFO - Processing file /opt/airflow/dags/example.py for tasks to queue
[2024-04-30T09:26:05.729+0000] {logging_mixin.py:188} INFO - [2024-04-30T09:26:05.729+0000] {dagbag.py:540} INFO - Filling up the DagBag from /opt/airflow/dags/example.py
[2024-04-30T09:26:05.765+0000] {processor.py:840} INFO - DAG(s) 'mysql_save' retrieved from /opt/airflow/dags/example.py
[2024-04-30T09:26:05.835+0000] {logging_mixin.py:188} INFO - [2024-04-30T09:26:05.834+0000] {dag.py:3096} INFO - Sync 1 DAGs
[2024-04-30T09:26:05.898+0000] {logging_mixin.py:188} INFO - [2024-04-30T09:26:05.897+0000] {dag.py:3954} INFO - Setting next_dagrun for mysql_save to 2024-04-30 00:00:00+00:00, run_after=2024-05-01 00:00:00+00:00
[2024-04-30T09:26:05.948+0000] {processor.py:183} INFO - Processing /opt/airflow/dags/example.py took 0.250 seconds
[2024-04-30T09:26:12.057+0000] {processor.py:161} INFO - Started process (PID=172) to work on /opt/airflow/dags/example.py
[2024-04-30T09:26:12.059+0000] {processor.py:830} INFO - Processing file /opt/airflow/dags/example.py for tasks to queue
[2024-04-30T09:26:12.074+0000] {logging_mixin.py:188} INFO - [2024-04-30T09:26:12.074+0000] {dagbag.py:540} INFO - Filling up the DagBag from /opt/airflow/dags/example.py
[2024-04-30T09:26:12.113+0000] {processor.py:840} INFO - DAG(s) 'mysql_save' retrieved from /opt/airflow/dags/example.py
[2024-04-30T09:26:12.170+0000] {logging_mixin.py:188} INFO - [2024-04-30T09:26:12.169+0000] {dag.py:3096} INFO - Sync 1 DAGs
[2024-04-30T09:26:12.225+0000] {logging_mixin.py:188} INFO - [2024-04-30T09:26:12.224+0000] {dag.py:3954} INFO - Setting next_dagrun for mysql_save to 2024-04-30 00:00:00+00:00, run_after=2024-05-01 00:00:00+00:00
[2024-04-30T09:26:12.279+0000] {processor.py:183} INFO - Processing /opt/airflow/dags/example.py took 0.243 seconds
