[2024-05-05T08:54:04.109+0000] {local_task_job_runner.py:120} INFO - ::group::Pre task execution logs
[2024-05-05T08:54:04.140+0000] {taskinstance.py:2073} INFO - Dependencies all met for dep_context=non-requeueable deps ti=<TaskInstance: handsome.items.fetch_product_links manual__2024-05-05T08:54:01.465798+00:00 [queued]>
[2024-05-05T08:54:04.151+0000] {taskinstance.py:2073} INFO - Dependencies all met for dep_context=requeueable deps ti=<TaskInstance: handsome.items.fetch_product_links manual__2024-05-05T08:54:01.465798+00:00 [queued]>
[2024-05-05T08:54:04.152+0000] {taskinstance.py:2303} INFO - Starting attempt 1 of 3
[2024-05-05T08:54:04.171+0000] {taskinstance.py:2327} INFO - Executing <Task(FetchProductListFromCategoryOperator): fetch_product_links> on 2024-05-05 08:54:01.465798+00:00
[2024-05-05T08:54:04.177+0000] {warnings.py:110} WARNING - /home/***/.local/lib/python3.12/site-packages/***/task/task_runner/standard_task_runner.py:61: DeprecationWarning: This process (pid=114) is multi-threaded, use of fork() may lead to deadlocks in the child.
  pid = os.fork()

[2024-05-05T08:54:04.179+0000] {standard_task_runner.py:63} INFO - Started process 116 to run task
[2024-05-05T08:54:04.180+0000] {standard_task_runner.py:90} INFO - Running: ['***', 'tasks', 'run', 'handsome.items', 'fetch_product_links', 'manual__2024-05-05T08:54:01.465798+00:00', '--job-id', '87', '--raw', '--subdir', 'DAGS_FOLDER/handsome/DAGs.py', '--cfg-path', '/tmp/tmp5xqt0ocf']
[2024-05-05T08:54:04.183+0000] {standard_task_runner.py:91} INFO - Job 87: Subtask fetch_product_links
[2024-05-05T08:54:04.238+0000] {task_command.py:426} INFO - Running <TaskInstance: handsome.items.fetch_product_links manual__2024-05-05T08:54:01.465798+00:00 [running]> on host 8f2b7c684425
[2024-05-05T08:54:04.340+0000] {taskinstance.py:2644} INFO - Exporting env vars: AIRFLOW_CTX_DAG_OWNER='400CC' AIRFLOW_CTX_DAG_ID='handsome.items' AIRFLOW_CTX_TASK_ID='fetch_product_links' AIRFLOW_CTX_EXECUTION_DATE='2024-05-05T08:54:01.465798+00:00' AIRFLOW_CTX_TRY_NUMBER='1' AIRFLOW_CTX_DAG_RUN_ID='manual__2024-05-05T08:54:01.465798+00:00'
[2024-05-05T08:54:04.341+0000] {taskinstance.py:430} INFO - ::endgroup::
[2024-05-05T08:54:04.362+0000] {taskinstance.py:441} INFO - ::group::Post task execution logs
[2024-05-05T08:54:04.363+0000] {taskinstance.py:2890} ERROR - Task failed with exception
Traceback (most recent call last):
  File "/home/airflow/.local/lib/python3.12/site-packages/airflow/models/taskinstance.py", line 465, in _execute_task
    result = _execute_callable(context=context, **execute_callable_kwargs)
             ^^^^^^^^^^^^^^^^^^^^^^^^^^^^^^^^^^^^^^^^^^^^^^^^^^^^^^^^^^^^^
  File "/home/airflow/.local/lib/python3.12/site-packages/airflow/models/taskinstance.py", line 432, in _execute_callable
    return execute_callable(context=context, **execute_callable_kwargs)
           ^^^^^^^^^^^^^^^^^^^^^^^^^^^^^^^^^^^^^^^^^^^^^^^^^^^^^^^^^^^^
  File "/home/airflow/.local/lib/python3.12/site-packages/airflow/models/baseoperator.py", line 400, in wrapper
    return func(self, *args, **kwargs)
           ^^^^^^^^^^^^^^^^^^^^^^^^^^^
  File "/opt/airflow/dags/handsome/ops/products.py", line 33, in execute
    items = self._gather()
            ^^^^^^^^^^^^^^
  File "/opt/airflow/dags/handsome/ops/products.py", line 57, in _gather
    tasks.append(self._processing(self._fetch(url), category))
                                  ^^^^^^^^^^^^^^^^
TypeError: FetchProductListFromCategoryOperator._fetch() missing 1 required positional argument: 'user_agents'
[2024-05-05T08:54:04.374+0000] {taskinstance.py:1205} INFO - Marking task as UP_FOR_RETRY. dag_id=handsome.items, task_id=fetch_product_links, execution_date=20240505T085401, start_date=20240505T085404, end_date=20240505T085404
[2024-05-05T08:54:04.389+0000] {standard_task_runner.py:110} ERROR - Failed to execute job 87 for task fetch_product_links (FetchProductListFromCategoryOperator._fetch() missing 1 required positional argument: 'user_agents'; 116)
[2024-05-05T08:54:04.434+0000] {local_task_job_runner.py:240} INFO - Task exited with return code 1
[2024-05-05T08:54:04.473+0000] {taskinstance.py:3482} INFO - 0 downstream tasks scheduled from follow-on schedule check
[2024-05-05T08:54:04.475+0000] {local_task_job_runner.py:222} INFO - ::endgroup::
