[2024-05-05T14:32:16.393+0000] {local_task_job_runner.py:120} INFO - ::group::Pre task execution logs
[2024-05-05T14:32:16.458+0000] {taskinstance.py:2073} INFO - Dependencies all met for dep_context=non-requeueable deps ti=<TaskInstance: handsome.items.fetch.products.reviews manual__2024-05-05T14:31:42.465589+00:00 [queued]>
[2024-05-05T14:32:16.477+0000] {taskinstance.py:2073} INFO - Dependencies all met for dep_context=requeueable deps ti=<TaskInstance: handsome.items.fetch.products.reviews manual__2024-05-05T14:31:42.465589+00:00 [queued]>
[2024-05-05T14:32:16.478+0000] {taskinstance.py:2303} INFO - Starting attempt 1 of 3
[2024-05-05T14:32:16.864+0000] {taskinstance.py:2327} INFO - Executing <Task(FetchReviewOperator): fetch.products.reviews> on 2024-05-05 14:31:42.465589+00:00
[2024-05-05T14:32:16.883+0000] {warnings.py:110} WARNING - /home/***/.local/lib/python3.12/site-packages/***/task/task_runner/standard_task_runner.py:61: DeprecationWarning: This process (pid=2895) is multi-threaded, use of fork() may lead to deadlocks in the child.
  pid = os.fork()

[2024-05-05T14:32:16.889+0000] {standard_task_runner.py:63} INFO - Started process 2899 to run task
[2024-05-05T14:32:16.894+0000] {standard_task_runner.py:90} INFO - Running: ['***', 'tasks', 'run', 'handsome.items', 'fetch.products.reviews', 'manual__2024-05-05T14:31:42.465589+00:00', '--job-id', '137', '--raw', '--subdir', 'DAGS_FOLDER/handsome/DAGs.py', '--cfg-path', '/tmp/tmpvjjftb69']
[2024-05-05T14:32:16.909+0000] {standard_task_runner.py:91} INFO - Job 137: Subtask fetch.products.reviews
[2024-05-05T14:32:17.054+0000] {task_command.py:426} INFO - Running <TaskInstance: handsome.items.fetch.products.reviews manual__2024-05-05T14:31:42.465589+00:00 [running]> on host 8f2b7c684425
[2024-05-05T14:32:17.276+0000] {taskinstance.py:2644} INFO - Exporting env vars: AIRFLOW_CTX_DAG_OWNER='400CC' AIRFLOW_CTX_DAG_ID='handsome.items' AIRFLOW_CTX_TASK_ID='fetch.products.reviews' AIRFLOW_CTX_EXECUTION_DATE='2024-05-05T14:31:42.465589+00:00' AIRFLOW_CTX_TRY_NUMBER='1' AIRFLOW_CTX_DAG_RUN_ID='manual__2024-05-05T14:31:42.465589+00:00'
[2024-05-05T14:32:17.279+0000] {taskinstance.py:430} INFO - ::endgroup::
[2024-05-05T14:32:17.342+0000] {products.py:227} INFO - outputs : None
[2024-05-05T14:32:17.343+0000] {taskinstance.py:441} INFO - ::group::Post task execution logs
[2024-05-05T14:32:17.344+0000] {taskinstance.py:2890} ERROR - Task failed with exception
Traceback (most recent call last):
  File "/home/airflow/.local/lib/python3.12/site-packages/airflow/models/taskinstance.py", line 465, in _execute_task
    result = _execute_callable(context=context, **execute_callable_kwargs)
             ^^^^^^^^^^^^^^^^^^^^^^^^^^^^^^^^^^^^^^^^^^^^^^^^^^^^^^^^^^^^^
  File "/home/airflow/.local/lib/python3.12/site-packages/airflow/models/taskinstance.py", line 432, in _execute_callable
    return execute_callable(context=context, **execute_callable_kwargs)
           ^^^^^^^^^^^^^^^^^^^^^^^^^^^^^^^^^^^^^^^^^^^^^^^^^^^^^^^^^^^^
  File "/home/airflow/.local/lib/python3.12/site-packages/airflow/models/baseoperator.py", line 400, in wrapper
    return func(self, *args, **kwargs)
           ^^^^^^^^^^^^^^^^^^^^^^^^^^^
  File "/opt/airflow/dags/handsome/ops/products.py", line 229, in execute
    result = self._gather(outputs)
             ^^^^^^^^^^^^^^^^^^^^^
  File "/opt/airflow/dags/handsome/ops/products.py", line 245, in _gather
    for product_id, review_count in outputs.items():
                                    ^^^^^^^^^^^^^
AttributeError: 'NoneType' object has no attribute 'items'
[2024-05-05T14:32:17.364+0000] {taskinstance.py:1205} INFO - Marking task as UP_FOR_RETRY. dag_id=handsome.items, task_id=fetch.products.reviews, execution_date=20240505T143142, start_date=20240505T143216, end_date=20240505T143217
[2024-05-05T14:32:17.397+0000] {standard_task_runner.py:110} ERROR - Failed to execute job 137 for task fetch.products.reviews ('NoneType' object has no attribute 'items'; 2899)
[2024-05-05T14:32:17.437+0000] {local_task_job_runner.py:240} INFO - Task exited with return code 1
[2024-05-05T14:32:17.496+0000] {taskinstance.py:3482} INFO - 0 downstream tasks scheduled from follow-on schedule check
[2024-05-05T14:32:17.500+0000] {local_task_job_runner.py:222} INFO - ::endgroup::
