[2024-05-05T08:45:19.502+0000] {processor.py:161} INFO - Started process (PID=33) to work on /opt/airflow/dags/musinsa_dag/DAGs.py
[2024-05-05T08:45:19.510+0000] {processor.py:830} INFO - Processing file /opt/airflow/dags/musinsa_dag/DAGs.py for tasks to queue
[2024-05-05T08:45:19.526+0000] {logging_mixin.py:188} INFO - [2024-05-05T08:45:19.524+0000] {dagbag.py:540} INFO - Filling up the DagBag from /opt/airflow/dags/musinsa_dag/DAGs.py
[2024-05-05T08:45:19.562+0000] {logging_mixin.py:188} INFO - [2024-05-05T08:45:19.544+0000] {dagbag.py:350} ERROR - Failed to import: /opt/airflow/dags/musinsa_dag/DAGs.py
Traceback (most recent call last):
  File "/home/airflow/.local/lib/python3.12/site-packages/airflow/models/dagbag.py", line 346, in parse
    loader.exec_module(new_module)
  File "<frozen importlib._bootstrap_external>", line 995, in exec_module
  File "<frozen importlib._bootstrap>", line 488, in _call_with_frames_removed
  File "/opt/airflow/dags/musinsa_dag/DAGs.py", line 8, in <module>
    from musinsa.ops.products import (
ModuleNotFoundError: No module named 'musinsa.ops'; 'musinsa' is not a package
[2024-05-05T08:45:19.563+0000] {processor.py:842} WARNING - No viable dags retrieved from /opt/airflow/dags/musinsa_dag/DAGs.py
[2024-05-05T08:45:19.664+0000] {processor.py:183} INFO - Processing /opt/airflow/dags/musinsa_dag/DAGs.py took 0.207 seconds
[2024-05-05T08:45:49.783+0000] {processor.py:161} INFO - Started process (PID=41) to work on /opt/airflow/dags/musinsa_dag/DAGs.py
[2024-05-05T08:45:49.785+0000] {processor.py:830} INFO - Processing file /opt/airflow/dags/musinsa_dag/DAGs.py for tasks to queue
[2024-05-05T08:45:49.788+0000] {logging_mixin.py:188} INFO - [2024-05-05T08:45:49.788+0000] {dagbag.py:540} INFO - Filling up the DagBag from /opt/airflow/dags/musinsa_dag/DAGs.py
[2024-05-05T08:45:49.792+0000] {logging_mixin.py:188} INFO - [2024-05-05T08:45:49.791+0000] {dagbag.py:350} ERROR - Failed to import: /opt/airflow/dags/musinsa_dag/DAGs.py
Traceback (most recent call last):
  File "/home/airflow/.local/lib/python3.12/site-packages/airflow/models/dagbag.py", line 346, in parse
    loader.exec_module(new_module)
  File "<frozen importlib._bootstrap_external>", line 995, in exec_module
  File "<frozen importlib._bootstrap>", line 488, in _call_with_frames_removed
  File "/opt/airflow/dags/musinsa_dag/DAGs.py", line 8, in <module>
    from musinsa.ops.products import (
ModuleNotFoundError: No module named 'musinsa.ops'; 'musinsa' is not a package
[2024-05-05T08:45:49.793+0000] {processor.py:842} WARNING - No viable dags retrieved from /opt/airflow/dags/musinsa_dag/DAGs.py
[2024-05-05T08:45:49.819+0000] {processor.py:183} INFO - Processing /opt/airflow/dags/musinsa_dag/DAGs.py took 0.045 seconds
[2024-05-05T08:46:19.976+0000] {processor.py:161} INFO - Started process (PID=49) to work on /opt/airflow/dags/musinsa_dag/DAGs.py
[2024-05-05T08:46:19.977+0000] {processor.py:830} INFO - Processing file /opt/airflow/dags/musinsa_dag/DAGs.py for tasks to queue
[2024-05-05T08:46:19.981+0000] {logging_mixin.py:188} INFO - [2024-05-05T08:46:19.980+0000] {dagbag.py:540} INFO - Filling up the DagBag from /opt/airflow/dags/musinsa_dag/DAGs.py
[2024-05-05T08:46:19.984+0000] {logging_mixin.py:188} INFO - [2024-05-05T08:46:19.983+0000] {dagbag.py:350} ERROR - Failed to import: /opt/airflow/dags/musinsa_dag/DAGs.py
Traceback (most recent call last):
  File "/home/airflow/.local/lib/python3.12/site-packages/airflow/models/dagbag.py", line 346, in parse
    loader.exec_module(new_module)
  File "<frozen importlib._bootstrap_external>", line 995, in exec_module
  File "<frozen importlib._bootstrap>", line 488, in _call_with_frames_removed
  File "/opt/airflow/dags/musinsa_dag/DAGs.py", line 8, in <module>
    from musinsa.ops.products import (
ModuleNotFoundError: No module named 'musinsa.ops'; 'musinsa' is not a package
[2024-05-05T08:46:19.984+0000] {processor.py:842} WARNING - No viable dags retrieved from /opt/airflow/dags/musinsa_dag/DAGs.py
[2024-05-05T08:46:20.004+0000] {processor.py:183} INFO - Processing /opt/airflow/dags/musinsa_dag/DAGs.py took 0.035 seconds
