[2024-05-05T12:49:27.857+0000] {local_task_job_runner.py:120} INFO - ::group::Pre task execution logs
[2024-05-05T12:49:27.891+0000] {taskinstance.py:2073} INFO - Dependencies all met for dep_context=non-requeueable deps ti=<TaskInstance: handsome.items.fetch.product.first manual__2024-05-05T12:49:25.028885+00:00 [queued]>
[2024-05-05T12:49:27.902+0000] {taskinstance.py:2073} INFO - Dependencies all met for dep_context=requeueable deps ti=<TaskInstance: handsome.items.fetch.product.first manual__2024-05-05T12:49:25.028885+00:00 [queued]>
[2024-05-05T12:49:27.902+0000] {taskinstance.py:2303} INFO - Starting attempt 1 of 3
[2024-05-05T12:49:27.927+0000] {taskinstance.py:2327} INFO - Executing <Task(FetchProductListFromCategoryOperator): fetch.product.first> on 2024-05-05 12:49:25.028885+00:00
[2024-05-05T12:49:27.933+0000] {warnings.py:110} WARNING - /home/***/.local/lib/python3.12/site-packages/***/task/task_runner/standard_task_runner.py:61: DeprecationWarning: This process (pid=1614) is multi-threaded, use of fork() may lead to deadlocks in the child.
  pid = os.fork()

[2024-05-05T12:49:27.934+0000] {standard_task_runner.py:63} INFO - Started process 1616 to run task
[2024-05-05T12:49:27.935+0000] {standard_task_runner.py:90} INFO - Running: ['***', 'tasks', 'run', 'handsome.items', 'fetch.product.first', 'manual__2024-05-05T12:49:25.028885+00:00', '--job-id', '110', '--raw', '--subdir', 'DAGS_FOLDER/handsome/DAGs.py', '--cfg-path', '/tmp/tmpbis9cfw9']
[2024-05-05T12:49:27.938+0000] {standard_task_runner.py:91} INFO - Job 110: Subtask fetch.product.first
[2024-05-05T12:49:27.997+0000] {task_command.py:426} INFO - Running <TaskInstance: handsome.items.fetch.product.first manual__2024-05-05T12:49:25.028885+00:00 [running]> on host 8f2b7c684425
[2024-05-05T12:49:28.150+0000] {taskinstance.py:2644} INFO - Exporting env vars: AIRFLOW_CTX_DAG_OWNER='400CC' AIRFLOW_CTX_DAG_ID='handsome.items' AIRFLOW_CTX_TASK_ID='fetch.product.first' AIRFLOW_CTX_EXECUTION_DATE='2024-05-05T12:49:25.028885+00:00' AIRFLOW_CTX_TRY_NUMBER='1' AIRFLOW_CTX_DAG_RUN_ID='manual__2024-05-05T12:49:25.028885+00:00'
[2024-05-05T12:49:28.151+0000] {taskinstance.py:430} INFO - ::endgroup::
[2024-05-05T12:49:29.097+0000] {taskinstance.py:441} INFO - ::group::Post task execution logs
[2024-05-05T12:49:29.098+0000] {taskinstance.py:2890} ERROR - Task failed with exception
Traceback (most recent call last):
  File "/home/airflow/.local/lib/python3.12/site-packages/airflow/models/taskinstance.py", line 465, in _execute_task
    result = _execute_callable(context=context, **execute_callable_kwargs)
             ^^^^^^^^^^^^^^^^^^^^^^^^^^^^^^^^^^^^^^^^^^^^^^^^^^^^^^^^^^^^^
  File "/home/airflow/.local/lib/python3.12/site-packages/airflow/models/taskinstance.py", line 432, in _execute_callable
    return execute_callable(context=context, **execute_callable_kwargs)
           ^^^^^^^^^^^^^^^^^^^^^^^^^^^^^^^^^^^^^^^^^^^^^^^^^^^^^^^^^^^^
  File "/home/airflow/.local/lib/python3.12/site-packages/airflow/models/baseoperator.py", line 400, in wrapper
    return func(self, *args, **kwargs)
           ^^^^^^^^^^^^^^^^^^^^^^^^^^^
  File "/opt/airflow/dags/handsome/ops/products.py", line 33, in execute
    productList = self._gather()
                  ^^^^^^^^^^^^^^
  File "/opt/airflow/dags/handsome/ops/products.py", line 63, in _gather
    tasks.append(self._processing(self._fetch(url), category))
                 ^^^^^^^^^^^^^^^^^^^^^^^^^^^^^^^^^^^^^^^^^^^^
  File "/opt/airflow/dags/handsome/ops/products.py", line 74, in _processing
    goods_data = Preprocess.preprocessProduct(self, goods)
                 ^^^^^^^^^^^^^^^^^^^^^^^^^^^^^^^^^^^^^^^^^
  File "/opt/airflow/dags/handsome/ops/products.py", line 89, in preprocessProduct
    'url': self.extract_images(goods),
           ^^^^^^^^^^^^^^^^^^^
AttributeError: 'FetchProductListFromCategoryOperator' object has no attribute 'extract_images'
[2024-05-05T12:49:29.117+0000] {taskinstance.py:1205} INFO - Marking task as UP_FOR_RETRY. dag_id=handsome.items, task_id=fetch.product.first, execution_date=20240505T124925, start_date=20240505T124927, end_date=20240505T124929
[2024-05-05T12:49:29.134+0000] {standard_task_runner.py:110} ERROR - Failed to execute job 110 for task fetch.product.first ('FetchProductListFromCategoryOperator' object has no attribute 'extract_images'; 1616)
[2024-05-05T12:49:29.153+0000] {local_task_job_runner.py:240} INFO - Task exited with return code 1
[2024-05-05T12:49:29.181+0000] {taskinstance.py:3482} INFO - 0 downstream tasks scheduled from follow-on schedule check
[2024-05-05T12:49:29.182+0000] {local_task_job_runner.py:222} INFO - ::endgroup::
