[2024-04-30T09:21:57.507+0000] {local_task_job_runner.py:120} INFO - ::group::Pre task execution logs
[2024-04-30T09:21:57.587+0000] {taskinstance.py:2073} INFO - Dependencies all met for dep_context=non-requeueable deps ti=<TaskInstance: mysql_save.store_item_info scheduled__2024-04-29T00:00:00+00:00 [queued]>
[2024-04-30T09:21:57.608+0000] {taskinstance.py:2073} INFO - Dependencies all met for dep_context=requeueable deps ti=<TaskInstance: mysql_save.store_item_info scheduled__2024-04-29T00:00:00+00:00 [queued]>
[2024-04-30T09:21:57.609+0000] {taskinstance.py:2303} INFO - Starting attempt 1 of 2
[2024-04-30T09:21:57.643+0000] {taskinstance.py:2327} INFO - Executing <Task(PythonOperator): store_item_info> on 2024-04-29 00:00:00+00:00
[2024-04-30T09:21:57.661+0000] {warnings.py:110} WARNING - /home/***/.local/lib/python3.12/site-packages/***/task/task_runner/standard_task_runner.py:61: DeprecationWarning: This process (pid=102) is multi-threaded, use of fork() may lead to deadlocks in the child.
  pid = os.fork()

[2024-04-30T09:21:57.665+0000] {standard_task_runner.py:63} INFO - Started process 104 to run task
[2024-04-30T09:21:57.666+0000] {standard_task_runner.py:90} INFO - Running: ['***', 'tasks', 'run', 'mysql_save', 'store_item_info', 'scheduled__2024-04-29T00:00:00+00:00', '--job-id', '75', '--raw', '--subdir', 'DAGS_FOLDER/example.py', '--cfg-path', '/tmp/tmpj9lm783k']
[2024-04-30T09:21:57.678+0000] {standard_task_runner.py:91} INFO - Job 75: Subtask store_item_info
[2024-04-30T09:21:57.975+0000] {task_command.py:426} INFO - Running <TaskInstance: mysql_save.store_item_info scheduled__2024-04-29T00:00:00+00:00 [running]> on host 8888ca8dbcda
[2024-04-30T09:21:58.211+0000] {taskinstance.py:2644} INFO - Exporting env vars: AIRFLOW_CTX_DAG_OWNER='***' AIRFLOW_CTX_DAG_ID='mysql_save' AIRFLOW_CTX_TASK_ID='store_item_info' AIRFLOW_CTX_EXECUTION_DATE='2024-04-29T00:00:00+00:00' AIRFLOW_CTX_TRY_NUMBER='1' AIRFLOW_CTX_DAG_RUN_ID='scheduled__2024-04-29T00:00:00+00:00'
[2024-04-30T09:21:58.213+0000] {taskinstance.py:430} INFO - ::endgroup::
[2024-04-30T09:21:58.260+0000] {logging_mixin.py:188} INFO - None
[2024-04-30T09:21:58.261+0000] {python.py:237} INFO - Done. Returned value was: None
[2024-04-30T09:21:58.262+0000] {taskinstance.py:441} INFO - ::group::Post task execution logs
[2024-04-30T09:21:58.290+0000] {taskinstance.py:1205} INFO - Marking task as SUCCESS. dag_id=mysql_save, task_id=store_item_info, execution_date=20240429T000000, start_date=20240430T092157, end_date=20240430T092158
[2024-04-30T09:21:58.376+0000] {local_task_job_runner.py:240} INFO - Task exited with return code 0
[2024-04-30T09:21:58.439+0000] {taskinstance.py:3482} INFO - 0 downstream tasks scheduled from follow-on schedule check
[2024-04-30T09:21:58.443+0000] {local_task_job_runner.py:222} INFO - ::endgroup::
