[2024-04-30T08:14:12.614+0000] {processor.py:161} INFO - Started process (PID=44) to work on /home/airflow/.local/lib/python3.12/site-packages/airflow/example_dags/example_latest_only_with_trigger.py
[2024-04-30T08:14:12.622+0000] {processor.py:830} INFO - Processing file /home/airflow/.local/lib/python3.12/site-packages/airflow/example_dags/example_latest_only_with_trigger.py for tasks to queue
[2024-04-30T08:14:12.631+0000] {logging_mixin.py:188} INFO - [2024-04-30T08:14:12.630+0000] {dagbag.py:540} INFO - Filling up the DagBag from /home/airflow/.local/lib/python3.12/site-packages/airflow/example_dags/example_latest_only_with_trigger.py
[2024-04-30T08:14:12.658+0000] {processor.py:840} INFO - DAG(s) 'latest_only_with_trigger' retrieved from /home/airflow/.local/lib/python3.12/site-packages/airflow/example_dags/example_latest_only_with_trigger.py
[2024-04-30T08:14:13.000+0000] {logging_mixin.py:188} INFO - [2024-04-30T08:14:12.999+0000] {dag.py:3096} INFO - Sync 1 DAGs
[2024-04-30T08:14:13.073+0000] {logging_mixin.py:188} INFO - [2024-04-30T08:14:13.073+0000] {dag.py:3954} INFO - Setting next_dagrun for latest_only_with_trigger to 2024-04-30 04:00:00+00:00, run_after=2024-04-30 08:00:00+00:00
[2024-04-30T08:14:13.106+0000] {processor.py:183} INFO - Processing /home/airflow/.local/lib/python3.12/site-packages/airflow/example_dags/example_latest_only_with_trigger.py took 0.514 seconds
[2024-04-30T08:14:43.233+0000] {processor.py:161} INFO - Started process (PID=105) to work on /home/airflow/.local/lib/python3.12/site-packages/airflow/example_dags/example_latest_only_with_trigger.py
[2024-04-30T08:14:43.235+0000] {processor.py:830} INFO - Processing file /home/airflow/.local/lib/python3.12/site-packages/airflow/example_dags/example_latest_only_with_trigger.py for tasks to queue
[2024-04-30T08:14:43.236+0000] {logging_mixin.py:188} INFO - [2024-04-30T08:14:43.236+0000] {dagbag.py:540} INFO - Filling up the DagBag from /home/airflow/.local/lib/python3.12/site-packages/airflow/example_dags/example_latest_only_with_trigger.py
[2024-04-30T08:14:43.244+0000] {processor.py:840} INFO - DAG(s) 'latest_only_with_trigger' retrieved from /home/airflow/.local/lib/python3.12/site-packages/airflow/example_dags/example_latest_only_with_trigger.py
[2024-04-30T08:14:43.266+0000] {logging_mixin.py:188} INFO - [2024-04-30T08:14:43.266+0000] {dag.py:3096} INFO - Sync 1 DAGs
[2024-04-30T08:14:43.288+0000] {logging_mixin.py:188} INFO - [2024-04-30T08:14:43.288+0000] {dag.py:3954} INFO - Setting next_dagrun for latest_only_with_trigger to 2024-04-30 04:00:00+00:00, run_after=2024-04-30 08:00:00+00:00
[2024-04-30T08:14:43.307+0000] {processor.py:183} INFO - Processing /home/airflow/.local/lib/python3.12/site-packages/airflow/example_dags/example_latest_only_with_trigger.py took 0.081 seconds
[2024-04-30T08:15:14.167+0000] {processor.py:161} INFO - Started process (PID=165) to work on /home/airflow/.local/lib/python3.12/site-packages/airflow/example_dags/example_latest_only_with_trigger.py
[2024-04-30T08:15:14.168+0000] {processor.py:830} INFO - Processing file /home/airflow/.local/lib/python3.12/site-packages/airflow/example_dags/example_latest_only_with_trigger.py for tasks to queue
[2024-04-30T08:15:14.169+0000] {logging_mixin.py:188} INFO - [2024-04-30T08:15:14.169+0000] {dagbag.py:540} INFO - Filling up the DagBag from /home/airflow/.local/lib/python3.12/site-packages/airflow/example_dags/example_latest_only_with_trigger.py
[2024-04-30T08:15:14.176+0000] {processor.py:840} INFO - DAG(s) 'latest_only_with_trigger' retrieved from /home/airflow/.local/lib/python3.12/site-packages/airflow/example_dags/example_latest_only_with_trigger.py
[2024-04-30T08:15:14.198+0000] {logging_mixin.py:188} INFO - [2024-04-30T08:15:14.198+0000] {dag.py:3096} INFO - Sync 1 DAGs
[2024-04-30T08:15:14.219+0000] {logging_mixin.py:188} INFO - [2024-04-30T08:15:14.219+0000] {dag.py:3954} INFO - Setting next_dagrun for latest_only_with_trigger to 2024-04-30 04:00:00+00:00, run_after=2024-04-30 08:00:00+00:00
[2024-04-30T08:15:14.241+0000] {processor.py:183} INFO - Processing /home/airflow/.local/lib/python3.12/site-packages/airflow/example_dags/example_latest_only_with_trigger.py took 0.081 seconds
[2024-04-30T08:15:44.575+0000] {processor.py:161} INFO - Started process (PID=225) to work on /home/airflow/.local/lib/python3.12/site-packages/airflow/example_dags/example_latest_only_with_trigger.py
[2024-04-30T08:15:44.577+0000] {processor.py:830} INFO - Processing file /home/airflow/.local/lib/python3.12/site-packages/airflow/example_dags/example_latest_only_with_trigger.py for tasks to queue
[2024-04-30T08:15:44.578+0000] {logging_mixin.py:188} INFO - [2024-04-30T08:15:44.577+0000] {dagbag.py:540} INFO - Filling up the DagBag from /home/airflow/.local/lib/python3.12/site-packages/airflow/example_dags/example_latest_only_with_trigger.py
[2024-04-30T08:15:44.584+0000] {processor.py:840} INFO - DAG(s) 'latest_only_with_trigger' retrieved from /home/airflow/.local/lib/python3.12/site-packages/airflow/example_dags/example_latest_only_with_trigger.py
[2024-04-30T08:15:44.604+0000] {logging_mixin.py:188} INFO - [2024-04-30T08:15:44.604+0000] {dag.py:3096} INFO - Sync 1 DAGs
[2024-04-30T08:15:44.626+0000] {logging_mixin.py:188} INFO - [2024-04-30T08:15:44.626+0000] {dag.py:3954} INFO - Setting next_dagrun for latest_only_with_trigger to 2024-04-30 04:00:00+00:00, run_after=2024-04-30 08:00:00+00:00
[2024-04-30T08:15:44.643+0000] {processor.py:183} INFO - Processing /home/airflow/.local/lib/python3.12/site-packages/airflow/example_dags/example_latest_only_with_trigger.py took 0.074 seconds
[2024-04-30T08:16:14.947+0000] {processor.py:161} INFO - Started process (PID=285) to work on /home/airflow/.local/lib/python3.12/site-packages/airflow/example_dags/example_latest_only_with_trigger.py
[2024-04-30T08:16:14.949+0000] {processor.py:830} INFO - Processing file /home/airflow/.local/lib/python3.12/site-packages/airflow/example_dags/example_latest_only_with_trigger.py for tasks to queue
[2024-04-30T08:16:14.950+0000] {logging_mixin.py:188} INFO - [2024-04-30T08:16:14.950+0000] {dagbag.py:540} INFO - Filling up the DagBag from /home/airflow/.local/lib/python3.12/site-packages/airflow/example_dags/example_latest_only_with_trigger.py
[2024-04-30T08:16:14.957+0000] {processor.py:840} INFO - DAG(s) 'latest_only_with_trigger' retrieved from /home/airflow/.local/lib/python3.12/site-packages/airflow/example_dags/example_latest_only_with_trigger.py
[2024-04-30T08:16:14.983+0000] {logging_mixin.py:188} INFO - [2024-04-30T08:16:14.983+0000] {dag.py:3096} INFO - Sync 1 DAGs
[2024-04-30T08:16:15.009+0000] {logging_mixin.py:188} INFO - [2024-04-30T08:16:15.008+0000] {dag.py:3954} INFO - Setting next_dagrun for latest_only_with_trigger to 2024-04-30 04:00:00+00:00, run_after=2024-04-30 08:00:00+00:00
[2024-04-30T08:16:15.033+0000] {processor.py:183} INFO - Processing /home/airflow/.local/lib/python3.12/site-packages/airflow/example_dags/example_latest_only_with_trigger.py took 0.093 seconds
[2024-04-30T08:16:45.073+0000] {processor.py:161} INFO - Started process (PID=345) to work on /home/airflow/.local/lib/python3.12/site-packages/airflow/example_dags/example_latest_only_with_trigger.py
[2024-04-30T08:16:45.075+0000] {processor.py:830} INFO - Processing file /home/airflow/.local/lib/python3.12/site-packages/airflow/example_dags/example_latest_only_with_trigger.py for tasks to queue
[2024-04-30T08:16:45.076+0000] {logging_mixin.py:188} INFO - [2024-04-30T08:16:45.075+0000] {dagbag.py:540} INFO - Filling up the DagBag from /home/airflow/.local/lib/python3.12/site-packages/airflow/example_dags/example_latest_only_with_trigger.py
[2024-04-30T08:16:45.084+0000] {processor.py:840} INFO - DAG(s) 'latest_only_with_trigger' retrieved from /home/airflow/.local/lib/python3.12/site-packages/airflow/example_dags/example_latest_only_with_trigger.py
[2024-04-30T08:16:45.108+0000] {logging_mixin.py:188} INFO - [2024-04-30T08:16:45.107+0000] {dag.py:3096} INFO - Sync 1 DAGs
[2024-04-30T08:16:45.138+0000] {logging_mixin.py:188} INFO - [2024-04-30T08:16:45.138+0000] {dag.py:3954} INFO - Setting next_dagrun for latest_only_with_trigger to 2024-04-30 04:00:00+00:00, run_after=2024-04-30 08:00:00+00:00
[2024-04-30T08:16:45.161+0000] {processor.py:183} INFO - Processing /home/airflow/.local/lib/python3.12/site-packages/airflow/example_dags/example_latest_only_with_trigger.py took 0.095 seconds
