[2024-04-30T08:14:17.329+0000] {processor.py:161} INFO - Started process (PID=60) to work on /home/airflow/.local/lib/python3.12/site-packages/airflow/example_dags/example_task_group_decorator.py
[2024-04-30T08:14:17.331+0000] {processor.py:830} INFO - Processing file /home/airflow/.local/lib/python3.12/site-packages/airflow/example_dags/example_task_group_decorator.py for tasks to queue
[2024-04-30T08:14:17.334+0000] {logging_mixin.py:188} INFO - [2024-04-30T08:14:17.333+0000] {dagbag.py:540} INFO - Filling up the DagBag from /home/airflow/.local/lib/python3.12/site-packages/airflow/example_dags/example_task_group_decorator.py
[2024-04-30T08:14:17.366+0000] {processor.py:840} INFO - DAG(s) 'example_task_group_decorator' retrieved from /home/airflow/.local/lib/python3.12/site-packages/airflow/example_dags/example_task_group_decorator.py
[2024-04-30T08:14:17.578+0000] {logging_mixin.py:188} INFO - [2024-04-30T08:14:17.577+0000] {dag.py:3096} INFO - Sync 1 DAGs
[2024-04-30T08:14:17.621+0000] {logging_mixin.py:188} INFO - [2024-04-30T08:14:17.621+0000] {dag.py:3954} INFO - Setting next_dagrun for example_task_group_decorator to 2024-04-29 00:00:00+00:00, run_after=2024-04-30 00:00:00+00:00
[2024-04-30T08:14:17.659+0000] {processor.py:183} INFO - Processing /home/airflow/.local/lib/python3.12/site-packages/airflow/example_dags/example_task_group_decorator.py took 0.341 seconds
[2024-04-30T08:14:47.985+0000] {processor.py:161} INFO - Started process (PID=121) to work on /home/airflow/.local/lib/python3.12/site-packages/airflow/example_dags/example_task_group_decorator.py
[2024-04-30T08:14:47.987+0000] {processor.py:830} INFO - Processing file /home/airflow/.local/lib/python3.12/site-packages/airflow/example_dags/example_task_group_decorator.py for tasks to queue
[2024-04-30T08:14:47.996+0000] {logging_mixin.py:188} INFO - [2024-04-30T08:14:47.995+0000] {dagbag.py:540} INFO - Filling up the DagBag from /home/airflow/.local/lib/python3.12/site-packages/airflow/example_dags/example_task_group_decorator.py
[2024-04-30T08:14:48.032+0000] {processor.py:840} INFO - DAG(s) 'example_task_group_decorator' retrieved from /home/airflow/.local/lib/python3.12/site-packages/airflow/example_dags/example_task_group_decorator.py
[2024-04-30T08:14:48.072+0000] {logging_mixin.py:188} INFO - [2024-04-30T08:14:48.072+0000] {dag.py:3096} INFO - Sync 1 DAGs
[2024-04-30T08:14:48.129+0000] {logging_mixin.py:188} INFO - [2024-04-30T08:14:48.129+0000] {dag.py:3954} INFO - Setting next_dagrun for example_task_group_decorator to 2024-04-29 00:00:00+00:00, run_after=2024-04-30 00:00:00+00:00
[2024-04-30T08:14:48.195+0000] {processor.py:183} INFO - Processing /home/airflow/.local/lib/python3.12/site-packages/airflow/example_dags/example_task_group_decorator.py took 0.228 seconds
[2024-04-30T08:15:18.975+0000] {processor.py:161} INFO - Started process (PID=181) to work on /home/airflow/.local/lib/python3.12/site-packages/airflow/example_dags/example_task_group_decorator.py
[2024-04-30T08:15:18.976+0000] {processor.py:830} INFO - Processing file /home/airflow/.local/lib/python3.12/site-packages/airflow/example_dags/example_task_group_decorator.py for tasks to queue
[2024-04-30T08:15:18.977+0000] {logging_mixin.py:188} INFO - [2024-04-30T08:15:18.977+0000] {dagbag.py:540} INFO - Filling up the DagBag from /home/airflow/.local/lib/python3.12/site-packages/airflow/example_dags/example_task_group_decorator.py
[2024-04-30T08:15:18.994+0000] {processor.py:840} INFO - DAG(s) 'example_task_group_decorator' retrieved from /home/airflow/.local/lib/python3.12/site-packages/airflow/example_dags/example_task_group_decorator.py
[2024-04-30T08:15:19.024+0000] {logging_mixin.py:188} INFO - [2024-04-30T08:15:19.023+0000] {dag.py:3096} INFO - Sync 1 DAGs
[2024-04-30T08:15:19.063+0000] {logging_mixin.py:188} INFO - [2024-04-30T08:15:19.063+0000] {dag.py:3954} INFO - Setting next_dagrun for example_task_group_decorator to 2024-04-29 00:00:00+00:00, run_after=2024-04-30 00:00:00+00:00
[2024-04-30T08:15:19.106+0000] {processor.py:183} INFO - Processing /home/airflow/.local/lib/python3.12/site-packages/airflow/example_dags/example_task_group_decorator.py took 0.139 seconds
[2024-04-30T08:15:49.449+0000] {processor.py:161} INFO - Started process (PID=241) to work on /home/airflow/.local/lib/python3.12/site-packages/airflow/example_dags/example_task_group_decorator.py
[2024-04-30T08:15:49.450+0000] {processor.py:830} INFO - Processing file /home/airflow/.local/lib/python3.12/site-packages/airflow/example_dags/example_task_group_decorator.py for tasks to queue
[2024-04-30T08:15:49.451+0000] {logging_mixin.py:188} INFO - [2024-04-30T08:15:49.451+0000] {dagbag.py:540} INFO - Filling up the DagBag from /home/airflow/.local/lib/python3.12/site-packages/airflow/example_dags/example_task_group_decorator.py
[2024-04-30T08:15:49.468+0000] {processor.py:840} INFO - DAG(s) 'example_task_group_decorator' retrieved from /home/airflow/.local/lib/python3.12/site-packages/airflow/example_dags/example_task_group_decorator.py
[2024-04-30T08:15:49.498+0000] {logging_mixin.py:188} INFO - [2024-04-30T08:15:49.498+0000] {dag.py:3096} INFO - Sync 1 DAGs
[2024-04-30T08:15:49.533+0000] {logging_mixin.py:188} INFO - [2024-04-30T08:15:49.532+0000] {dag.py:3954} INFO - Setting next_dagrun for example_task_group_decorator to 2024-04-29 00:00:00+00:00, run_after=2024-04-30 00:00:00+00:00
[2024-04-30T08:15:49.555+0000] {processor.py:183} INFO - Processing /home/airflow/.local/lib/python3.12/site-packages/airflow/example_dags/example_task_group_decorator.py took 0.114 seconds
[2024-04-30T08:16:19.925+0000] {processor.py:161} INFO - Started process (PID=301) to work on /home/airflow/.local/lib/python3.12/site-packages/airflow/example_dags/example_task_group_decorator.py
[2024-04-30T08:16:19.926+0000] {processor.py:830} INFO - Processing file /home/airflow/.local/lib/python3.12/site-packages/airflow/example_dags/example_task_group_decorator.py for tasks to queue
[2024-04-30T08:16:19.927+0000] {logging_mixin.py:188} INFO - [2024-04-30T08:16:19.926+0000] {dagbag.py:540} INFO - Filling up the DagBag from /home/airflow/.local/lib/python3.12/site-packages/airflow/example_dags/example_task_group_decorator.py
[2024-04-30T08:16:19.943+0000] {processor.py:840} INFO - DAG(s) 'example_task_group_decorator' retrieved from /home/airflow/.local/lib/python3.12/site-packages/airflow/example_dags/example_task_group_decorator.py
[2024-04-30T08:16:19.973+0000] {logging_mixin.py:188} INFO - [2024-04-30T08:16:19.973+0000] {dag.py:3096} INFO - Sync 1 DAGs
[2024-04-30T08:16:19.997+0000] {logging_mixin.py:188} INFO - [2024-04-30T08:16:19.997+0000] {dag.py:3954} INFO - Setting next_dagrun for example_task_group_decorator to 2024-04-29 00:00:00+00:00, run_after=2024-04-30 00:00:00+00:00
[2024-04-30T08:16:20.017+0000] {processor.py:183} INFO - Processing /home/airflow/.local/lib/python3.12/site-packages/airflow/example_dags/example_task_group_decorator.py took 0.098 seconds
[2024-04-30T08:16:50.097+0000] {processor.py:161} INFO - Started process (PID=361) to work on /home/airflow/.local/lib/python3.12/site-packages/airflow/example_dags/example_task_group_decorator.py
[2024-04-30T08:16:50.098+0000] {processor.py:830} INFO - Processing file /home/airflow/.local/lib/python3.12/site-packages/airflow/example_dags/example_task_group_decorator.py for tasks to queue
[2024-04-30T08:16:50.099+0000] {logging_mixin.py:188} INFO - [2024-04-30T08:16:50.098+0000] {dagbag.py:540} INFO - Filling up the DagBag from /home/airflow/.local/lib/python3.12/site-packages/airflow/example_dags/example_task_group_decorator.py
[2024-04-30T08:16:50.115+0000] {processor.py:840} INFO - DAG(s) 'example_task_group_decorator' retrieved from /home/airflow/.local/lib/python3.12/site-packages/airflow/example_dags/example_task_group_decorator.py
[2024-04-30T08:16:50.152+0000] {logging_mixin.py:188} INFO - [2024-04-30T08:16:50.152+0000] {dag.py:3096} INFO - Sync 1 DAGs
[2024-04-30T08:16:50.176+0000] {logging_mixin.py:188} INFO - [2024-04-30T08:16:50.175+0000] {dag.py:3954} INFO - Setting next_dagrun for example_task_group_decorator to 2024-04-29 00:00:00+00:00, run_after=2024-04-30 00:00:00+00:00
[2024-04-30T08:16:50.196+0000] {processor.py:183} INFO - Processing /home/airflow/.local/lib/python3.12/site-packages/airflow/example_dags/example_task_group_decorator.py took 0.106 seconds
