[2024-04-30T08:14:18.142+0000] {processor.py:161} INFO - Started process (PID=64) to work on /home/airflow/.local/lib/python3.12/site-packages/airflow/example_dags/example_branch_python_dop_operator_3.py
[2024-04-30T08:14:18.143+0000] {processor.py:830} INFO - Processing file /home/airflow/.local/lib/python3.12/site-packages/airflow/example_dags/example_branch_python_dop_operator_3.py for tasks to queue
[2024-04-30T08:14:18.149+0000] {logging_mixin.py:188} INFO - [2024-04-30T08:14:18.148+0000] {dagbag.py:540} INFO - Filling up the DagBag from /home/airflow/.local/lib/python3.12/site-packages/airflow/example_dags/example_branch_python_dop_operator_3.py
[2024-04-30T08:14:18.190+0000] {processor.py:840} INFO - DAG(s) 'example_branch_dop_operator_v3' retrieved from /home/airflow/.local/lib/python3.12/site-packages/airflow/example_dags/example_branch_python_dop_operator_3.py
[2024-04-30T08:14:18.555+0000] {logging_mixin.py:188} INFO - [2024-04-30T08:14:18.554+0000] {dag.py:3096} INFO - Sync 1 DAGs
[2024-04-30T08:14:18.653+0000] {logging_mixin.py:188} INFO - [2024-04-30T08:14:18.653+0000] {dag.py:3954} INFO - Setting next_dagrun for example_branch_dop_operator_v3 to 2024-04-30 08:13:00+00:00, run_after=2024-04-30 08:14:00+00:00
[2024-04-30T08:14:18.702+0000] {processor.py:183} INFO - Processing /home/airflow/.local/lib/python3.12/site-packages/airflow/example_dags/example_branch_python_dop_operator_3.py took 0.577 seconds
[2024-04-30T08:14:49.323+0000] {processor.py:161} INFO - Started process (PID=125) to work on /home/airflow/.local/lib/python3.12/site-packages/airflow/example_dags/example_branch_python_dop_operator_3.py
[2024-04-30T08:14:49.325+0000] {processor.py:830} INFO - Processing file /home/airflow/.local/lib/python3.12/site-packages/airflow/example_dags/example_branch_python_dop_operator_3.py for tasks to queue
[2024-04-30T08:14:49.335+0000] {logging_mixin.py:188} INFO - [2024-04-30T08:14:49.334+0000] {dagbag.py:540} INFO - Filling up the DagBag from /home/airflow/.local/lib/python3.12/site-packages/airflow/example_dags/example_branch_python_dop_operator_3.py
[2024-04-30T08:14:49.350+0000] {processor.py:840} INFO - DAG(s) 'example_branch_dop_operator_v3' retrieved from /home/airflow/.local/lib/python3.12/site-packages/airflow/example_dags/example_branch_python_dop_operator_3.py
[2024-04-30T08:14:49.385+0000] {logging_mixin.py:188} INFO - [2024-04-30T08:14:49.384+0000] {dag.py:3096} INFO - Sync 1 DAGs
[2024-04-30T08:14:49.470+0000] {logging_mixin.py:188} INFO - [2024-04-30T08:14:49.470+0000] {dag.py:3954} INFO - Setting next_dagrun for example_branch_dop_operator_v3 to 2024-04-30 08:13:00+00:00, run_after=2024-04-30 08:14:00+00:00
[2024-04-30T08:14:49.541+0000] {processor.py:183} INFO - Processing /home/airflow/.local/lib/python3.12/site-packages/airflow/example_dags/example_branch_python_dop_operator_3.py took 0.235 seconds
[2024-04-30T08:15:20.162+0000] {processor.py:161} INFO - Started process (PID=185) to work on /home/airflow/.local/lib/python3.12/site-packages/airflow/example_dags/example_branch_python_dop_operator_3.py
[2024-04-30T08:15:20.164+0000] {processor.py:830} INFO - Processing file /home/airflow/.local/lib/python3.12/site-packages/airflow/example_dags/example_branch_python_dop_operator_3.py for tasks to queue
[2024-04-30T08:15:20.165+0000] {logging_mixin.py:188} INFO - [2024-04-30T08:15:20.165+0000] {dagbag.py:540} INFO - Filling up the DagBag from /home/airflow/.local/lib/python3.12/site-packages/airflow/example_dags/example_branch_python_dop_operator_3.py
[2024-04-30T08:15:20.178+0000] {processor.py:840} INFO - DAG(s) 'example_branch_dop_operator_v3' retrieved from /home/airflow/.local/lib/python3.12/site-packages/airflow/example_dags/example_branch_python_dop_operator_3.py
[2024-04-30T08:15:20.204+0000] {logging_mixin.py:188} INFO - [2024-04-30T08:15:20.203+0000] {dag.py:3096} INFO - Sync 1 DAGs
[2024-04-30T08:15:20.234+0000] {logging_mixin.py:188} INFO - [2024-04-30T08:15:20.234+0000] {dag.py:3954} INFO - Setting next_dagrun for example_branch_dop_operator_v3 to 2024-04-30 08:14:00+00:00, run_after=2024-04-30 08:15:00+00:00
[2024-04-30T08:15:20.255+0000] {processor.py:183} INFO - Processing /home/airflow/.local/lib/python3.12/site-packages/airflow/example_dags/example_branch_python_dop_operator_3.py took 0.104 seconds
[2024-04-30T08:15:50.632+0000] {processor.py:161} INFO - Started process (PID=245) to work on /home/airflow/.local/lib/python3.12/site-packages/airflow/example_dags/example_branch_python_dop_operator_3.py
[2024-04-30T08:15:50.634+0000] {processor.py:830} INFO - Processing file /home/airflow/.local/lib/python3.12/site-packages/airflow/example_dags/example_branch_python_dop_operator_3.py for tasks to queue
[2024-04-30T08:15:50.635+0000] {logging_mixin.py:188} INFO - [2024-04-30T08:15:50.635+0000] {dagbag.py:540} INFO - Filling up the DagBag from /home/airflow/.local/lib/python3.12/site-packages/airflow/example_dags/example_branch_python_dop_operator_3.py
[2024-04-30T08:15:50.646+0000] {processor.py:840} INFO - DAG(s) 'example_branch_dop_operator_v3' retrieved from /home/airflow/.local/lib/python3.12/site-packages/airflow/example_dags/example_branch_python_dop_operator_3.py
[2024-04-30T08:15:50.672+0000] {logging_mixin.py:188} INFO - [2024-04-30T08:15:50.672+0000] {dag.py:3096} INFO - Sync 1 DAGs
[2024-04-30T08:15:50.740+0000] {logging_mixin.py:188} INFO - [2024-04-30T08:15:50.740+0000] {dag.py:3954} INFO - Setting next_dagrun for example_branch_dop_operator_v3 to 2024-04-30 08:14:00+00:00, run_after=2024-04-30 08:15:00+00:00
[2024-04-30T08:15:50.799+0000] {processor.py:183} INFO - Processing /home/airflow/.local/lib/python3.12/site-packages/airflow/example_dags/example_branch_python_dop_operator_3.py took 0.176 seconds
[2024-04-30T08:16:21.056+0000] {processor.py:161} INFO - Started process (PID=305) to work on /home/airflow/.local/lib/python3.12/site-packages/airflow/example_dags/example_branch_python_dop_operator_3.py
[2024-04-30T08:16:21.057+0000] {processor.py:830} INFO - Processing file /home/airflow/.local/lib/python3.12/site-packages/airflow/example_dags/example_branch_python_dop_operator_3.py for tasks to queue
[2024-04-30T08:16:21.058+0000] {logging_mixin.py:188} INFO - [2024-04-30T08:16:21.057+0000] {dagbag.py:540} INFO - Filling up the DagBag from /home/airflow/.local/lib/python3.12/site-packages/airflow/example_dags/example_branch_python_dop_operator_3.py
[2024-04-30T08:16:21.071+0000] {processor.py:840} INFO - DAG(s) 'example_branch_dop_operator_v3' retrieved from /home/airflow/.local/lib/python3.12/site-packages/airflow/example_dags/example_branch_python_dop_operator_3.py
[2024-04-30T08:16:21.101+0000] {logging_mixin.py:188} INFO - [2024-04-30T08:16:21.100+0000] {dag.py:3096} INFO - Sync 1 DAGs
[2024-04-30T08:16:21.136+0000] {logging_mixin.py:188} INFO - [2024-04-30T08:16:21.136+0000] {dag.py:3954} INFO - Setting next_dagrun for example_branch_dop_operator_v3 to 2024-04-30 08:15:00+00:00, run_after=2024-04-30 08:16:00+00:00
[2024-04-30T08:16:21.156+0000] {processor.py:183} INFO - Processing /home/airflow/.local/lib/python3.12/site-packages/airflow/example_dags/example_branch_python_dop_operator_3.py took 0.107 seconds
[2024-04-30T08:16:51.237+0000] {processor.py:161} INFO - Started process (PID=365) to work on /home/airflow/.local/lib/python3.12/site-packages/airflow/example_dags/example_branch_python_dop_operator_3.py
[2024-04-30T08:16:51.238+0000] {processor.py:830} INFO - Processing file /home/airflow/.local/lib/python3.12/site-packages/airflow/example_dags/example_branch_python_dop_operator_3.py for tasks to queue
[2024-04-30T08:16:51.239+0000] {logging_mixin.py:188} INFO - [2024-04-30T08:16:51.239+0000] {dagbag.py:540} INFO - Filling up the DagBag from /home/airflow/.local/lib/python3.12/site-packages/airflow/example_dags/example_branch_python_dop_operator_3.py
[2024-04-30T08:16:51.249+0000] {processor.py:840} INFO - DAG(s) 'example_branch_dop_operator_v3' retrieved from /home/airflow/.local/lib/python3.12/site-packages/airflow/example_dags/example_branch_python_dop_operator_3.py
[2024-04-30T08:16:51.274+0000] {logging_mixin.py:188} INFO - [2024-04-30T08:16:51.274+0000] {dag.py:3096} INFO - Sync 1 DAGs
[2024-04-30T08:16:51.306+0000] {logging_mixin.py:188} INFO - [2024-04-30T08:16:51.306+0000] {dag.py:3954} INFO - Setting next_dagrun for example_branch_dop_operator_v3 to 2024-04-30 08:15:00+00:00, run_after=2024-04-30 08:16:00+00:00
[2024-04-30T08:16:51.331+0000] {processor.py:183} INFO - Processing /home/airflow/.local/lib/python3.12/site-packages/airflow/example_dags/example_branch_python_dop_operator_3.py took 0.102 seconds
