[2024-04-30T08:14:20.102+0000] {processor.py:161} INFO - Started process (PID=70) to work on /home/airflow/.local/lib/python3.12/site-packages/airflow/example_dags/example_branch_operator_decorator.py
[2024-04-30T08:14:20.103+0000] {processor.py:830} INFO - Processing file /home/airflow/.local/lib/python3.12/site-packages/airflow/example_dags/example_branch_operator_decorator.py for tasks to queue
[2024-04-30T08:14:20.112+0000] {logging_mixin.py:188} INFO - [2024-04-30T08:14:20.109+0000] {dagbag.py:540} INFO - Filling up the DagBag from /home/airflow/.local/lib/python3.12/site-packages/airflow/example_dags/example_branch_operator_decorator.py
[2024-04-30T08:14:20.167+0000] {processor.py:840} INFO - DAG(s) 'example_branch_python_operator_decorator' retrieved from /home/airflow/.local/lib/python3.12/site-packages/airflow/example_dags/example_branch_operator_decorator.py
[2024-04-30T08:14:20.441+0000] {logging_mixin.py:188} INFO - [2024-04-30T08:14:20.440+0000] {dag.py:3096} INFO - Sync 1 DAGs
[2024-04-30T08:14:20.499+0000] {logging_mixin.py:188} INFO - [2024-04-30T08:14:20.499+0000] {dag.py:3954} INFO - Setting next_dagrun for example_branch_python_operator_decorator to 2024-04-29 00:00:00+00:00, run_after=2024-04-30 00:00:00+00:00
[2024-04-30T08:14:20.548+0000] {processor.py:183} INFO - Processing /home/airflow/.local/lib/python3.12/site-packages/airflow/example_dags/example_branch_operator_decorator.py took 0.465 seconds
[2024-04-30T08:14:51.052+0000] {processor.py:161} INFO - Started process (PID=131) to work on /home/airflow/.local/lib/python3.12/site-packages/airflow/example_dags/example_branch_operator_decorator.py
[2024-04-30T08:14:51.053+0000] {processor.py:830} INFO - Processing file /home/airflow/.local/lib/python3.12/site-packages/airflow/example_dags/example_branch_operator_decorator.py for tasks to queue
[2024-04-30T08:14:51.056+0000] {logging_mixin.py:188} INFO - [2024-04-30T08:14:51.056+0000] {dagbag.py:540} INFO - Filling up the DagBag from /home/airflow/.local/lib/python3.12/site-packages/airflow/example_dags/example_branch_operator_decorator.py
[2024-04-30T08:14:51.090+0000] {processor.py:840} INFO - DAG(s) 'example_branch_python_operator_decorator' retrieved from /home/airflow/.local/lib/python3.12/site-packages/airflow/example_dags/example_branch_operator_decorator.py
[2024-04-30T08:14:51.143+0000] {logging_mixin.py:188} INFO - [2024-04-30T08:14:51.143+0000] {dag.py:3096} INFO - Sync 1 DAGs
[2024-04-30T08:14:51.194+0000] {logging_mixin.py:188} INFO - [2024-04-30T08:14:51.194+0000] {dag.py:3954} INFO - Setting next_dagrun for example_branch_python_operator_decorator to 2024-04-29 00:00:00+00:00, run_after=2024-04-30 00:00:00+00:00
[2024-04-30T08:14:51.227+0000] {processor.py:183} INFO - Processing /home/airflow/.local/lib/python3.12/site-packages/airflow/example_dags/example_branch_operator_decorator.py took 0.187 seconds
[2024-04-30T08:15:21.642+0000] {processor.py:161} INFO - Started process (PID=191) to work on /home/airflow/.local/lib/python3.12/site-packages/airflow/example_dags/example_branch_operator_decorator.py
[2024-04-30T08:15:21.643+0000] {processor.py:830} INFO - Processing file /home/airflow/.local/lib/python3.12/site-packages/airflow/example_dags/example_branch_operator_decorator.py for tasks to queue
[2024-04-30T08:15:21.645+0000] {logging_mixin.py:188} INFO - [2024-04-30T08:15:21.644+0000] {dagbag.py:540} INFO - Filling up the DagBag from /home/airflow/.local/lib/python3.12/site-packages/airflow/example_dags/example_branch_operator_decorator.py
[2024-04-30T08:15:21.676+0000] {processor.py:840} INFO - DAG(s) 'example_branch_python_operator_decorator' retrieved from /home/airflow/.local/lib/python3.12/site-packages/airflow/example_dags/example_branch_operator_decorator.py
[2024-04-30T08:15:21.718+0000] {logging_mixin.py:188} INFO - [2024-04-30T08:15:21.717+0000] {dag.py:3096} INFO - Sync 1 DAGs
[2024-04-30T08:15:21.753+0000] {logging_mixin.py:188} INFO - [2024-04-30T08:15:21.752+0000] {dag.py:3954} INFO - Setting next_dagrun for example_branch_python_operator_decorator to 2024-04-29 00:00:00+00:00, run_after=2024-04-30 00:00:00+00:00
[2024-04-30T08:15:21.784+0000] {processor.py:183} INFO - Processing /home/airflow/.local/lib/python3.12/site-packages/airflow/example_dags/example_branch_operator_decorator.py took 0.148 seconds
[2024-04-30T08:15:52.148+0000] {processor.py:161} INFO - Started process (PID=251) to work on /home/airflow/.local/lib/python3.12/site-packages/airflow/example_dags/example_branch_operator_decorator.py
[2024-04-30T08:15:52.149+0000] {processor.py:830} INFO - Processing file /home/airflow/.local/lib/python3.12/site-packages/airflow/example_dags/example_branch_operator_decorator.py for tasks to queue
[2024-04-30T08:15:52.150+0000] {logging_mixin.py:188} INFO - [2024-04-30T08:15:52.150+0000] {dagbag.py:540} INFO - Filling up the DagBag from /home/airflow/.local/lib/python3.12/site-packages/airflow/example_dags/example_branch_operator_decorator.py
[2024-04-30T08:15:52.176+0000] {processor.py:840} INFO - DAG(s) 'example_branch_python_operator_decorator' retrieved from /home/airflow/.local/lib/python3.12/site-packages/airflow/example_dags/example_branch_operator_decorator.py
[2024-04-30T08:15:52.211+0000] {logging_mixin.py:188} INFO - [2024-04-30T08:15:52.211+0000] {dag.py:3096} INFO - Sync 1 DAGs
[2024-04-30T08:15:52.243+0000] {logging_mixin.py:188} INFO - [2024-04-30T08:15:52.243+0000] {dag.py:3954} INFO - Setting next_dagrun for example_branch_python_operator_decorator to 2024-04-29 00:00:00+00:00, run_after=2024-04-30 00:00:00+00:00
[2024-04-30T08:15:52.265+0000] {processor.py:183} INFO - Processing /home/airflow/.local/lib/python3.12/site-packages/airflow/example_dags/example_branch_operator_decorator.py took 0.125 seconds
[2024-04-30T08:16:22.486+0000] {processor.py:161} INFO - Started process (PID=311) to work on /home/airflow/.local/lib/python3.12/site-packages/airflow/example_dags/example_branch_operator_decorator.py
[2024-04-30T08:16:22.488+0000] {processor.py:830} INFO - Processing file /home/airflow/.local/lib/python3.12/site-packages/airflow/example_dags/example_branch_operator_decorator.py for tasks to queue
[2024-04-30T08:16:22.488+0000] {logging_mixin.py:188} INFO - [2024-04-30T08:16:22.488+0000] {dagbag.py:540} INFO - Filling up the DagBag from /home/airflow/.local/lib/python3.12/site-packages/airflow/example_dags/example_branch_operator_decorator.py
[2024-04-30T08:16:22.515+0000] {processor.py:840} INFO - DAG(s) 'example_branch_python_operator_decorator' retrieved from /home/airflow/.local/lib/python3.12/site-packages/airflow/example_dags/example_branch_operator_decorator.py
[2024-04-30T08:16:22.548+0000] {logging_mixin.py:188} INFO - [2024-04-30T08:16:22.548+0000] {dag.py:3096} INFO - Sync 1 DAGs
[2024-04-30T08:16:22.572+0000] {logging_mixin.py:188} INFO - [2024-04-30T08:16:22.572+0000] {dag.py:3954} INFO - Setting next_dagrun for example_branch_python_operator_decorator to 2024-04-29 00:00:00+00:00, run_after=2024-04-30 00:00:00+00:00
[2024-04-30T08:16:22.601+0000] {processor.py:183} INFO - Processing /home/airflow/.local/lib/python3.12/site-packages/airflow/example_dags/example_branch_operator_decorator.py took 0.121 seconds
[2024-04-30T08:16:52.659+0000] {processor.py:161} INFO - Started process (PID=371) to work on /home/airflow/.local/lib/python3.12/site-packages/airflow/example_dags/example_branch_operator_decorator.py
[2024-04-30T08:16:52.660+0000] {processor.py:830} INFO - Processing file /home/airflow/.local/lib/python3.12/site-packages/airflow/example_dags/example_branch_operator_decorator.py for tasks to queue
[2024-04-30T08:16:52.661+0000] {logging_mixin.py:188} INFO - [2024-04-30T08:16:52.660+0000] {dagbag.py:540} INFO - Filling up the DagBag from /home/airflow/.local/lib/python3.12/site-packages/airflow/example_dags/example_branch_operator_decorator.py
[2024-04-30T08:16:52.683+0000] {processor.py:840} INFO - DAG(s) 'example_branch_python_operator_decorator' retrieved from /home/airflow/.local/lib/python3.12/site-packages/airflow/example_dags/example_branch_operator_decorator.py
[2024-04-30T08:16:52.716+0000] {logging_mixin.py:188} INFO - [2024-04-30T08:16:52.715+0000] {dag.py:3096} INFO - Sync 1 DAGs
[2024-04-30T08:16:52.741+0000] {logging_mixin.py:188} INFO - [2024-04-30T08:16:52.740+0000] {dag.py:3954} INFO - Setting next_dagrun for example_branch_python_operator_decorator to 2024-04-29 00:00:00+00:00, run_after=2024-04-30 00:00:00+00:00
[2024-04-30T08:16:52.761+0000] {processor.py:183} INFO - Processing /home/airflow/.local/lib/python3.12/site-packages/airflow/example_dags/example_branch_operator_decorator.py took 0.109 seconds
