[2024-04-30T08:14:21.895+0000] {processor.py:161} INFO - Started process (PID=78) to work on /home/airflow/.local/lib/python3.12/site-packages/airflow/example_dags/example_datasets.py
[2024-04-30T08:14:21.896+0000] {processor.py:830} INFO - Processing file /home/airflow/.local/lib/python3.12/site-packages/airflow/example_dags/example_datasets.py for tasks to queue
[2024-04-30T08:14:21.899+0000] {logging_mixin.py:188} INFO - [2024-04-30T08:14:21.899+0000] {dagbag.py:540} INFO - Filling up the DagBag from /home/airflow/.local/lib/python3.12/site-packages/airflow/example_dags/example_datasets.py
[2024-04-30T08:14:21.930+0000] {processor.py:840} INFO - DAG(s) 'consume_1_and_2_with_dataset_expressions', 'conditional_dataset_and_time_based_timetable', 'dataset_produces_2', 'dataset_consumes_1_never_scheduled', 'dataset_produces_1', 'consume_1_or_both_2_and_3_with_dataset_expressions', 'consume_1_or_2_with_dataset_expressions', 'dataset_consumes_1', 'dataset_consumes_1_and_2', 'dataset_consumes_unknown_never_scheduled' retrieved from /home/airflow/.local/lib/python3.12/site-packages/airflow/example_dags/example_datasets.py
[2024-04-30T08:14:22.273+0000] {logging_mixin.py:188} INFO - [2024-04-30T08:14:22.273+0000] {dag.py:3096} INFO - Sync 10 DAGs
[2024-04-30T08:14:22.306+0000] {logging_mixin.py:188} INFO - [2024-04-30T08:14:22.305+0000] {dag.py:3954} INFO - Setting next_dagrun for conditional_dataset_and_time_based_timetable to 2024-04-24 01:00:00+00:00, run_after=2024-04-24 01:00:00+00:00
[2024-04-30T08:14:22.310+0000] {logging_mixin.py:188} INFO - [2024-04-30T08:14:22.310+0000] {dag.py:3954} INFO - Setting next_dagrun for consume_1_and_2_with_dataset_expressions to None, run_after=None
[2024-04-30T08:14:22.313+0000] {logging_mixin.py:188} INFO - [2024-04-30T08:14:22.312+0000] {dag.py:3954} INFO - Setting next_dagrun for consume_1_or_2_with_dataset_expressions to None, run_after=None
[2024-04-30T08:14:22.315+0000] {logging_mixin.py:188} INFO - [2024-04-30T08:14:22.314+0000] {dag.py:3954} INFO - Setting next_dagrun for consume_1_or_both_2_and_3_with_dataset_expressions to None, run_after=None
[2024-04-30T08:14:22.317+0000] {logging_mixin.py:188} INFO - [2024-04-30T08:14:22.316+0000] {dag.py:3954} INFO - Setting next_dagrun for dataset_consumes_1 to None, run_after=None
[2024-04-30T08:14:22.318+0000] {logging_mixin.py:188} INFO - [2024-04-30T08:14:22.318+0000] {dag.py:3954} INFO - Setting next_dagrun for dataset_consumes_1_and_2 to None, run_after=None
[2024-04-30T08:14:22.320+0000] {logging_mixin.py:188} INFO - [2024-04-30T08:14:22.320+0000] {dag.py:3954} INFO - Setting next_dagrun for dataset_consumes_1_never_scheduled to None, run_after=None
[2024-04-30T08:14:22.322+0000] {logging_mixin.py:188} INFO - [2024-04-30T08:14:22.322+0000] {dag.py:3954} INFO - Setting next_dagrun for dataset_consumes_unknown_never_scheduled to None, run_after=None
[2024-04-30T08:14:22.326+0000] {logging_mixin.py:188} INFO - [2024-04-30T08:14:22.325+0000] {dag.py:3954} INFO - Setting next_dagrun for dataset_produces_1 to 2024-04-29 00:00:00+00:00, run_after=2024-04-30 00:00:00+00:00
[2024-04-30T08:14:22.327+0000] {logging_mixin.py:188} INFO - [2024-04-30T08:14:22.327+0000] {dag.py:3954} INFO - Setting next_dagrun for dataset_produces_2 to None, run_after=None
[2024-04-30T08:14:22.376+0000] {processor.py:183} INFO - Processing /home/airflow/.local/lib/python3.12/site-packages/airflow/example_dags/example_datasets.py took 0.491 seconds
[2024-04-30T08:14:53.047+0000] {processor.py:161} INFO - Started process (PID=139) to work on /home/airflow/.local/lib/python3.12/site-packages/airflow/example_dags/example_datasets.py
[2024-04-30T08:14:53.048+0000] {processor.py:830} INFO - Processing file /home/airflow/.local/lib/python3.12/site-packages/airflow/example_dags/example_datasets.py for tasks to queue
[2024-04-30T08:14:53.052+0000] {logging_mixin.py:188} INFO - [2024-04-30T08:14:53.051+0000] {dagbag.py:540} INFO - Filling up the DagBag from /home/airflow/.local/lib/python3.12/site-packages/airflow/example_dags/example_datasets.py
[2024-04-30T08:14:53.102+0000] {processor.py:840} INFO - DAG(s) 'dataset_consumes_unknown_never_scheduled', 'dataset_produces_2', 'dataset_consumes_1_and_2', 'dataset_consumes_1', 'conditional_dataset_and_time_based_timetable', 'consume_1_or_2_with_dataset_expressions', 'consume_1_and_2_with_dataset_expressions', 'dataset_consumes_1_never_scheduled', 'dataset_produces_1', 'consume_1_or_both_2_and_3_with_dataset_expressions' retrieved from /home/airflow/.local/lib/python3.12/site-packages/airflow/example_dags/example_datasets.py
[2024-04-30T08:14:53.174+0000] {logging_mixin.py:188} INFO - [2024-04-30T08:14:53.173+0000] {dag.py:3096} INFO - Sync 10 DAGs
[2024-04-30T08:14:53.210+0000] {logging_mixin.py:188} INFO - [2024-04-30T08:14:53.209+0000] {dag.py:3954} INFO - Setting next_dagrun for conditional_dataset_and_time_based_timetable to 2024-04-24 01:00:00+00:00, run_after=2024-04-24 01:00:00+00:00
[2024-04-30T08:14:53.214+0000] {logging_mixin.py:188} INFO - [2024-04-30T08:14:53.214+0000] {dag.py:3954} INFO - Setting next_dagrun for consume_1_and_2_with_dataset_expressions to None, run_after=None
[2024-04-30T08:14:53.216+0000] {logging_mixin.py:188} INFO - [2024-04-30T08:14:53.216+0000] {dag.py:3954} INFO - Setting next_dagrun for consume_1_or_2_with_dataset_expressions to None, run_after=None
[2024-04-30T08:14:53.217+0000] {logging_mixin.py:188} INFO - [2024-04-30T08:14:53.217+0000] {dag.py:3954} INFO - Setting next_dagrun for consume_1_or_both_2_and_3_with_dataset_expressions to None, run_after=None
[2024-04-30T08:14:53.218+0000] {logging_mixin.py:188} INFO - [2024-04-30T08:14:53.218+0000] {dag.py:3954} INFO - Setting next_dagrun for dataset_consumes_1 to None, run_after=None
[2024-04-30T08:14:53.220+0000] {logging_mixin.py:188} INFO - [2024-04-30T08:14:53.220+0000] {dag.py:3954} INFO - Setting next_dagrun for dataset_consumes_1_and_2 to None, run_after=None
[2024-04-30T08:14:53.222+0000] {logging_mixin.py:188} INFO - [2024-04-30T08:14:53.221+0000] {dag.py:3954} INFO - Setting next_dagrun for dataset_consumes_1_never_scheduled to None, run_after=None
[2024-04-30T08:14:53.223+0000] {logging_mixin.py:188} INFO - [2024-04-30T08:14:53.223+0000] {dag.py:3954} INFO - Setting next_dagrun for dataset_consumes_unknown_never_scheduled to None, run_after=None
[2024-04-30T08:14:53.228+0000] {logging_mixin.py:188} INFO - [2024-04-30T08:14:53.227+0000] {dag.py:3954} INFO - Setting next_dagrun for dataset_produces_1 to 2024-04-29 00:00:00+00:00, run_after=2024-04-30 00:00:00+00:00
[2024-04-30T08:14:53.230+0000] {logging_mixin.py:188} INFO - [2024-04-30T08:14:53.230+0000] {dag.py:3954} INFO - Setting next_dagrun for dataset_produces_2 to None, run_after=None
[2024-04-30T08:14:53.286+0000] {processor.py:183} INFO - Processing /home/airflow/.local/lib/python3.12/site-packages/airflow/example_dags/example_datasets.py took 0.248 seconds
[2024-04-30T08:15:23.409+0000] {processor.py:161} INFO - Started process (PID=199) to work on /home/airflow/.local/lib/python3.12/site-packages/airflow/example_dags/example_datasets.py
[2024-04-30T08:15:23.410+0000] {processor.py:830} INFO - Processing file /home/airflow/.local/lib/python3.12/site-packages/airflow/example_dags/example_datasets.py for tasks to queue
[2024-04-30T08:15:23.412+0000] {logging_mixin.py:188} INFO - [2024-04-30T08:15:23.411+0000] {dagbag.py:540} INFO - Filling up the DagBag from /home/airflow/.local/lib/python3.12/site-packages/airflow/example_dags/example_datasets.py
[2024-04-30T08:15:23.432+0000] {processor.py:840} INFO - DAG(s) 'dataset_consumes_unknown_never_scheduled', 'dataset_produces_2', 'consume_1_and_2_with_dataset_expressions', 'dataset_consumes_1_never_scheduled', 'dataset_consumes_1_and_2', 'dataset_produces_1', 'consume_1_or_2_with_dataset_expressions', 'conditional_dataset_and_time_based_timetable', 'dataset_consumes_1', 'consume_1_or_both_2_and_3_with_dataset_expressions' retrieved from /home/airflow/.local/lib/python3.12/site-packages/airflow/example_dags/example_datasets.py
[2024-04-30T08:15:23.505+0000] {logging_mixin.py:188} INFO - [2024-04-30T08:15:23.504+0000] {dag.py:3096} INFO - Sync 10 DAGs
[2024-04-30T08:15:23.553+0000] {logging_mixin.py:188} INFO - [2024-04-30T08:15:23.553+0000] {dag.py:3954} INFO - Setting next_dagrun for conditional_dataset_and_time_based_timetable to 2024-04-24 01:00:00+00:00, run_after=2024-04-24 01:00:00+00:00
[2024-04-30T08:15:23.568+0000] {logging_mixin.py:188} INFO - [2024-04-30T08:15:23.568+0000] {dag.py:3954} INFO - Setting next_dagrun for consume_1_and_2_with_dataset_expressions to None, run_after=None
[2024-04-30T08:15:23.571+0000] {logging_mixin.py:188} INFO - [2024-04-30T08:15:23.571+0000] {dag.py:3954} INFO - Setting next_dagrun for consume_1_or_2_with_dataset_expressions to None, run_after=None
[2024-04-30T08:15:23.581+0000] {logging_mixin.py:188} INFO - [2024-04-30T08:15:23.581+0000] {dag.py:3954} INFO - Setting next_dagrun for consume_1_or_both_2_and_3_with_dataset_expressions to None, run_after=None
[2024-04-30T08:15:23.586+0000] {logging_mixin.py:188} INFO - [2024-04-30T08:15:23.585+0000] {dag.py:3954} INFO - Setting next_dagrun for dataset_consumes_1 to None, run_after=None
[2024-04-30T08:15:23.589+0000] {logging_mixin.py:188} INFO - [2024-04-30T08:15:23.588+0000] {dag.py:3954} INFO - Setting next_dagrun for dataset_consumes_1_and_2 to None, run_after=None
[2024-04-30T08:15:23.592+0000] {logging_mixin.py:188} INFO - [2024-04-30T08:15:23.591+0000] {dag.py:3954} INFO - Setting next_dagrun for dataset_consumes_1_never_scheduled to None, run_after=None
[2024-04-30T08:15:23.595+0000] {logging_mixin.py:188} INFO - [2024-04-30T08:15:23.595+0000] {dag.py:3954} INFO - Setting next_dagrun for dataset_consumes_unknown_never_scheduled to None, run_after=None
[2024-04-30T08:15:23.604+0000] {logging_mixin.py:188} INFO - [2024-04-30T08:15:23.603+0000] {dag.py:3954} INFO - Setting next_dagrun for dataset_produces_1 to 2024-04-29 00:00:00+00:00, run_after=2024-04-30 00:00:00+00:00
[2024-04-30T08:15:23.606+0000] {logging_mixin.py:188} INFO - [2024-04-30T08:15:23.606+0000] {dag.py:3954} INFO - Setting next_dagrun for dataset_produces_2 to None, run_after=None
[2024-04-30T08:15:23.664+0000] {processor.py:183} INFO - Processing /home/airflow/.local/lib/python3.12/site-packages/airflow/example_dags/example_datasets.py took 0.262 seconds
[2024-04-30T08:15:53.721+0000] {processor.py:161} INFO - Started process (PID=259) to work on /home/airflow/.local/lib/python3.12/site-packages/airflow/example_dags/example_datasets.py
[2024-04-30T08:15:53.724+0000] {processor.py:830} INFO - Processing file /home/airflow/.local/lib/python3.12/site-packages/airflow/example_dags/example_datasets.py for tasks to queue
[2024-04-30T08:15:53.725+0000] {logging_mixin.py:188} INFO - [2024-04-30T08:15:53.724+0000] {dagbag.py:540} INFO - Filling up the DagBag from /home/airflow/.local/lib/python3.12/site-packages/airflow/example_dags/example_datasets.py
[2024-04-30T08:15:53.741+0000] {processor.py:840} INFO - DAG(s) 'consume_1_or_both_2_and_3_with_dataset_expressions', 'dataset_consumes_1_never_scheduled', 'consume_1_and_2_with_dataset_expressions', 'dataset_consumes_unknown_never_scheduled', 'dataset_produces_1', 'dataset_produces_2', 'consume_1_or_2_with_dataset_expressions', 'dataset_consumes_1_and_2', 'conditional_dataset_and_time_based_timetable', 'dataset_consumes_1' retrieved from /home/airflow/.local/lib/python3.12/site-packages/airflow/example_dags/example_datasets.py
[2024-04-30T08:15:53.799+0000] {logging_mixin.py:188} INFO - [2024-04-30T08:15:53.799+0000] {dag.py:3096} INFO - Sync 10 DAGs
[2024-04-30T08:15:53.830+0000] {logging_mixin.py:188} INFO - [2024-04-30T08:15:53.829+0000] {dag.py:3954} INFO - Setting next_dagrun for conditional_dataset_and_time_based_timetable to 2024-04-24 01:00:00+00:00, run_after=2024-04-24 01:00:00+00:00
[2024-04-30T08:15:53.834+0000] {logging_mixin.py:188} INFO - [2024-04-30T08:15:53.834+0000] {dag.py:3954} INFO - Setting next_dagrun for consume_1_and_2_with_dataset_expressions to None, run_after=None
[2024-04-30T08:15:53.835+0000] {logging_mixin.py:188} INFO - [2024-04-30T08:15:53.835+0000] {dag.py:3954} INFO - Setting next_dagrun for consume_1_or_2_with_dataset_expressions to None, run_after=None
[2024-04-30T08:15:53.837+0000] {logging_mixin.py:188} INFO - [2024-04-30T08:15:53.837+0000] {dag.py:3954} INFO - Setting next_dagrun for consume_1_or_both_2_and_3_with_dataset_expressions to None, run_after=None
[2024-04-30T08:15:53.838+0000] {logging_mixin.py:188} INFO - [2024-04-30T08:15:53.838+0000] {dag.py:3954} INFO - Setting next_dagrun for dataset_consumes_1 to None, run_after=None
[2024-04-30T08:15:53.840+0000] {logging_mixin.py:188} INFO - [2024-04-30T08:15:53.840+0000] {dag.py:3954} INFO - Setting next_dagrun for dataset_consumes_1_and_2 to None, run_after=None
[2024-04-30T08:15:53.841+0000] {logging_mixin.py:188} INFO - [2024-04-30T08:15:53.841+0000] {dag.py:3954} INFO - Setting next_dagrun for dataset_consumes_1_never_scheduled to None, run_after=None
[2024-04-30T08:15:53.843+0000] {logging_mixin.py:188} INFO - [2024-04-30T08:15:53.842+0000] {dag.py:3954} INFO - Setting next_dagrun for dataset_consumes_unknown_never_scheduled to None, run_after=None
[2024-04-30T08:15:53.846+0000] {logging_mixin.py:188} INFO - [2024-04-30T08:15:53.846+0000] {dag.py:3954} INFO - Setting next_dagrun for dataset_produces_1 to 2024-04-29 00:00:00+00:00, run_after=2024-04-30 00:00:00+00:00
[2024-04-30T08:15:53.849+0000] {logging_mixin.py:188} INFO - [2024-04-30T08:15:53.849+0000] {dag.py:3954} INFO - Setting next_dagrun for dataset_produces_2 to None, run_after=None
[2024-04-30T08:15:53.889+0000] {processor.py:183} INFO - Processing /home/airflow/.local/lib/python3.12/site-packages/airflow/example_dags/example_datasets.py took 0.178 seconds
[2024-04-30T08:16:23.998+0000] {processor.py:161} INFO - Started process (PID=320) to work on /home/airflow/.local/lib/python3.12/site-packages/airflow/example_dags/example_datasets.py
[2024-04-30T08:16:23.999+0000] {processor.py:830} INFO - Processing file /home/airflow/.local/lib/python3.12/site-packages/airflow/example_dags/example_datasets.py for tasks to queue
[2024-04-30T08:16:24.000+0000] {logging_mixin.py:188} INFO - [2024-04-30T08:16:24.000+0000] {dagbag.py:540} INFO - Filling up the DagBag from /home/airflow/.local/lib/python3.12/site-packages/airflow/example_dags/example_datasets.py
[2024-04-30T08:16:24.017+0000] {processor.py:840} INFO - DAG(s) 'consume_1_or_2_with_dataset_expressions', 'consume_1_or_both_2_and_3_with_dataset_expressions', 'dataset_produces_2', 'conditional_dataset_and_time_based_timetable', 'dataset_consumes_unknown_never_scheduled', 'dataset_consumes_1', 'dataset_consumes_1_and_2', 'consume_1_and_2_with_dataset_expressions', 'dataset_produces_1', 'dataset_consumes_1_never_scheduled' retrieved from /home/airflow/.local/lib/python3.12/site-packages/airflow/example_dags/example_datasets.py
[2024-04-30T08:16:24.071+0000] {logging_mixin.py:188} INFO - [2024-04-30T08:16:24.070+0000] {dag.py:3096} INFO - Sync 10 DAGs
[2024-04-30T08:16:24.106+0000] {logging_mixin.py:188} INFO - [2024-04-30T08:16:24.106+0000] {dag.py:3954} INFO - Setting next_dagrun for conditional_dataset_and_time_based_timetable to 2024-04-24 01:00:00+00:00, run_after=2024-04-24 01:00:00+00:00
[2024-04-30T08:16:24.111+0000] {logging_mixin.py:188} INFO - [2024-04-30T08:16:24.110+0000] {dag.py:3954} INFO - Setting next_dagrun for consume_1_and_2_with_dataset_expressions to None, run_after=None
[2024-04-30T08:16:24.113+0000] {logging_mixin.py:188} INFO - [2024-04-30T08:16:24.112+0000] {dag.py:3954} INFO - Setting next_dagrun for consume_1_or_2_with_dataset_expressions to None, run_after=None
[2024-04-30T08:16:24.115+0000] {logging_mixin.py:188} INFO - [2024-04-30T08:16:24.115+0000] {dag.py:3954} INFO - Setting next_dagrun for consume_1_or_both_2_and_3_with_dataset_expressions to None, run_after=None
[2024-04-30T08:16:24.117+0000] {logging_mixin.py:188} INFO - [2024-04-30T08:16:24.117+0000] {dag.py:3954} INFO - Setting next_dagrun for dataset_consumes_1 to None, run_after=None
[2024-04-30T08:16:24.119+0000] {logging_mixin.py:188} INFO - [2024-04-30T08:16:24.119+0000] {dag.py:3954} INFO - Setting next_dagrun for dataset_consumes_1_and_2 to None, run_after=None
[2024-04-30T08:16:24.122+0000] {logging_mixin.py:188} INFO - [2024-04-30T08:16:24.121+0000] {dag.py:3954} INFO - Setting next_dagrun for dataset_consumes_1_never_scheduled to None, run_after=None
[2024-04-30T08:16:24.124+0000] {logging_mixin.py:188} INFO - [2024-04-30T08:16:24.124+0000] {dag.py:3954} INFO - Setting next_dagrun for dataset_consumes_unknown_never_scheduled to None, run_after=None
[2024-04-30T08:16:24.127+0000] {logging_mixin.py:188} INFO - [2024-04-30T08:16:24.127+0000] {dag.py:3954} INFO - Setting next_dagrun for dataset_produces_1 to 2024-04-29 00:00:00+00:00, run_after=2024-04-30 00:00:00+00:00
[2024-04-30T08:16:24.130+0000] {logging_mixin.py:188} INFO - [2024-04-30T08:16:24.129+0000] {dag.py:3954} INFO - Setting next_dagrun for dataset_produces_2 to None, run_after=None
[2024-04-30T08:16:24.173+0000] {processor.py:183} INFO - Processing /home/airflow/.local/lib/python3.12/site-packages/airflow/example_dags/example_datasets.py took 0.181 seconds
[2024-04-30T08:16:54.211+0000] {processor.py:161} INFO - Started process (PID=379) to work on /home/airflow/.local/lib/python3.12/site-packages/airflow/example_dags/example_datasets.py
[2024-04-30T08:16:54.212+0000] {processor.py:830} INFO - Processing file /home/airflow/.local/lib/python3.12/site-packages/airflow/example_dags/example_datasets.py for tasks to queue
[2024-04-30T08:16:54.214+0000] {logging_mixin.py:188} INFO - [2024-04-30T08:16:54.213+0000] {dagbag.py:540} INFO - Filling up the DagBag from /home/airflow/.local/lib/python3.12/site-packages/airflow/example_dags/example_datasets.py
[2024-04-30T08:16:54.232+0000] {processor.py:840} INFO - DAG(s) 'dataset_consumes_1_never_scheduled', 'consume_1_and_2_with_dataset_expressions', 'dataset_consumes_1_and_2', 'conditional_dataset_and_time_based_timetable', 'dataset_produces_1', 'consume_1_or_both_2_and_3_with_dataset_expressions', 'consume_1_or_2_with_dataset_expressions', 'dataset_consumes_1', 'dataset_produces_2', 'dataset_consumes_unknown_never_scheduled' retrieved from /home/airflow/.local/lib/python3.12/site-packages/airflow/example_dags/example_datasets.py
[2024-04-30T08:16:54.317+0000] {logging_mixin.py:188} INFO - [2024-04-30T08:16:54.317+0000] {dag.py:3096} INFO - Sync 10 DAGs
[2024-04-30T08:16:54.371+0000] {logging_mixin.py:188} INFO - [2024-04-30T08:16:54.370+0000] {dag.py:3954} INFO - Setting next_dagrun for conditional_dataset_and_time_based_timetable to 2024-04-24 01:00:00+00:00, run_after=2024-04-24 01:00:00+00:00
[2024-04-30T08:16:54.375+0000] {logging_mixin.py:188} INFO - [2024-04-30T08:16:54.375+0000] {dag.py:3954} INFO - Setting next_dagrun for consume_1_and_2_with_dataset_expressions to None, run_after=None
[2024-04-30T08:16:54.377+0000] {logging_mixin.py:188} INFO - [2024-04-30T08:16:54.377+0000] {dag.py:3954} INFO - Setting next_dagrun for consume_1_or_2_with_dataset_expressions to None, run_after=None
[2024-04-30T08:16:54.378+0000] {logging_mixin.py:188} INFO - [2024-04-30T08:16:54.378+0000] {dag.py:3954} INFO - Setting next_dagrun for consume_1_or_both_2_and_3_with_dataset_expressions to None, run_after=None
[2024-04-30T08:16:54.379+0000] {logging_mixin.py:188} INFO - [2024-04-30T08:16:54.379+0000] {dag.py:3954} INFO - Setting next_dagrun for dataset_consumes_1 to None, run_after=None
[2024-04-30T08:16:54.382+0000] {logging_mixin.py:188} INFO - [2024-04-30T08:16:54.381+0000] {dag.py:3954} INFO - Setting next_dagrun for dataset_consumes_1_and_2 to None, run_after=None
[2024-04-30T08:16:54.384+0000] {logging_mixin.py:188} INFO - [2024-04-30T08:16:54.384+0000] {dag.py:3954} INFO - Setting next_dagrun for dataset_consumes_1_never_scheduled to None, run_after=None
[2024-04-30T08:16:54.385+0000] {logging_mixin.py:188} INFO - [2024-04-30T08:16:54.385+0000] {dag.py:3954} INFO - Setting next_dagrun for dataset_consumes_unknown_never_scheduled to None, run_after=None
[2024-04-30T08:16:54.388+0000] {logging_mixin.py:188} INFO - [2024-04-30T08:16:54.388+0000] {dag.py:3954} INFO - Setting next_dagrun for dataset_produces_1 to 2024-04-29 00:00:00+00:00, run_after=2024-04-30 00:00:00+00:00
[2024-04-30T08:16:54.389+0000] {logging_mixin.py:188} INFO - [2024-04-30T08:16:54.389+0000] {dag.py:3954} INFO - Setting next_dagrun for dataset_produces_2 to None, run_after=None
[2024-04-30T08:16:54.439+0000] {processor.py:183} INFO - Processing /home/airflow/.local/lib/python3.12/site-packages/airflow/example_dags/example_datasets.py took 0.238 seconds
