[2024-04-30T08:14:11.541+0000] {processor.py:161} INFO - Started process (PID=40) to work on /home/airflow/.local/lib/python3.12/site-packages/airflow/example_dags/example_skip_dag.py
[2024-04-30T08:14:11.542+0000] {processor.py:830} INFO - Processing file /home/airflow/.local/lib/python3.12/site-packages/airflow/example_dags/example_skip_dag.py for tasks to queue
[2024-04-30T08:14:11.546+0000] {logging_mixin.py:188} INFO - [2024-04-30T08:14:11.546+0000] {dagbag.py:540} INFO - Filling up the DagBag from /home/airflow/.local/lib/python3.12/site-packages/airflow/example_dags/example_skip_dag.py
[2024-04-30T08:14:11.569+0000] {processor.py:840} INFO - DAG(s) 'example_skip_dag' retrieved from /home/airflow/.local/lib/python3.12/site-packages/airflow/example_dags/example_skip_dag.py
[2024-04-30T08:14:11.844+0000] {logging_mixin.py:188} INFO - [2024-04-30T08:14:11.844+0000] {dag.py:3096} INFO - Sync 1 DAGs
[2024-04-30T08:14:11.883+0000] {logging_mixin.py:188} INFO - [2024-04-30T08:14:11.883+0000] {dag.py:3954} INFO - Setting next_dagrun for example_skip_dag to 2024-04-29 00:00:00+00:00, run_after=2024-04-30 00:00:00+00:00
[2024-04-30T08:14:11.918+0000] {processor.py:183} INFO - Processing /home/airflow/.local/lib/python3.12/site-packages/airflow/example_dags/example_skip_dag.py took 0.393 seconds
[2024-04-30T08:14:42.893+0000] {processor.py:161} INFO - Started process (PID=101) to work on /home/airflow/.local/lib/python3.12/site-packages/airflow/example_dags/example_skip_dag.py
[2024-04-30T08:14:42.894+0000] {processor.py:830} INFO - Processing file /home/airflow/.local/lib/python3.12/site-packages/airflow/example_dags/example_skip_dag.py for tasks to queue
[2024-04-30T08:14:42.896+0000] {logging_mixin.py:188} INFO - [2024-04-30T08:14:42.896+0000] {dagbag.py:540} INFO - Filling up the DagBag from /home/airflow/.local/lib/python3.12/site-packages/airflow/example_dags/example_skip_dag.py
[2024-04-30T08:14:42.905+0000] {processor.py:840} INFO - DAG(s) 'example_skip_dag' retrieved from /home/airflow/.local/lib/python3.12/site-packages/airflow/example_dags/example_skip_dag.py
[2024-04-30T08:14:42.932+0000] {logging_mixin.py:188} INFO - [2024-04-30T08:14:42.932+0000] {dag.py:3096} INFO - Sync 1 DAGs
[2024-04-30T08:14:42.962+0000] {logging_mixin.py:188} INFO - [2024-04-30T08:14:42.962+0000] {dag.py:3954} INFO - Setting next_dagrun for example_skip_dag to 2024-04-29 00:00:00+00:00, run_after=2024-04-30 00:00:00+00:00
[2024-04-30T08:14:42.986+0000] {processor.py:183} INFO - Processing /home/airflow/.local/lib/python3.12/site-packages/airflow/example_dags/example_skip_dag.py took 0.100 seconds
[2024-04-30T08:15:13.955+0000] {processor.py:161} INFO - Started process (PID=161) to work on /home/airflow/.local/lib/python3.12/site-packages/airflow/example_dags/example_skip_dag.py
[2024-04-30T08:15:13.957+0000] {processor.py:830} INFO - Processing file /home/airflow/.local/lib/python3.12/site-packages/airflow/example_dags/example_skip_dag.py for tasks to queue
[2024-04-30T08:15:13.958+0000] {logging_mixin.py:188} INFO - [2024-04-30T08:15:13.957+0000] {dagbag.py:540} INFO - Filling up the DagBag from /home/airflow/.local/lib/python3.12/site-packages/airflow/example_dags/example_skip_dag.py
[2024-04-30T08:15:13.968+0000] {processor.py:840} INFO - DAG(s) 'example_skip_dag' retrieved from /home/airflow/.local/lib/python3.12/site-packages/airflow/example_dags/example_skip_dag.py
[2024-04-30T08:15:13.993+0000] {logging_mixin.py:188} INFO - [2024-04-30T08:15:13.992+0000] {dag.py:3096} INFO - Sync 1 DAGs
[2024-04-30T08:15:14.018+0000] {logging_mixin.py:188} INFO - [2024-04-30T08:15:14.018+0000] {dag.py:3954} INFO - Setting next_dagrun for example_skip_dag to 2024-04-29 00:00:00+00:00, run_after=2024-04-30 00:00:00+00:00
[2024-04-30T08:15:14.041+0000] {processor.py:183} INFO - Processing /home/airflow/.local/lib/python3.12/site-packages/airflow/example_dags/example_skip_dag.py took 0.092 seconds
[2024-04-30T08:15:44.371+0000] {processor.py:161} INFO - Started process (PID=221) to work on /home/airflow/.local/lib/python3.12/site-packages/airflow/example_dags/example_skip_dag.py
[2024-04-30T08:15:44.373+0000] {processor.py:830} INFO - Processing file /home/airflow/.local/lib/python3.12/site-packages/airflow/example_dags/example_skip_dag.py for tasks to queue
[2024-04-30T08:15:44.374+0000] {logging_mixin.py:188} INFO - [2024-04-30T08:15:44.374+0000] {dagbag.py:540} INFO - Filling up the DagBag from /home/airflow/.local/lib/python3.12/site-packages/airflow/example_dags/example_skip_dag.py
[2024-04-30T08:15:44.381+0000] {processor.py:840} INFO - DAG(s) 'example_skip_dag' retrieved from /home/airflow/.local/lib/python3.12/site-packages/airflow/example_dags/example_skip_dag.py
[2024-04-30T08:15:44.404+0000] {logging_mixin.py:188} INFO - [2024-04-30T08:15:44.403+0000] {dag.py:3096} INFO - Sync 1 DAGs
[2024-04-30T08:15:44.426+0000] {logging_mixin.py:188} INFO - [2024-04-30T08:15:44.426+0000] {dag.py:3954} INFO - Setting next_dagrun for example_skip_dag to 2024-04-29 00:00:00+00:00, run_after=2024-04-30 00:00:00+00:00
[2024-04-30T08:15:44.446+0000] {processor.py:183} INFO - Processing /home/airflow/.local/lib/python3.12/site-packages/airflow/example_dags/example_skip_dag.py took 0.080 seconds
[2024-04-30T08:16:14.695+0000] {processor.py:161} INFO - Started process (PID=281) to work on /home/airflow/.local/lib/python3.12/site-packages/airflow/example_dags/example_skip_dag.py
[2024-04-30T08:16:14.698+0000] {processor.py:830} INFO - Processing file /home/airflow/.local/lib/python3.12/site-packages/airflow/example_dags/example_skip_dag.py for tasks to queue
[2024-04-30T08:16:14.699+0000] {logging_mixin.py:188} INFO - [2024-04-30T08:16:14.699+0000] {dagbag.py:540} INFO - Filling up the DagBag from /home/airflow/.local/lib/python3.12/site-packages/airflow/example_dags/example_skip_dag.py
[2024-04-30T08:16:14.707+0000] {processor.py:840} INFO - DAG(s) 'example_skip_dag' retrieved from /home/airflow/.local/lib/python3.12/site-packages/airflow/example_dags/example_skip_dag.py
[2024-04-30T08:16:14.735+0000] {logging_mixin.py:188} INFO - [2024-04-30T08:16:14.735+0000] {dag.py:3096} INFO - Sync 1 DAGs
[2024-04-30T08:16:14.763+0000] {logging_mixin.py:188} INFO - [2024-04-30T08:16:14.763+0000] {dag.py:3954} INFO - Setting next_dagrun for example_skip_dag to 2024-04-29 00:00:00+00:00, run_after=2024-04-30 00:00:00+00:00
[2024-04-30T08:16:14.789+0000] {processor.py:183} INFO - Processing /home/airflow/.local/lib/python3.12/site-packages/airflow/example_dags/example_skip_dag.py took 0.101 seconds
[2024-04-30T08:16:44.842+0000] {processor.py:161} INFO - Started process (PID=341) to work on /home/airflow/.local/lib/python3.12/site-packages/airflow/example_dags/example_skip_dag.py
[2024-04-30T08:16:44.844+0000] {processor.py:830} INFO - Processing file /home/airflow/.local/lib/python3.12/site-packages/airflow/example_dags/example_skip_dag.py for tasks to queue
[2024-04-30T08:16:44.845+0000] {logging_mixin.py:188} INFO - [2024-04-30T08:16:44.844+0000] {dagbag.py:540} INFO - Filling up the DagBag from /home/airflow/.local/lib/python3.12/site-packages/airflow/example_dags/example_skip_dag.py
[2024-04-30T08:16:44.854+0000] {processor.py:840} INFO - DAG(s) 'example_skip_dag' retrieved from /home/airflow/.local/lib/python3.12/site-packages/airflow/example_dags/example_skip_dag.py
[2024-04-30T08:16:44.878+0000] {logging_mixin.py:188} INFO - [2024-04-30T08:16:44.877+0000] {dag.py:3096} INFO - Sync 1 DAGs
[2024-04-30T08:16:44.903+0000] {logging_mixin.py:188} INFO - [2024-04-30T08:16:44.903+0000] {dag.py:3954} INFO - Setting next_dagrun for example_skip_dag to 2024-04-29 00:00:00+00:00, run_after=2024-04-30 00:00:00+00:00
[2024-04-30T08:16:44.924+0000] {processor.py:183} INFO - Processing /home/airflow/.local/lib/python3.12/site-packages/airflow/example_dags/example_skip_dag.py took 0.091 seconds
