[2024-04-30T08:14:20.597+0000] {processor.py:161} INFO - Started process (PID=72) to work on /home/airflow/.local/lib/python3.12/site-packages/airflow/example_dags/example_task_group.py
[2024-04-30T08:14:20.598+0000] {processor.py:830} INFO - Processing file /home/airflow/.local/lib/python3.12/site-packages/airflow/example_dags/example_task_group.py for tasks to queue
[2024-04-30T08:14:20.607+0000] {logging_mixin.py:188} INFO - [2024-04-30T08:14:20.606+0000] {dagbag.py:540} INFO - Filling up the DagBag from /home/airflow/.local/lib/python3.12/site-packages/airflow/example_dags/example_task_group.py
[2024-04-30T08:14:20.630+0000] {processor.py:840} INFO - DAG(s) 'example_task_group' retrieved from /home/airflow/.local/lib/python3.12/site-packages/airflow/example_dags/example_task_group.py
[2024-04-30T08:14:20.849+0000] {logging_mixin.py:188} INFO - [2024-04-30T08:14:20.848+0000] {dag.py:3096} INFO - Sync 1 DAGs
[2024-04-30T08:14:20.880+0000] {logging_mixin.py:188} INFO - [2024-04-30T08:14:20.880+0000] {dag.py:3954} INFO - Setting next_dagrun for example_task_group to 2024-04-29 00:00:00+00:00, run_after=2024-04-30 00:00:00+00:00
[2024-04-30T08:14:20.912+0000] {processor.py:183} INFO - Processing /home/airflow/.local/lib/python3.12/site-packages/airflow/example_dags/example_task_group.py took 0.329 seconds
[2024-04-30T08:14:51.161+0000] {processor.py:161} INFO - Started process (PID=132) to work on /home/airflow/.local/lib/python3.12/site-packages/airflow/example_dags/example_task_group.py
[2024-04-30T08:14:51.162+0000] {processor.py:830} INFO - Processing file /home/airflow/.local/lib/python3.12/site-packages/airflow/example_dags/example_task_group.py for tasks to queue
[2024-04-30T08:14:51.165+0000] {logging_mixin.py:188} INFO - [2024-04-30T08:14:51.164+0000] {dagbag.py:540} INFO - Filling up the DagBag from /home/airflow/.local/lib/python3.12/site-packages/airflow/example_dags/example_task_group.py
[2024-04-30T08:14:51.185+0000] {processor.py:840} INFO - DAG(s) 'example_task_group' retrieved from /home/airflow/.local/lib/python3.12/site-packages/airflow/example_dags/example_task_group.py
[2024-04-30T08:14:51.239+0000] {logging_mixin.py:188} INFO - [2024-04-30T08:14:51.239+0000] {dag.py:3096} INFO - Sync 1 DAGs
[2024-04-30T08:14:51.284+0000] {logging_mixin.py:188} INFO - [2024-04-30T08:14:51.283+0000] {dag.py:3954} INFO - Setting next_dagrun for example_task_group to 2024-04-29 00:00:00+00:00, run_after=2024-04-30 00:00:00+00:00
[2024-04-30T08:14:51.309+0000] {processor.py:183} INFO - Processing /home/airflow/.local/lib/python3.12/site-packages/airflow/example_dags/example_task_group.py took 0.157 seconds
[2024-04-30T08:15:21.731+0000] {processor.py:161} INFO - Started process (PID=192) to work on /home/airflow/.local/lib/python3.12/site-packages/airflow/example_dags/example_task_group.py
[2024-04-30T08:15:21.733+0000] {processor.py:830} INFO - Processing file /home/airflow/.local/lib/python3.12/site-packages/airflow/example_dags/example_task_group.py for tasks to queue
[2024-04-30T08:15:21.734+0000] {logging_mixin.py:188} INFO - [2024-04-30T08:15:21.733+0000] {dagbag.py:540} INFO - Filling up the DagBag from /home/airflow/.local/lib/python3.12/site-packages/airflow/example_dags/example_task_group.py
[2024-04-30T08:15:21.744+0000] {processor.py:840} INFO - DAG(s) 'example_task_group' retrieved from /home/airflow/.local/lib/python3.12/site-packages/airflow/example_dags/example_task_group.py
[2024-04-30T08:15:21.781+0000] {logging_mixin.py:188} INFO - [2024-04-30T08:15:21.781+0000] {dag.py:3096} INFO - Sync 1 DAGs
[2024-04-30T08:15:21.820+0000] {logging_mixin.py:188} INFO - [2024-04-30T08:15:21.819+0000] {dag.py:3954} INFO - Setting next_dagrun for example_task_group to 2024-04-29 00:00:00+00:00, run_after=2024-04-30 00:00:00+00:00
[2024-04-30T08:15:21.855+0000] {processor.py:183} INFO - Processing /home/airflow/.local/lib/python3.12/site-packages/airflow/example_dags/example_task_group.py took 0.131 seconds
[2024-04-30T08:15:52.237+0000] {processor.py:161} INFO - Started process (PID=252) to work on /home/airflow/.local/lib/python3.12/site-packages/airflow/example_dags/example_task_group.py
[2024-04-30T08:15:52.238+0000] {processor.py:830} INFO - Processing file /home/airflow/.local/lib/python3.12/site-packages/airflow/example_dags/example_task_group.py for tasks to queue
[2024-04-30T08:15:52.239+0000] {logging_mixin.py:188} INFO - [2024-04-30T08:15:52.239+0000] {dagbag.py:540} INFO - Filling up the DagBag from /home/airflow/.local/lib/python3.12/site-packages/airflow/example_dags/example_task_group.py
[2024-04-30T08:15:52.248+0000] {processor.py:840} INFO - DAG(s) 'example_task_group' retrieved from /home/airflow/.local/lib/python3.12/site-packages/airflow/example_dags/example_task_group.py
[2024-04-30T08:15:52.275+0000] {logging_mixin.py:188} INFO - [2024-04-30T08:15:52.274+0000] {dag.py:3096} INFO - Sync 1 DAGs
[2024-04-30T08:15:52.305+0000] {logging_mixin.py:188} INFO - [2024-04-30T08:15:52.305+0000] {dag.py:3954} INFO - Setting next_dagrun for example_task_group to 2024-04-29 00:00:00+00:00, run_after=2024-04-30 00:00:00+00:00
[2024-04-30T08:15:52.331+0000] {processor.py:183} INFO - Processing /home/airflow/.local/lib/python3.12/site-packages/airflow/example_dags/example_task_group.py took 0.102 seconds
[2024-04-30T08:16:22.564+0000] {processor.py:161} INFO - Started process (PID=312) to work on /home/airflow/.local/lib/python3.12/site-packages/airflow/example_dags/example_task_group.py
[2024-04-30T08:16:22.565+0000] {processor.py:830} INFO - Processing file /home/airflow/.local/lib/python3.12/site-packages/airflow/example_dags/example_task_group.py for tasks to queue
[2024-04-30T08:16:22.566+0000] {logging_mixin.py:188} INFO - [2024-04-30T08:16:22.566+0000] {dagbag.py:540} INFO - Filling up the DagBag from /home/airflow/.local/lib/python3.12/site-packages/airflow/example_dags/example_task_group.py
[2024-04-30T08:16:22.575+0000] {processor.py:840} INFO - DAG(s) 'example_task_group' retrieved from /home/airflow/.local/lib/python3.12/site-packages/airflow/example_dags/example_task_group.py
[2024-04-30T08:16:22.605+0000] {logging_mixin.py:188} INFO - [2024-04-30T08:16:22.604+0000] {dag.py:3096} INFO - Sync 1 DAGs
[2024-04-30T08:16:22.631+0000] {logging_mixin.py:188} INFO - [2024-04-30T08:16:22.631+0000] {dag.py:3954} INFO - Setting next_dagrun for example_task_group to 2024-04-29 00:00:00+00:00, run_after=2024-04-30 00:00:00+00:00
[2024-04-30T08:16:22.653+0000] {processor.py:183} INFO - Processing /home/airflow/.local/lib/python3.12/site-packages/airflow/example_dags/example_task_group.py took 0.095 seconds
[2024-04-30T08:16:52.733+0000] {processor.py:161} INFO - Started process (PID=372) to work on /home/airflow/.local/lib/python3.12/site-packages/airflow/example_dags/example_task_group.py
[2024-04-30T08:16:52.734+0000] {processor.py:830} INFO - Processing file /home/airflow/.local/lib/python3.12/site-packages/airflow/example_dags/example_task_group.py for tasks to queue
[2024-04-30T08:16:52.735+0000] {logging_mixin.py:188} INFO - [2024-04-30T08:16:52.735+0000] {dagbag.py:540} INFO - Filling up the DagBag from /home/airflow/.local/lib/python3.12/site-packages/airflow/example_dags/example_task_group.py
[2024-04-30T08:16:52.744+0000] {processor.py:840} INFO - DAG(s) 'example_task_group' retrieved from /home/airflow/.local/lib/python3.12/site-packages/airflow/example_dags/example_task_group.py
[2024-04-30T08:16:52.768+0000] {logging_mixin.py:188} INFO - [2024-04-30T08:16:52.768+0000] {dag.py:3096} INFO - Sync 1 DAGs
[2024-04-30T08:16:52.813+0000] {logging_mixin.py:188} INFO - [2024-04-30T08:16:52.812+0000] {dag.py:3954} INFO - Setting next_dagrun for example_task_group to 2024-04-29 00:00:00+00:00, run_after=2024-04-30 00:00:00+00:00
[2024-04-30T08:16:52.868+0000] {processor.py:183} INFO - Processing /home/airflow/.local/lib/python3.12/site-packages/airflow/example_dags/example_task_group.py took 0.141 seconds
