[2024-04-30T08:14:17.719+0000] {processor.py:161} INFO - Started process (PID=62) to work on /home/airflow/.local/lib/python3.12/site-packages/airflow/example_dags/example_complex.py
[2024-04-30T08:14:17.721+0000] {processor.py:830} INFO - Processing file /home/airflow/.local/lib/python3.12/site-packages/airflow/example_dags/example_complex.py for tasks to queue
[2024-04-30T08:14:17.725+0000] {logging_mixin.py:188} INFO - [2024-04-30T08:14:17.725+0000] {dagbag.py:540} INFO - Filling up the DagBag from /home/airflow/.local/lib/python3.12/site-packages/airflow/example_dags/example_complex.py
[2024-04-30T08:14:17.782+0000] {processor.py:840} INFO - DAG(s) 'example_complex' retrieved from /home/airflow/.local/lib/python3.12/site-packages/airflow/example_dags/example_complex.py
[2024-04-30T08:14:18.020+0000] {logging_mixin.py:188} INFO - [2024-04-30T08:14:18.020+0000] {dag.py:3096} INFO - Sync 1 DAGs
[2024-04-30T08:14:18.052+0000] {logging_mixin.py:188} INFO - [2024-04-30T08:14:18.051+0000] {dag.py:3954} INFO - Setting next_dagrun for example_complex to None, run_after=None
[2024-04-30T08:14:18.091+0000] {processor.py:183} INFO - Processing /home/airflow/.local/lib/python3.12/site-packages/airflow/example_dags/example_complex.py took 0.395 seconds
[2024-04-30T08:14:48.256+0000] {processor.py:161} INFO - Started process (PID=123) to work on /home/airflow/.local/lib/python3.12/site-packages/airflow/example_dags/example_complex.py
[2024-04-30T08:14:48.258+0000] {processor.py:830} INFO - Processing file /home/airflow/.local/lib/python3.12/site-packages/airflow/example_dags/example_complex.py for tasks to queue
[2024-04-30T08:14:48.266+0000] {logging_mixin.py:188} INFO - [2024-04-30T08:14:48.265+0000] {dagbag.py:540} INFO - Filling up the DagBag from /home/airflow/.local/lib/python3.12/site-packages/airflow/example_dags/example_complex.py
[2024-04-30T08:14:48.286+0000] {processor.py:840} INFO - DAG(s) 'example_complex' retrieved from /home/airflow/.local/lib/python3.12/site-packages/airflow/example_dags/example_complex.py
[2024-04-30T08:14:48.330+0000] {logging_mixin.py:188} INFO - [2024-04-30T08:14:48.329+0000] {dag.py:3096} INFO - Sync 1 DAGs
[2024-04-30T08:14:48.346+0000] {logging_mixin.py:188} INFO - [2024-04-30T08:14:48.346+0000] {dag.py:3954} INFO - Setting next_dagrun for example_complex to None, run_after=None
[2024-04-30T08:14:48.371+0000] {processor.py:183} INFO - Processing /home/airflow/.local/lib/python3.12/site-packages/airflow/example_dags/example_complex.py took 0.135 seconds
[2024-04-30T08:15:19.130+0000] {processor.py:161} INFO - Started process (PID=183) to work on /home/airflow/.local/lib/python3.12/site-packages/airflow/example_dags/example_complex.py
[2024-04-30T08:15:19.131+0000] {processor.py:830} INFO - Processing file /home/airflow/.local/lib/python3.12/site-packages/airflow/example_dags/example_complex.py for tasks to queue
[2024-04-30T08:15:19.132+0000] {logging_mixin.py:188} INFO - [2024-04-30T08:15:19.132+0000] {dagbag.py:540} INFO - Filling up the DagBag from /home/airflow/.local/lib/python3.12/site-packages/airflow/example_dags/example_complex.py
[2024-04-30T08:15:19.149+0000] {processor.py:840} INFO - DAG(s) 'example_complex' retrieved from /home/airflow/.local/lib/python3.12/site-packages/airflow/example_dags/example_complex.py
[2024-04-30T08:15:19.213+0000] {logging_mixin.py:188} INFO - [2024-04-30T08:15:19.211+0000] {dag.py:3096} INFO - Sync 1 DAGs
[2024-04-30T08:15:19.261+0000] {logging_mixin.py:188} INFO - [2024-04-30T08:15:19.260+0000] {dag.py:3954} INFO - Setting next_dagrun for example_complex to None, run_after=None
[2024-04-30T08:15:19.328+0000] {processor.py:183} INFO - Processing /home/airflow/.local/lib/python3.12/site-packages/airflow/example_dags/example_complex.py took 0.206 seconds
[2024-04-30T08:15:49.584+0000] {processor.py:161} INFO - Started process (PID=243) to work on /home/airflow/.local/lib/python3.12/site-packages/airflow/example_dags/example_complex.py
[2024-04-30T08:15:49.585+0000] {processor.py:830} INFO - Processing file /home/airflow/.local/lib/python3.12/site-packages/airflow/example_dags/example_complex.py for tasks to queue
[2024-04-30T08:15:49.586+0000] {logging_mixin.py:188} INFO - [2024-04-30T08:15:49.586+0000] {dagbag.py:540} INFO - Filling up the DagBag from /home/airflow/.local/lib/python3.12/site-packages/airflow/example_dags/example_complex.py
[2024-04-30T08:15:49.599+0000] {processor.py:840} INFO - DAG(s) 'example_complex' retrieved from /home/airflow/.local/lib/python3.12/site-packages/airflow/example_dags/example_complex.py
[2024-04-30T08:15:49.641+0000] {logging_mixin.py:188} INFO - [2024-04-30T08:15:49.641+0000] {dag.py:3096} INFO - Sync 1 DAGs
[2024-04-30T08:15:49.659+0000] {logging_mixin.py:188} INFO - [2024-04-30T08:15:49.658+0000] {dag.py:3954} INFO - Setting next_dagrun for example_complex to None, run_after=None
[2024-04-30T08:15:49.684+0000] {processor.py:183} INFO - Processing /home/airflow/.local/lib/python3.12/site-packages/airflow/example_dags/example_complex.py took 0.110 seconds
[2024-04-30T08:16:20.028+0000] {processor.py:161} INFO - Started process (PID=303) to work on /home/airflow/.local/lib/python3.12/site-packages/airflow/example_dags/example_complex.py
[2024-04-30T08:16:20.030+0000] {processor.py:830} INFO - Processing file /home/airflow/.local/lib/python3.12/site-packages/airflow/example_dags/example_complex.py for tasks to queue
[2024-04-30T08:16:20.031+0000] {logging_mixin.py:188} INFO - [2024-04-30T08:16:20.030+0000] {dagbag.py:540} INFO - Filling up the DagBag from /home/airflow/.local/lib/python3.12/site-packages/airflow/example_dags/example_complex.py
[2024-04-30T08:16:20.042+0000] {processor.py:840} INFO - DAG(s) 'example_complex' retrieved from /home/airflow/.local/lib/python3.12/site-packages/airflow/example_dags/example_complex.py
[2024-04-30T08:16:20.083+0000] {logging_mixin.py:188} INFO - [2024-04-30T08:16:20.083+0000] {dag.py:3096} INFO - Sync 1 DAGs
[2024-04-30T08:16:20.098+0000] {logging_mixin.py:188} INFO - [2024-04-30T08:16:20.098+0000] {dag.py:3954} INFO - Setting next_dagrun for example_complex to None, run_after=None
[2024-04-30T08:16:20.118+0000] {processor.py:183} INFO - Processing /home/airflow/.local/lib/python3.12/site-packages/airflow/example_dags/example_complex.py took 0.096 seconds
[2024-04-30T08:16:50.205+0000] {processor.py:161} INFO - Started process (PID=363) to work on /home/airflow/.local/lib/python3.12/site-packages/airflow/example_dags/example_complex.py
[2024-04-30T08:16:50.206+0000] {processor.py:830} INFO - Processing file /home/airflow/.local/lib/python3.12/site-packages/airflow/example_dags/example_complex.py for tasks to queue
[2024-04-30T08:16:50.207+0000] {logging_mixin.py:188} INFO - [2024-04-30T08:16:50.207+0000] {dagbag.py:540} INFO - Filling up the DagBag from /home/airflow/.local/lib/python3.12/site-packages/airflow/example_dags/example_complex.py
[2024-04-30T08:16:50.220+0000] {processor.py:840} INFO - DAG(s) 'example_complex' retrieved from /home/airflow/.local/lib/python3.12/site-packages/airflow/example_dags/example_complex.py
[2024-04-30T08:16:50.268+0000] {logging_mixin.py:188} INFO - [2024-04-30T08:16:50.268+0000] {dag.py:3096} INFO - Sync 1 DAGs
[2024-04-30T08:16:50.286+0000] {logging_mixin.py:188} INFO - [2024-04-30T08:16:50.286+0000] {dag.py:3954} INFO - Setting next_dagrun for example_complex to None, run_after=None
[2024-04-30T08:16:50.311+0000] {processor.py:183} INFO - Processing /home/airflow/.local/lib/python3.12/site-packages/airflow/example_dags/example_complex.py took 0.112 seconds
