[2024-04-30T08:14:13.169+0000] {processor.py:161} INFO - Started process (PID=46) to work on /home/airflow/.local/lib/python3.12/site-packages/airflow/example_dags/example_external_task_marker_dag.py
[2024-04-30T08:14:13.171+0000] {processor.py:830} INFO - Processing file /home/airflow/.local/lib/python3.12/site-packages/airflow/example_dags/example_external_task_marker_dag.py for tasks to queue
[2024-04-30T08:14:13.175+0000] {logging_mixin.py:188} INFO - [2024-04-30T08:14:13.174+0000] {dagbag.py:540} INFO - Filling up the DagBag from /home/airflow/.local/lib/python3.12/site-packages/airflow/example_dags/example_external_task_marker_dag.py
[2024-04-30T08:14:13.192+0000] {processor.py:840} INFO - DAG(s) 'example_external_task_marker_parent', 'example_external_task_marker_child' retrieved from /home/airflow/.local/lib/python3.12/site-packages/airflow/example_dags/example_external_task_marker_dag.py
[2024-04-30T08:14:13.530+0000] {logging_mixin.py:188} INFO - [2024-04-30T08:14:13.530+0000] {dag.py:3096} INFO - Sync 2 DAGs
[2024-04-30T08:14:13.564+0000] {logging_mixin.py:188} INFO - [2024-04-30T08:14:13.564+0000] {dag.py:3954} INFO - Setting next_dagrun for example_external_task_marker_child to None, run_after=None
[2024-04-30T08:14:13.576+0000] {logging_mixin.py:188} INFO - [2024-04-30T08:14:13.572+0000] {dag.py:3954} INFO - Setting next_dagrun for example_external_task_marker_parent to None, run_after=None
[2024-04-30T08:14:13.647+0000] {processor.py:183} INFO - Processing /home/airflow/.local/lib/python3.12/site-packages/airflow/example_dags/example_external_task_marker_dag.py took 0.494 seconds
[2024-04-30T08:14:44.246+0000] {processor.py:161} INFO - Started process (PID=107) to work on /home/airflow/.local/lib/python3.12/site-packages/airflow/example_dags/example_external_task_marker_dag.py
[2024-04-30T08:14:44.248+0000] {processor.py:830} INFO - Processing file /home/airflow/.local/lib/python3.12/site-packages/airflow/example_dags/example_external_task_marker_dag.py for tasks to queue
[2024-04-30T08:14:44.250+0000] {logging_mixin.py:188} INFO - [2024-04-30T08:14:44.250+0000] {dagbag.py:540} INFO - Filling up the DagBag from /home/airflow/.local/lib/python3.12/site-packages/airflow/example_dags/example_external_task_marker_dag.py
[2024-04-30T08:14:44.257+0000] {processor.py:840} INFO - DAG(s) 'example_external_task_marker_parent', 'example_external_task_marker_child' retrieved from /home/airflow/.local/lib/python3.12/site-packages/airflow/example_dags/example_external_task_marker_dag.py
[2024-04-30T08:14:44.290+0000] {logging_mixin.py:188} INFO - [2024-04-30T08:14:44.289+0000] {dag.py:3096} INFO - Sync 2 DAGs
[2024-04-30T08:14:44.306+0000] {logging_mixin.py:188} INFO - [2024-04-30T08:14:44.306+0000] {dag.py:3954} INFO - Setting next_dagrun for example_external_task_marker_child to None, run_after=None
[2024-04-30T08:14:44.311+0000] {logging_mixin.py:188} INFO - [2024-04-30T08:14:44.311+0000] {dag.py:3954} INFO - Setting next_dagrun for example_external_task_marker_parent to None, run_after=None
[2024-04-30T08:14:44.330+0000] {processor.py:183} INFO - Processing /home/airflow/.local/lib/python3.12/site-packages/airflow/example_dags/example_external_task_marker_dag.py took 0.090 seconds
[2024-04-30T08:15:15.184+0000] {processor.py:161} INFO - Started process (PID=167) to work on /home/airflow/.local/lib/python3.12/site-packages/airflow/example_dags/example_external_task_marker_dag.py
[2024-04-30T08:15:15.185+0000] {processor.py:830} INFO - Processing file /home/airflow/.local/lib/python3.12/site-packages/airflow/example_dags/example_external_task_marker_dag.py for tasks to queue
[2024-04-30T08:15:15.186+0000] {logging_mixin.py:188} INFO - [2024-04-30T08:15:15.186+0000] {dagbag.py:540} INFO - Filling up the DagBag from /home/airflow/.local/lib/python3.12/site-packages/airflow/example_dags/example_external_task_marker_dag.py
[2024-04-30T08:15:15.197+0000] {processor.py:840} INFO - DAG(s) 'example_external_task_marker_child', 'example_external_task_marker_parent' retrieved from /home/airflow/.local/lib/python3.12/site-packages/airflow/example_dags/example_external_task_marker_dag.py
[2024-04-30T08:15:15.230+0000] {logging_mixin.py:188} INFO - [2024-04-30T08:15:15.230+0000] {dag.py:3096} INFO - Sync 2 DAGs
[2024-04-30T08:15:15.246+0000] {logging_mixin.py:188} INFO - [2024-04-30T08:15:15.246+0000] {dag.py:3954} INFO - Setting next_dagrun for example_external_task_marker_child to None, run_after=None
[2024-04-30T08:15:15.251+0000] {logging_mixin.py:188} INFO - [2024-04-30T08:15:15.250+0000] {dag.py:3954} INFO - Setting next_dagrun for example_external_task_marker_parent to None, run_after=None
[2024-04-30T08:15:15.273+0000] {processor.py:183} INFO - Processing /home/airflow/.local/lib/python3.12/site-packages/airflow/example_dags/example_external_task_marker_dag.py took 0.096 seconds
[2024-04-30T08:15:45.608+0000] {processor.py:161} INFO - Started process (PID=227) to work on /home/airflow/.local/lib/python3.12/site-packages/airflow/example_dags/example_external_task_marker_dag.py
[2024-04-30T08:15:45.609+0000] {processor.py:830} INFO - Processing file /home/airflow/.local/lib/python3.12/site-packages/airflow/example_dags/example_external_task_marker_dag.py for tasks to queue
[2024-04-30T08:15:45.610+0000] {logging_mixin.py:188} INFO - [2024-04-30T08:15:45.610+0000] {dagbag.py:540} INFO - Filling up the DagBag from /home/airflow/.local/lib/python3.12/site-packages/airflow/example_dags/example_external_task_marker_dag.py
[2024-04-30T08:15:45.617+0000] {processor.py:840} INFO - DAG(s) 'example_external_task_marker_parent', 'example_external_task_marker_child' retrieved from /home/airflow/.local/lib/python3.12/site-packages/airflow/example_dags/example_external_task_marker_dag.py
[2024-04-30T08:15:45.645+0000] {logging_mixin.py:188} INFO - [2024-04-30T08:15:45.645+0000] {dag.py:3096} INFO - Sync 2 DAGs
[2024-04-30T08:15:45.660+0000] {logging_mixin.py:188} INFO - [2024-04-30T08:15:45.660+0000] {dag.py:3954} INFO - Setting next_dagrun for example_external_task_marker_child to None, run_after=None
[2024-04-30T08:15:45.666+0000] {logging_mixin.py:188} INFO - [2024-04-30T08:15:45.666+0000] {dag.py:3954} INFO - Setting next_dagrun for example_external_task_marker_parent to None, run_after=None
[2024-04-30T08:15:45.687+0000] {processor.py:183} INFO - Processing /home/airflow/.local/lib/python3.12/site-packages/airflow/example_dags/example_external_task_marker_dag.py took 0.086 seconds
[2024-04-30T08:16:15.975+0000] {processor.py:161} INFO - Started process (PID=287) to work on /home/airflow/.local/lib/python3.12/site-packages/airflow/example_dags/example_external_task_marker_dag.py
[2024-04-30T08:16:15.977+0000] {processor.py:830} INFO - Processing file /home/airflow/.local/lib/python3.12/site-packages/airflow/example_dags/example_external_task_marker_dag.py for tasks to queue
[2024-04-30T08:16:15.978+0000] {logging_mixin.py:188} INFO - [2024-04-30T08:16:15.977+0000] {dagbag.py:540} INFO - Filling up the DagBag from /home/airflow/.local/lib/python3.12/site-packages/airflow/example_dags/example_external_task_marker_dag.py
[2024-04-30T08:16:15.987+0000] {processor.py:840} INFO - DAG(s) 'example_external_task_marker_child', 'example_external_task_marker_parent' retrieved from /home/airflow/.local/lib/python3.12/site-packages/airflow/example_dags/example_external_task_marker_dag.py
[2024-04-30T08:16:16.023+0000] {logging_mixin.py:188} INFO - [2024-04-30T08:16:16.023+0000] {dag.py:3096} INFO - Sync 2 DAGs
[2024-04-30T08:16:16.040+0000] {logging_mixin.py:188} INFO - [2024-04-30T08:16:16.040+0000] {dag.py:3954} INFO - Setting next_dagrun for example_external_task_marker_child to None, run_after=None
[2024-04-30T08:16:16.047+0000] {logging_mixin.py:188} INFO - [2024-04-30T08:16:16.046+0000] {dag.py:3954} INFO - Setting next_dagrun for example_external_task_marker_parent to None, run_after=None
[2024-04-30T08:16:16.076+0000] {processor.py:183} INFO - Processing /home/airflow/.local/lib/python3.12/site-packages/airflow/example_dags/example_external_task_marker_dag.py took 0.108 seconds
[2024-04-30T08:16:46.199+0000] {processor.py:161} INFO - Started process (PID=347) to work on /home/airflow/.local/lib/python3.12/site-packages/airflow/example_dags/example_external_task_marker_dag.py
[2024-04-30T08:16:46.201+0000] {processor.py:830} INFO - Processing file /home/airflow/.local/lib/python3.12/site-packages/airflow/example_dags/example_external_task_marker_dag.py for tasks to queue
[2024-04-30T08:16:46.202+0000] {logging_mixin.py:188} INFO - [2024-04-30T08:16:46.202+0000] {dagbag.py:540} INFO - Filling up the DagBag from /home/airflow/.local/lib/python3.12/site-packages/airflow/example_dags/example_external_task_marker_dag.py
[2024-04-30T08:16:46.211+0000] {processor.py:840} INFO - DAG(s) 'example_external_task_marker_child', 'example_external_task_marker_parent' retrieved from /home/airflow/.local/lib/python3.12/site-packages/airflow/example_dags/example_external_task_marker_dag.py
[2024-04-30T08:16:46.243+0000] {logging_mixin.py:188} INFO - [2024-04-30T08:16:46.242+0000] {dag.py:3096} INFO - Sync 2 DAGs
[2024-04-30T08:16:46.261+0000] {logging_mixin.py:188} INFO - [2024-04-30T08:16:46.260+0000] {dag.py:3954} INFO - Setting next_dagrun for example_external_task_marker_child to None, run_after=None
[2024-04-30T08:16:46.266+0000] {logging_mixin.py:188} INFO - [2024-04-30T08:16:46.266+0000] {dag.py:3954} INFO - Setting next_dagrun for example_external_task_marker_parent to None, run_after=None
[2024-04-30T08:16:46.286+0000] {processor.py:183} INFO - Processing /home/airflow/.local/lib/python3.12/site-packages/airflow/example_dags/example_external_task_marker_dag.py took 0.096 seconds
