[2024-04-30T08:14:16.850+0000] {processor.py:161} INFO - Started process (PID=57) to work on /home/airflow/.local/lib/python3.12/site-packages/airflow/example_dags/example_sla_dag.py
[2024-04-30T08:14:16.852+0000] {processor.py:830} INFO - Processing file /home/airflow/.local/lib/python3.12/site-packages/airflow/example_dags/example_sla_dag.py for tasks to queue
[2024-04-30T08:14:16.855+0000] {logging_mixin.py:188} INFO - [2024-04-30T08:14:16.854+0000] {dagbag.py:540} INFO - Filling up the DagBag from /home/airflow/.local/lib/python3.12/site-packages/airflow/example_dags/example_sla_dag.py
[2024-04-30T08:14:16.875+0000] {processor.py:840} INFO - DAG(s) 'example_sla_dag' retrieved from /home/airflow/.local/lib/python3.12/site-packages/airflow/example_dags/example_sla_dag.py
[2024-04-30T08:14:17.097+0000] {logging_mixin.py:188} INFO - [2024-04-30T08:14:17.096+0000] {dag.py:3096} INFO - Sync 1 DAGs
[2024-04-30T08:14:17.150+0000] {logging_mixin.py:188} INFO - [2024-04-30T08:14:17.150+0000] {dag.py:3954} INFO - Setting next_dagrun for example_sla_dag to 2024-04-30 08:12:00+00:00, run_after=2024-04-30 08:14:00+00:00
[2024-04-30T08:14:17.191+0000] {processor.py:183} INFO - Processing /home/airflow/.local/lib/python3.12/site-packages/airflow/example_dags/example_sla_dag.py took 0.352 seconds
[2024-04-30T08:14:47.814+0000] {processor.py:161} INFO - Started process (PID=118) to work on /home/airflow/.local/lib/python3.12/site-packages/airflow/example_dags/example_sla_dag.py
[2024-04-30T08:14:47.816+0000] {processor.py:830} INFO - Processing file /home/airflow/.local/lib/python3.12/site-packages/airflow/example_dags/example_sla_dag.py for tasks to queue
[2024-04-30T08:14:47.817+0000] {logging_mixin.py:188} INFO - [2024-04-30T08:14:47.817+0000] {dagbag.py:540} INFO - Filling up the DagBag from /home/airflow/.local/lib/python3.12/site-packages/airflow/example_dags/example_sla_dag.py
[2024-04-30T08:14:47.831+0000] {processor.py:840} INFO - DAG(s) 'example_sla_dag' retrieved from /home/airflow/.local/lib/python3.12/site-packages/airflow/example_dags/example_sla_dag.py
[2024-04-30T08:14:47.855+0000] {logging_mixin.py:188} INFO - [2024-04-30T08:14:47.855+0000] {dag.py:3096} INFO - Sync 1 DAGs
[2024-04-30T08:14:47.891+0000] {logging_mixin.py:188} INFO - [2024-04-30T08:14:47.891+0000] {dag.py:3954} INFO - Setting next_dagrun for example_sla_dag to 2024-04-30 08:12:00+00:00, run_after=2024-04-30 08:14:00+00:00
[2024-04-30T08:14:47.916+0000] {processor.py:183} INFO - Processing /home/airflow/.local/lib/python3.12/site-packages/airflow/example_dags/example_sla_dag.py took 0.111 seconds
[2024-04-30T08:15:18.777+0000] {processor.py:161} INFO - Started process (PID=178) to work on /home/airflow/.local/lib/python3.12/site-packages/airflow/example_dags/example_sla_dag.py
[2024-04-30T08:15:18.779+0000] {processor.py:830} INFO - Processing file /home/airflow/.local/lib/python3.12/site-packages/airflow/example_dags/example_sla_dag.py for tasks to queue
[2024-04-30T08:15:18.780+0000] {logging_mixin.py:188} INFO - [2024-04-30T08:15:18.780+0000] {dagbag.py:540} INFO - Filling up the DagBag from /home/airflow/.local/lib/python3.12/site-packages/airflow/example_dags/example_sla_dag.py
[2024-04-30T08:15:18.789+0000] {processor.py:840} INFO - DAG(s) 'example_sla_dag' retrieved from /home/airflow/.local/lib/python3.12/site-packages/airflow/example_dags/example_sla_dag.py
[2024-04-30T08:15:18.809+0000] {logging_mixin.py:188} INFO - [2024-04-30T08:15:18.808+0000] {dag.py:3096} INFO - Sync 1 DAGs
[2024-04-30T08:15:18.839+0000] {logging_mixin.py:188} INFO - [2024-04-30T08:15:18.839+0000] {dag.py:3954} INFO - Setting next_dagrun for example_sla_dag to 2024-04-30 08:12:00+00:00, run_after=2024-04-30 08:14:00+00:00
[2024-04-30T08:15:18.858+0000] {processor.py:183} INFO - Processing /home/airflow/.local/lib/python3.12/site-packages/airflow/example_dags/example_sla_dag.py took 0.089 seconds
[2024-04-30T08:15:49.301+0000] {processor.py:161} INFO - Started process (PID=238) to work on /home/airflow/.local/lib/python3.12/site-packages/airflow/example_dags/example_sla_dag.py
[2024-04-30T08:15:49.302+0000] {processor.py:830} INFO - Processing file /home/airflow/.local/lib/python3.12/site-packages/airflow/example_dags/example_sla_dag.py for tasks to queue
[2024-04-30T08:15:49.303+0000] {logging_mixin.py:188} INFO - [2024-04-30T08:15:49.303+0000] {dagbag.py:540} INFO - Filling up the DagBag from /home/airflow/.local/lib/python3.12/site-packages/airflow/example_dags/example_sla_dag.py
[2024-04-30T08:15:49.314+0000] {processor.py:840} INFO - DAG(s) 'example_sla_dag' retrieved from /home/airflow/.local/lib/python3.12/site-packages/airflow/example_dags/example_sla_dag.py
[2024-04-30T08:15:49.342+0000] {logging_mixin.py:188} INFO - [2024-04-30T08:15:49.342+0000] {dag.py:3096} INFO - Sync 1 DAGs
[2024-04-30T08:15:49.383+0000] {logging_mixin.py:188} INFO - [2024-04-30T08:15:49.383+0000] {dag.py:3954} INFO - Setting next_dagrun for example_sla_dag to 2024-04-30 08:12:00+00:00, run_after=2024-04-30 08:14:00+00:00
[2024-04-30T08:15:49.402+0000] {processor.py:183} INFO - Processing /home/airflow/.local/lib/python3.12/site-packages/airflow/example_dags/example_sla_dag.py took 0.112 seconds
[2024-04-30T08:16:19.678+0000] {processor.py:161} INFO - Started process (PID=298) to work on /home/airflow/.local/lib/python3.12/site-packages/airflow/example_dags/example_sla_dag.py
[2024-04-30T08:16:19.679+0000] {processor.py:830} INFO - Processing file /home/airflow/.local/lib/python3.12/site-packages/airflow/example_dags/example_sla_dag.py for tasks to queue
[2024-04-30T08:16:19.680+0000] {logging_mixin.py:188} INFO - [2024-04-30T08:16:19.680+0000] {dagbag.py:540} INFO - Filling up the DagBag from /home/airflow/.local/lib/python3.12/site-packages/airflow/example_dags/example_sla_dag.py
[2024-04-30T08:16:19.690+0000] {processor.py:840} INFO - DAG(s) 'example_sla_dag' retrieved from /home/airflow/.local/lib/python3.12/site-packages/airflow/example_dags/example_sla_dag.py
[2024-04-30T08:16:19.715+0000] {logging_mixin.py:188} INFO - [2024-04-30T08:16:19.715+0000] {dag.py:3096} INFO - Sync 1 DAGs
[2024-04-30T08:16:19.764+0000] {logging_mixin.py:188} INFO - [2024-04-30T08:16:19.763+0000] {dag.py:3954} INFO - Setting next_dagrun for example_sla_dag to 2024-04-30 08:14:00+00:00, run_after=2024-04-30 08:16:00+00:00
[2024-04-30T08:16:19.787+0000] {processor.py:183} INFO - Processing /home/airflow/.local/lib/python3.12/site-packages/airflow/example_dags/example_sla_dag.py took 0.118 seconds
[2024-04-30T08:16:49.870+0000] {processor.py:161} INFO - Started process (PID=358) to work on /home/airflow/.local/lib/python3.12/site-packages/airflow/example_dags/example_sla_dag.py
[2024-04-30T08:16:49.871+0000] {processor.py:830} INFO - Processing file /home/airflow/.local/lib/python3.12/site-packages/airflow/example_dags/example_sla_dag.py for tasks to queue
[2024-04-30T08:16:49.872+0000] {logging_mixin.py:188} INFO - [2024-04-30T08:16:49.872+0000] {dagbag.py:540} INFO - Filling up the DagBag from /home/airflow/.local/lib/python3.12/site-packages/airflow/example_dags/example_sla_dag.py
[2024-04-30T08:16:49.882+0000] {processor.py:840} INFO - DAG(s) 'example_sla_dag' retrieved from /home/airflow/.local/lib/python3.12/site-packages/airflow/example_dags/example_sla_dag.py
[2024-04-30T08:16:49.905+0000] {logging_mixin.py:188} INFO - [2024-04-30T08:16:49.904+0000] {dag.py:3096} INFO - Sync 1 DAGs
[2024-04-30T08:16:49.933+0000] {logging_mixin.py:188} INFO - [2024-04-30T08:16:49.933+0000] {dag.py:3954} INFO - Setting next_dagrun for example_sla_dag to 2024-04-30 08:14:00+00:00, run_after=2024-04-30 08:16:00+00:00
[2024-04-30T08:16:49.958+0000] {processor.py:183} INFO - Processing /home/airflow/.local/lib/python3.12/site-packages/airflow/example_dags/example_sla_dag.py took 0.096 seconds
