[2024-04-30T08:14:19.516+0000] {processor.py:161} INFO - Started process (PID=68) to work on /home/airflow/.local/lib/python3.12/site-packages/airflow/example_dags/example_bash_operator.py
[2024-04-30T08:14:19.518+0000] {processor.py:830} INFO - Processing file /home/airflow/.local/lib/python3.12/site-packages/airflow/example_dags/example_bash_operator.py for tasks to queue
[2024-04-30T08:14:19.522+0000] {logging_mixin.py:188} INFO - [2024-04-30T08:14:19.521+0000] {dagbag.py:540} INFO - Filling up the DagBag from /home/airflow/.local/lib/python3.12/site-packages/airflow/example_dags/example_bash_operator.py
[2024-04-30T08:14:19.564+0000] {processor.py:840} INFO - DAG(s) 'example_bash_operator' retrieved from /home/airflow/.local/lib/python3.12/site-packages/airflow/example_dags/example_bash_operator.py
[2024-04-30T08:14:19.937+0000] {logging_mixin.py:188} INFO - [2024-04-30T08:14:19.936+0000] {dag.py:3096} INFO - Sync 1 DAGs
[2024-04-30T08:14:19.992+0000] {logging_mixin.py:188} INFO - [2024-04-30T08:14:19.992+0000] {dag.py:3954} INFO - Setting next_dagrun for example_bash_operator to 2024-04-29 00:00:00+00:00, run_after=2024-04-30 00:00:00+00:00
[2024-04-30T08:14:20.037+0000] {processor.py:183} INFO - Processing /home/airflow/.local/lib/python3.12/site-packages/airflow/example_dags/example_bash_operator.py took 0.542 seconds
[2024-04-30T08:14:50.836+0000] {processor.py:161} INFO - Started process (PID=129) to work on /home/airflow/.local/lib/python3.12/site-packages/airflow/example_dags/example_bash_operator.py
[2024-04-30T08:14:50.837+0000] {processor.py:830} INFO - Processing file /home/airflow/.local/lib/python3.12/site-packages/airflow/example_dags/example_bash_operator.py for tasks to queue
[2024-04-30T08:14:50.840+0000] {logging_mixin.py:188} INFO - [2024-04-30T08:14:50.840+0000] {dagbag.py:540} INFO - Filling up the DagBag from /home/airflow/.local/lib/python3.12/site-packages/airflow/example_dags/example_bash_operator.py
[2024-04-30T08:14:50.860+0000] {processor.py:840} INFO - DAG(s) 'example_bash_operator' retrieved from /home/airflow/.local/lib/python3.12/site-packages/airflow/example_dags/example_bash_operator.py
[2024-04-30T08:14:50.906+0000] {logging_mixin.py:188} INFO - [2024-04-30T08:14:50.906+0000] {dag.py:3096} INFO - Sync 1 DAGs
[2024-04-30T08:14:50.952+0000] {logging_mixin.py:188} INFO - [2024-04-30T08:14:50.951+0000] {dag.py:3954} INFO - Setting next_dagrun for example_bash_operator to 2024-04-29 00:00:00+00:00, run_after=2024-04-30 00:00:00+00:00
[2024-04-30T08:14:50.984+0000] {processor.py:183} INFO - Processing /home/airflow/.local/lib/python3.12/site-packages/airflow/example_dags/example_bash_operator.py took 0.155 seconds
[2024-04-30T08:15:21.469+0000] {processor.py:161} INFO - Started process (PID=189) to work on /home/airflow/.local/lib/python3.12/site-packages/airflow/example_dags/example_bash_operator.py
[2024-04-30T08:15:21.471+0000] {processor.py:830} INFO - Processing file /home/airflow/.local/lib/python3.12/site-packages/airflow/example_dags/example_bash_operator.py for tasks to queue
[2024-04-30T08:15:21.472+0000] {logging_mixin.py:188} INFO - [2024-04-30T08:15:21.472+0000] {dagbag.py:540} INFO - Filling up the DagBag from /home/airflow/.local/lib/python3.12/site-packages/airflow/example_dags/example_bash_operator.py
[2024-04-30T08:15:21.489+0000] {processor.py:840} INFO - DAG(s) 'example_bash_operator' retrieved from /home/airflow/.local/lib/python3.12/site-packages/airflow/example_dags/example_bash_operator.py
[2024-04-30T08:15:21.529+0000] {logging_mixin.py:188} INFO - [2024-04-30T08:15:21.529+0000] {dag.py:3096} INFO - Sync 1 DAGs
[2024-04-30T08:15:21.565+0000] {logging_mixin.py:188} INFO - [2024-04-30T08:15:21.565+0000] {dag.py:3954} INFO - Setting next_dagrun for example_bash_operator to 2024-04-29 00:00:00+00:00, run_after=2024-04-30 00:00:00+00:00
[2024-04-30T08:15:21.592+0000] {processor.py:183} INFO - Processing /home/airflow/.local/lib/python3.12/site-packages/airflow/example_dags/example_bash_operator.py took 0.135 seconds
[2024-04-30T08:15:52.007+0000] {processor.py:161} INFO - Started process (PID=249) to work on /home/airflow/.local/lib/python3.12/site-packages/airflow/example_dags/example_bash_operator.py
[2024-04-30T08:15:52.009+0000] {processor.py:830} INFO - Processing file /home/airflow/.local/lib/python3.12/site-packages/airflow/example_dags/example_bash_operator.py for tasks to queue
[2024-04-30T08:15:52.010+0000] {logging_mixin.py:188} INFO - [2024-04-30T08:15:52.010+0000] {dagbag.py:540} INFO - Filling up the DagBag from /home/airflow/.local/lib/python3.12/site-packages/airflow/example_dags/example_bash_operator.py
[2024-04-30T08:15:52.022+0000] {processor.py:840} INFO - DAG(s) 'example_bash_operator' retrieved from /home/airflow/.local/lib/python3.12/site-packages/airflow/example_dags/example_bash_operator.py
[2024-04-30T08:15:52.056+0000] {logging_mixin.py:188} INFO - [2024-04-30T08:15:52.056+0000] {dag.py:3096} INFO - Sync 1 DAGs
[2024-04-30T08:15:52.085+0000] {logging_mixin.py:188} INFO - [2024-04-30T08:15:52.085+0000] {dag.py:3954} INFO - Setting next_dagrun for example_bash_operator to 2024-04-29 00:00:00+00:00, run_after=2024-04-30 00:00:00+00:00
[2024-04-30T08:15:52.108+0000] {processor.py:183} INFO - Processing /home/airflow/.local/lib/python3.12/site-packages/airflow/example_dags/example_bash_operator.py took 0.109 seconds
[2024-04-30T08:16:22.343+0000] {processor.py:161} INFO - Started process (PID=309) to work on /home/airflow/.local/lib/python3.12/site-packages/airflow/example_dags/example_bash_operator.py
[2024-04-30T08:16:22.344+0000] {processor.py:830} INFO - Processing file /home/airflow/.local/lib/python3.12/site-packages/airflow/example_dags/example_bash_operator.py for tasks to queue
[2024-04-30T08:16:22.346+0000] {logging_mixin.py:188} INFO - [2024-04-30T08:16:22.345+0000] {dagbag.py:540} INFO - Filling up the DagBag from /home/airflow/.local/lib/python3.12/site-packages/airflow/example_dags/example_bash_operator.py
[2024-04-30T08:16:22.365+0000] {processor.py:840} INFO - DAG(s) 'example_bash_operator' retrieved from /home/airflow/.local/lib/python3.12/site-packages/airflow/example_dags/example_bash_operator.py
[2024-04-30T08:16:22.400+0000] {logging_mixin.py:188} INFO - [2024-04-30T08:16:22.400+0000] {dag.py:3096} INFO - Sync 1 DAGs
[2024-04-30T08:16:22.425+0000] {logging_mixin.py:188} INFO - [2024-04-30T08:16:22.424+0000] {dag.py:3954} INFO - Setting next_dagrun for example_bash_operator to 2024-04-29 00:00:00+00:00, run_after=2024-04-30 00:00:00+00:00
[2024-04-30T08:16:22.445+0000] {processor.py:183} INFO - Processing /home/airflow/.local/lib/python3.12/site-packages/airflow/example_dags/example_bash_operator.py took 0.114 seconds
[2024-04-30T08:16:52.514+0000] {processor.py:161} INFO - Started process (PID=369) to work on /home/airflow/.local/lib/python3.12/site-packages/airflow/example_dags/example_bash_operator.py
[2024-04-30T08:16:52.516+0000] {processor.py:830} INFO - Processing file /home/airflow/.local/lib/python3.12/site-packages/airflow/example_dags/example_bash_operator.py for tasks to queue
[2024-04-30T08:16:52.517+0000] {logging_mixin.py:188} INFO - [2024-04-30T08:16:52.517+0000] {dagbag.py:540} INFO - Filling up the DagBag from /home/airflow/.local/lib/python3.12/site-packages/airflow/example_dags/example_bash_operator.py
[2024-04-30T08:16:52.532+0000] {processor.py:840} INFO - DAG(s) 'example_bash_operator' retrieved from /home/airflow/.local/lib/python3.12/site-packages/airflow/example_dags/example_bash_operator.py
[2024-04-30T08:16:52.574+0000] {logging_mixin.py:188} INFO - [2024-04-30T08:16:52.573+0000] {dag.py:3096} INFO - Sync 1 DAGs
[2024-04-30T08:16:52.599+0000] {logging_mixin.py:188} INFO - [2024-04-30T08:16:52.599+0000] {dag.py:3954} INFO - Setting next_dagrun for example_bash_operator to 2024-04-29 00:00:00+00:00, run_after=2024-04-30 00:00:00+00:00
[2024-04-30T08:16:52.617+0000] {processor.py:183} INFO - Processing /home/airflow/.local/lib/python3.12/site-packages/airflow/example_dags/example_bash_operator.py took 0.114 seconds
