[2024-04-30T08:14:20.467+0000] {processor.py:161} INFO - Started process (PID=71) to work on /home/airflow/.local/lib/python3.12/site-packages/airflow/example_dags/example_dag_decorator.py
[2024-04-30T08:14:20.468+0000] {processor.py:830} INFO - Processing file /home/airflow/.local/lib/python3.12/site-packages/airflow/example_dags/example_dag_decorator.py for tasks to queue
[2024-04-30T08:14:20.470+0000] {logging_mixin.py:188} INFO - [2024-04-30T08:14:20.470+0000] {dagbag.py:540} INFO - Filling up the DagBag from /home/airflow/.local/lib/python3.12/site-packages/airflow/example_dags/example_dag_decorator.py
[2024-04-30T08:14:20.991+0000] {processor.py:840} INFO - DAG(s) 'example_dag_decorator' retrieved from /home/airflow/.local/lib/python3.12/site-packages/airflow/example_dags/example_dag_decorator.py
[2024-04-30T08:14:21.192+0000] {logging_mixin.py:188} INFO - [2024-04-30T08:14:21.191+0000] {dag.py:3096} INFO - Sync 1 DAGs
[2024-04-30T08:14:21.213+0000] {logging_mixin.py:188} INFO - [2024-04-30T08:14:21.212+0000] {dag.py:3954} INFO - Setting next_dagrun for example_dag_decorator to None, run_after=None
[2024-04-30T08:14:21.246+0000] {processor.py:183} INFO - Processing /home/airflow/.local/lib/python3.12/site-packages/airflow/example_dags/example_dag_decorator.py took 0.791 seconds
[2024-04-30T08:14:51.338+0000] {processor.py:161} INFO - Started process (PID=134) to work on /home/airflow/.local/lib/python3.12/site-packages/airflow/example_dags/example_dag_decorator.py
[2024-04-30T08:14:51.340+0000] {processor.py:830} INFO - Processing file /home/airflow/.local/lib/python3.12/site-packages/airflow/example_dags/example_dag_decorator.py for tasks to queue
[2024-04-30T08:14:51.343+0000] {logging_mixin.py:188} INFO - [2024-04-30T08:14:51.342+0000] {dagbag.py:540} INFO - Filling up the DagBag from /home/airflow/.local/lib/python3.12/site-packages/airflow/example_dags/example_dag_decorator.py
[2024-04-30T08:14:51.503+0000] {processor.py:840} INFO - DAG(s) 'example_dag_decorator' retrieved from /home/airflow/.local/lib/python3.12/site-packages/airflow/example_dags/example_dag_decorator.py
[2024-04-30T08:14:51.693+0000] {logging_mixin.py:188} INFO - [2024-04-30T08:14:51.693+0000] {dag.py:3096} INFO - Sync 1 DAGs
[2024-04-30T08:14:51.708+0000] {logging_mixin.py:188} INFO - [2024-04-30T08:14:51.708+0000] {dag.py:3954} INFO - Setting next_dagrun for example_dag_decorator to None, run_after=None
[2024-04-30T08:14:51.732+0000] {processor.py:183} INFO - Processing /home/airflow/.local/lib/python3.12/site-packages/airflow/example_dags/example_dag_decorator.py took 0.403 seconds
[2024-04-30T08:15:21.883+0000] {processor.py:161} INFO - Started process (PID=194) to work on /home/airflow/.local/lib/python3.12/site-packages/airflow/example_dags/example_dag_decorator.py
[2024-04-30T08:15:21.885+0000] {processor.py:830} INFO - Processing file /home/airflow/.local/lib/python3.12/site-packages/airflow/example_dags/example_dag_decorator.py for tasks to queue
[2024-04-30T08:15:21.886+0000] {logging_mixin.py:188} INFO - [2024-04-30T08:15:21.885+0000] {dagbag.py:540} INFO - Filling up the DagBag from /home/airflow/.local/lib/python3.12/site-packages/airflow/example_dags/example_dag_decorator.py
[2024-04-30T08:15:22.023+0000] {processor.py:840} INFO - DAG(s) 'example_dag_decorator' retrieved from /home/airflow/.local/lib/python3.12/site-packages/airflow/example_dags/example_dag_decorator.py
[2024-04-30T08:15:22.211+0000] {logging_mixin.py:188} INFO - [2024-04-30T08:15:22.211+0000] {dag.py:3096} INFO - Sync 1 DAGs
[2024-04-30T08:15:22.484+0000] {logging_mixin.py:188} INFO - [2024-04-30T08:15:22.484+0000] {dag.py:3954} INFO - Setting next_dagrun for example_dag_decorator to None, run_after=None
[2024-04-30T08:15:22.511+0000] {processor.py:183} INFO - Processing /home/airflow/.local/lib/python3.12/site-packages/airflow/example_dags/example_dag_decorator.py took 0.636 seconds
[2024-04-30T08:15:52.549+0000] {processor.py:161} INFO - Started process (PID=257) to work on /home/airflow/.local/lib/python3.12/site-packages/airflow/example_dags/example_dag_decorator.py
[2024-04-30T08:15:52.551+0000] {processor.py:830} INFO - Processing file /home/airflow/.local/lib/python3.12/site-packages/airflow/example_dags/example_dag_decorator.py for tasks to queue
[2024-04-30T08:15:52.552+0000] {logging_mixin.py:188} INFO - [2024-04-30T08:15:52.552+0000] {dagbag.py:540} INFO - Filling up the DagBag from /home/airflow/.local/lib/python3.12/site-packages/airflow/example_dags/example_dag_decorator.py
[2024-04-30T08:15:52.657+0000] {processor.py:840} INFO - DAG(s) 'example_dag_decorator' retrieved from /home/airflow/.local/lib/python3.12/site-packages/airflow/example_dags/example_dag_decorator.py
[2024-04-30T08:15:52.775+0000] {logging_mixin.py:188} INFO - [2024-04-30T08:15:52.775+0000] {dag.py:3096} INFO - Sync 1 DAGs
[2024-04-30T08:15:52.787+0000] {logging_mixin.py:188} INFO - [2024-04-30T08:15:52.787+0000] {dag.py:3954} INFO - Setting next_dagrun for example_dag_decorator to None, run_after=None
[2024-04-30T08:15:52.986+0000] {processor.py:183} INFO - Processing /home/airflow/.local/lib/python3.12/site-packages/airflow/example_dags/example_dag_decorator.py took 0.443 seconds
[2024-04-30T08:16:23.894+0000] {processor.py:161} INFO - Started process (PID=318) to work on /home/airflow/.local/lib/python3.12/site-packages/airflow/example_dags/example_dag_decorator.py
[2024-04-30T08:16:23.897+0000] {processor.py:830} INFO - Processing file /home/airflow/.local/lib/python3.12/site-packages/airflow/example_dags/example_dag_decorator.py for tasks to queue
[2024-04-30T08:16:23.897+0000] {logging_mixin.py:188} INFO - [2024-04-30T08:16:23.897+0000] {dagbag.py:540} INFO - Filling up the DagBag from /home/airflow/.local/lib/python3.12/site-packages/airflow/example_dags/example_dag_decorator.py
[2024-04-30T08:16:24.004+0000] {processor.py:840} INFO - DAG(s) 'example_dag_decorator' retrieved from /home/airflow/.local/lib/python3.12/site-packages/airflow/example_dags/example_dag_decorator.py
[2024-04-30T08:16:24.141+0000] {logging_mixin.py:188} INFO - [2024-04-30T08:16:24.140+0000] {dag.py:3096} INFO - Sync 1 DAGs
[2024-04-30T08:16:24.157+0000] {logging_mixin.py:188} INFO - [2024-04-30T08:16:24.157+0000] {dag.py:3954} INFO - Setting next_dagrun for example_dag_decorator to None, run_after=None
[2024-04-30T08:16:24.182+0000] {processor.py:183} INFO - Processing /home/airflow/.local/lib/python3.12/site-packages/airflow/example_dags/example_dag_decorator.py took 0.294 seconds
[2024-04-30T08:16:54.321+0000] {processor.py:161} INFO - Started process (PID=380) to work on /home/airflow/.local/lib/python3.12/site-packages/airflow/example_dags/example_dag_decorator.py
[2024-04-30T08:16:54.323+0000] {processor.py:830} INFO - Processing file /home/airflow/.local/lib/python3.12/site-packages/airflow/example_dags/example_dag_decorator.py for tasks to queue
[2024-04-30T08:16:54.324+0000] {logging_mixin.py:188} INFO - [2024-04-30T08:16:54.324+0000] {dagbag.py:540} INFO - Filling up the DagBag from /home/airflow/.local/lib/python3.12/site-packages/airflow/example_dags/example_dag_decorator.py
[2024-04-30T08:16:54.475+0000] {processor.py:840} INFO - DAG(s) 'example_dag_decorator' retrieved from /home/airflow/.local/lib/python3.12/site-packages/airflow/example_dags/example_dag_decorator.py
[2024-04-30T08:16:54.771+0000] {logging_mixin.py:188} INFO - [2024-04-30T08:16:54.771+0000] {dag.py:3096} INFO - Sync 1 DAGs
[2024-04-30T08:16:54.783+0000] {logging_mixin.py:188} INFO - [2024-04-30T08:16:54.783+0000] {dag.py:3954} INFO - Setting next_dagrun for example_dag_decorator to None, run_after=None
[2024-04-30T08:16:54.804+0000] {processor.py:183} INFO - Processing /home/airflow/.local/lib/python3.12/site-packages/airflow/example_dags/example_dag_decorator.py took 0.498 seconds
