[2024-04-30T08:14:20.036+0000] {processor.py:161} INFO - Started process (PID=69) to work on /home/airflow/.local/lib/python3.12/site-packages/airflow/example_dags/example_sensors.py
[2024-04-30T08:14:20.037+0000] {processor.py:830} INFO - Processing file /home/airflow/.local/lib/python3.12/site-packages/airflow/example_dags/example_sensors.py for tasks to queue
[2024-04-30T08:14:20.041+0000] {logging_mixin.py:188} INFO - [2024-04-30T08:14:20.040+0000] {dagbag.py:540} INFO - Filling up the DagBag from /home/airflow/.local/lib/python3.12/site-packages/airflow/example_dags/example_sensors.py
[2024-04-30T08:14:20.082+0000] {processor.py:840} INFO - DAG(s) 'example_sensors' retrieved from /home/airflow/.local/lib/python3.12/site-packages/airflow/example_dags/example_sensors.py
[2024-04-30T08:14:20.324+0000] {logging_mixin.py:188} INFO - [2024-04-30T08:14:20.323+0000] {dag.py:3096} INFO - Sync 1 DAGs
[2024-04-30T08:14:20.358+0000] {logging_mixin.py:188} INFO - [2024-04-30T08:14:20.358+0000] {dag.py:3954} INFO - Setting next_dagrun for example_sensors to None, run_after=None
[2024-04-30T08:14:20.421+0000] {processor.py:183} INFO - Processing /home/airflow/.local/lib/python3.12/site-packages/airflow/example_dags/example_sensors.py took 0.399 seconds
[2024-04-30T08:14:51.018+0000] {processor.py:161} INFO - Started process (PID=130) to work on /home/airflow/.local/lib/python3.12/site-packages/airflow/example_dags/example_sensors.py
[2024-04-30T08:14:51.019+0000] {processor.py:830} INFO - Processing file /home/airflow/.local/lib/python3.12/site-packages/airflow/example_dags/example_sensors.py for tasks to queue
[2024-04-30T08:14:51.021+0000] {logging_mixin.py:188} INFO - [2024-04-30T08:14:51.020+0000] {dagbag.py:540} INFO - Filling up the DagBag from /home/airflow/.local/lib/python3.12/site-packages/airflow/example_dags/example_sensors.py
[2024-04-30T08:14:51.032+0000] {processor.py:840} INFO - DAG(s) 'example_sensors' retrieved from /home/airflow/.local/lib/python3.12/site-packages/airflow/example_dags/example_sensors.py
[2024-04-30T08:14:51.079+0000] {logging_mixin.py:188} INFO - [2024-04-30T08:14:51.078+0000] {dag.py:3096} INFO - Sync 1 DAGs
[2024-04-30T08:14:51.100+0000] {logging_mixin.py:188} INFO - [2024-04-30T08:14:51.100+0000] {dag.py:3954} INFO - Setting next_dagrun for example_sensors to None, run_after=None
[2024-04-30T08:14:51.130+0000] {processor.py:183} INFO - Processing /home/airflow/.local/lib/python3.12/site-packages/airflow/example_dags/example_sensors.py took 0.120 seconds
[2024-04-30T08:15:21.618+0000] {processor.py:161} INFO - Started process (PID=190) to work on /home/airflow/.local/lib/python3.12/site-packages/airflow/example_dags/example_sensors.py
[2024-04-30T08:15:21.619+0000] {processor.py:830} INFO - Processing file /home/airflow/.local/lib/python3.12/site-packages/airflow/example_dags/example_sensors.py for tasks to queue
[2024-04-30T08:15:21.620+0000] {logging_mixin.py:188} INFO - [2024-04-30T08:15:21.620+0000] {dagbag.py:540} INFO - Filling up the DagBag from /home/airflow/.local/lib/python3.12/site-packages/airflow/example_dags/example_sensors.py
[2024-04-30T08:15:21.632+0000] {processor.py:840} INFO - DAG(s) 'example_sensors' retrieved from /home/airflow/.local/lib/python3.12/site-packages/airflow/example_dags/example_sensors.py
[2024-04-30T08:15:21.667+0000] {logging_mixin.py:188} INFO - [2024-04-30T08:15:21.666+0000] {dag.py:3096} INFO - Sync 1 DAGs
[2024-04-30T08:15:21.684+0000] {logging_mixin.py:188} INFO - [2024-04-30T08:15:21.683+0000] {dag.py:3954} INFO - Setting next_dagrun for example_sensors to None, run_after=None
[2024-04-30T08:15:21.705+0000] {processor.py:183} INFO - Processing /home/airflow/.local/lib/python3.12/site-packages/airflow/example_dags/example_sensors.py took 0.095 seconds
[2024-04-30T08:15:52.131+0000] {processor.py:161} INFO - Started process (PID=250) to work on /home/airflow/.local/lib/python3.12/site-packages/airflow/example_dags/example_sensors.py
[2024-04-30T08:15:52.132+0000] {processor.py:830} INFO - Processing file /home/airflow/.local/lib/python3.12/site-packages/airflow/example_dags/example_sensors.py for tasks to queue
[2024-04-30T08:15:52.133+0000] {logging_mixin.py:188} INFO - [2024-04-30T08:15:52.133+0000] {dagbag.py:540} INFO - Filling up the DagBag from /home/airflow/.local/lib/python3.12/site-packages/airflow/example_dags/example_sensors.py
[2024-04-30T08:15:52.144+0000] {processor.py:840} INFO - DAG(s) 'example_sensors' retrieved from /home/airflow/.local/lib/python3.12/site-packages/airflow/example_dags/example_sensors.py
[2024-04-30T08:15:52.174+0000] {logging_mixin.py:188} INFO - [2024-04-30T08:15:52.173+0000] {dag.py:3096} INFO - Sync 1 DAGs
[2024-04-30T08:15:52.191+0000] {logging_mixin.py:188} INFO - [2024-04-30T08:15:52.190+0000] {dag.py:3954} INFO - Setting next_dagrun for example_sensors to None, run_after=None
[2024-04-30T08:15:52.211+0000] {processor.py:183} INFO - Processing /home/airflow/.local/lib/python3.12/site-packages/airflow/example_dags/example_sensors.py took 0.087 seconds
[2024-04-30T08:16:22.467+0000] {processor.py:161} INFO - Started process (PID=310) to work on /home/airflow/.local/lib/python3.12/site-packages/airflow/example_dags/example_sensors.py
[2024-04-30T08:16:22.468+0000] {processor.py:830} INFO - Processing file /home/airflow/.local/lib/python3.12/site-packages/airflow/example_dags/example_sensors.py for tasks to queue
[2024-04-30T08:16:22.469+0000] {logging_mixin.py:188} INFO - [2024-04-30T08:16:22.469+0000] {dagbag.py:540} INFO - Filling up the DagBag from /home/airflow/.local/lib/python3.12/site-packages/airflow/example_dags/example_sensors.py
[2024-04-30T08:16:22.479+0000] {processor.py:840} INFO - DAG(s) 'example_sensors' retrieved from /home/airflow/.local/lib/python3.12/site-packages/airflow/example_dags/example_sensors.py
[2024-04-30T08:16:22.511+0000] {logging_mixin.py:188} INFO - [2024-04-30T08:16:22.511+0000] {dag.py:3096} INFO - Sync 1 DAGs
[2024-04-30T08:16:22.524+0000] {logging_mixin.py:188} INFO - [2024-04-30T08:16:22.524+0000] {dag.py:3954} INFO - Setting next_dagrun for example_sensors to None, run_after=None
[2024-04-30T08:16:22.543+0000] {processor.py:183} INFO - Processing /home/airflow/.local/lib/python3.12/site-packages/airflow/example_dags/example_sensors.py took 0.083 seconds
[2024-04-30T08:16:52.638+0000] {processor.py:161} INFO - Started process (PID=370) to work on /home/airflow/.local/lib/python3.12/site-packages/airflow/example_dags/example_sensors.py
[2024-04-30T08:16:52.639+0000] {processor.py:830} INFO - Processing file /home/airflow/.local/lib/python3.12/site-packages/airflow/example_dags/example_sensors.py for tasks to queue
[2024-04-30T08:16:52.640+0000] {logging_mixin.py:188} INFO - [2024-04-30T08:16:52.640+0000] {dagbag.py:540} INFO - Filling up the DagBag from /home/airflow/.local/lib/python3.12/site-packages/airflow/example_dags/example_sensors.py
[2024-04-30T08:16:52.653+0000] {processor.py:840} INFO - DAG(s) 'example_sensors' retrieved from /home/airflow/.local/lib/python3.12/site-packages/airflow/example_dags/example_sensors.py
[2024-04-30T08:16:52.680+0000] {logging_mixin.py:188} INFO - [2024-04-30T08:16:52.680+0000] {dag.py:3096} INFO - Sync 1 DAGs
[2024-04-30T08:16:52.694+0000] {logging_mixin.py:188} INFO - [2024-04-30T08:16:52.694+0000] {dag.py:3954} INFO - Setting next_dagrun for example_sensors to None, run_after=None
[2024-04-30T08:16:52.711+0000] {processor.py:183} INFO - Processing /home/airflow/.local/lib/python3.12/site-packages/airflow/example_dags/example_sensors.py took 0.079 seconds
