[2024-04-30T08:14:21.580+0000] {processor.py:161} INFO - Started process (PID=77) to work on /home/airflow/.local/lib/python3.12/site-packages/airflow/example_dags/example_setup_teardown.py
[2024-04-30T08:14:21.581+0000] {processor.py:830} INFO - Processing file /home/airflow/.local/lib/python3.12/site-packages/airflow/example_dags/example_setup_teardown.py for tasks to queue
[2024-04-30T08:14:21.584+0000] {logging_mixin.py:188} INFO - [2024-04-30T08:14:21.583+0000] {dagbag.py:540} INFO - Filling up the DagBag from /home/airflow/.local/lib/python3.12/site-packages/airflow/example_dags/example_setup_teardown.py
[2024-04-30T08:14:21.596+0000] {processor.py:840} INFO - DAG(s) 'example_setup_teardown' retrieved from /home/airflow/.local/lib/python3.12/site-packages/airflow/example_dags/example_setup_teardown.py
[2024-04-30T08:14:21.778+0000] {logging_mixin.py:188} INFO - [2024-04-30T08:14:21.778+0000] {dag.py:3096} INFO - Sync 1 DAGs
[2024-04-30T08:14:21.824+0000] {logging_mixin.py:188} INFO - [2024-04-30T08:14:21.824+0000] {dag.py:3954} INFO - Setting next_dagrun for example_setup_teardown to 2024-04-29 00:00:00+00:00, run_after=2024-04-30 00:00:00+00:00
[2024-04-30T08:14:21.861+0000] {processor.py:183} INFO - Processing /home/airflow/.local/lib/python3.12/site-packages/airflow/example_dags/example_setup_teardown.py took 0.291 seconds
[2024-04-30T08:14:52.030+0000] {processor.py:161} INFO - Started process (PID=138) to work on /home/airflow/.local/lib/python3.12/site-packages/airflow/example_dags/example_setup_teardown.py
[2024-04-30T08:14:52.031+0000] {processor.py:830} INFO - Processing file /home/airflow/.local/lib/python3.12/site-packages/airflow/example_dags/example_setup_teardown.py for tasks to queue
[2024-04-30T08:14:52.033+0000] {logging_mixin.py:188} INFO - [2024-04-30T08:14:52.033+0000] {dagbag.py:540} INFO - Filling up the DagBag from /home/airflow/.local/lib/python3.12/site-packages/airflow/example_dags/example_setup_teardown.py
[2024-04-30T08:14:52.040+0000] {processor.py:840} INFO - DAG(s) 'example_setup_teardown' retrieved from /home/airflow/.local/lib/python3.12/site-packages/airflow/example_dags/example_setup_teardown.py
[2024-04-30T08:14:52.065+0000] {logging_mixin.py:188} INFO - [2024-04-30T08:14:52.065+0000] {dag.py:3096} INFO - Sync 1 DAGs
[2024-04-30T08:14:52.091+0000] {logging_mixin.py:188} INFO - [2024-04-30T08:14:52.091+0000] {dag.py:3954} INFO - Setting next_dagrun for example_setup_teardown to 2024-04-29 00:00:00+00:00, run_after=2024-04-30 00:00:00+00:00
[2024-04-30T08:14:52.112+0000] {processor.py:183} INFO - Processing /home/airflow/.local/lib/python3.12/site-packages/airflow/example_dags/example_setup_teardown.py took 0.089 seconds
[2024-04-30T08:15:22.402+0000] {processor.py:161} INFO - Started process (PID=198) to work on /home/airflow/.local/lib/python3.12/site-packages/airflow/example_dags/example_setup_teardown.py
[2024-04-30T08:15:22.403+0000] {processor.py:830} INFO - Processing file /home/airflow/.local/lib/python3.12/site-packages/airflow/example_dags/example_setup_teardown.py for tasks to queue
[2024-04-30T08:15:22.405+0000] {logging_mixin.py:188} INFO - [2024-04-30T08:15:22.404+0000] {dagbag.py:540} INFO - Filling up the DagBag from /home/airflow/.local/lib/python3.12/site-packages/airflow/example_dags/example_setup_teardown.py
[2024-04-30T08:15:22.419+0000] {processor.py:840} INFO - DAG(s) 'example_setup_teardown' retrieved from /home/airflow/.local/lib/python3.12/site-packages/airflow/example_dags/example_setup_teardown.py
[2024-04-30T08:15:22.453+0000] {logging_mixin.py:188} INFO - [2024-04-30T08:15:22.453+0000] {dag.py:3096} INFO - Sync 1 DAGs
[2024-04-30T08:15:22.490+0000] {logging_mixin.py:188} INFO - [2024-04-30T08:15:22.490+0000] {dag.py:3954} INFO - Setting next_dagrun for example_setup_teardown to 2024-04-29 00:00:00+00:00, run_after=2024-04-30 00:00:00+00:00
[2024-04-30T08:15:22.518+0000] {processor.py:183} INFO - Processing /home/airflow/.local/lib/python3.12/site-packages/airflow/example_dags/example_setup_teardown.py took 0.125 seconds
[2024-04-30T08:15:52.601+0000] {processor.py:161} INFO - Started process (PID=258) to work on /home/airflow/.local/lib/python3.12/site-packages/airflow/example_dags/example_setup_teardown.py
[2024-04-30T08:15:52.602+0000] {processor.py:830} INFO - Processing file /home/airflow/.local/lib/python3.12/site-packages/airflow/example_dags/example_setup_teardown.py for tasks to queue
[2024-04-30T08:15:52.603+0000] {logging_mixin.py:188} INFO - [2024-04-30T08:15:52.603+0000] {dagbag.py:540} INFO - Filling up the DagBag from /home/airflow/.local/lib/python3.12/site-packages/airflow/example_dags/example_setup_teardown.py
[2024-04-30T08:15:52.611+0000] {processor.py:840} INFO - DAG(s) 'example_setup_teardown' retrieved from /home/airflow/.local/lib/python3.12/site-packages/airflow/example_dags/example_setup_teardown.py
[2024-04-30T08:15:52.635+0000] {logging_mixin.py:188} INFO - [2024-04-30T08:15:52.635+0000] {dag.py:3096} INFO - Sync 1 DAGs
[2024-04-30T08:15:52.659+0000] {logging_mixin.py:188} INFO - [2024-04-30T08:15:52.659+0000] {dag.py:3954} INFO - Setting next_dagrun for example_setup_teardown to 2024-04-29 00:00:00+00:00, run_after=2024-04-30 00:00:00+00:00
[2024-04-30T08:15:52.680+0000] {processor.py:183} INFO - Processing /home/airflow/.local/lib/python3.12/site-packages/airflow/example_dags/example_setup_teardown.py took 0.086 seconds
[2024-04-30T08:16:22.837+0000] {processor.py:161} INFO - Started process (PID=317) to work on /home/airflow/.local/lib/python3.12/site-packages/airflow/example_dags/example_setup_teardown.py
[2024-04-30T08:16:22.838+0000] {processor.py:830} INFO - Processing file /home/airflow/.local/lib/python3.12/site-packages/airflow/example_dags/example_setup_teardown.py for tasks to queue
[2024-04-30T08:16:22.839+0000] {logging_mixin.py:188} INFO - [2024-04-30T08:16:22.839+0000] {dagbag.py:540} INFO - Filling up the DagBag from /home/airflow/.local/lib/python3.12/site-packages/airflow/example_dags/example_setup_teardown.py
[2024-04-30T08:16:22.847+0000] {processor.py:840} INFO - DAG(s) 'example_setup_teardown' retrieved from /home/airflow/.local/lib/python3.12/site-packages/airflow/example_dags/example_setup_teardown.py
[2024-04-30T08:16:22.876+0000] {logging_mixin.py:188} INFO - [2024-04-30T08:16:22.875+0000] {dag.py:3096} INFO - Sync 1 DAGs
[2024-04-30T08:16:22.899+0000] {logging_mixin.py:188} INFO - [2024-04-30T08:16:22.899+0000] {dag.py:3954} INFO - Setting next_dagrun for example_setup_teardown to 2024-04-29 00:00:00+00:00, run_after=2024-04-30 00:00:00+00:00
[2024-04-30T08:16:22.918+0000] {processor.py:183} INFO - Processing /home/airflow/.local/lib/python3.12/site-packages/airflow/example_dags/example_setup_teardown.py took 0.088 seconds
[2024-04-30T08:16:53.088+0000] {processor.py:161} INFO - Started process (PID=377) to work on /home/airflow/.local/lib/python3.12/site-packages/airflow/example_dags/example_setup_teardown.py
[2024-04-30T08:16:53.089+0000] {processor.py:830} INFO - Processing file /home/airflow/.local/lib/python3.12/site-packages/airflow/example_dags/example_setup_teardown.py for tasks to queue
[2024-04-30T08:16:53.089+0000] {logging_mixin.py:188} INFO - [2024-04-30T08:16:53.089+0000] {dagbag.py:540} INFO - Filling up the DagBag from /home/airflow/.local/lib/python3.12/site-packages/airflow/example_dags/example_setup_teardown.py
[2024-04-30T08:16:53.098+0000] {processor.py:840} INFO - DAG(s) 'example_setup_teardown' retrieved from /home/airflow/.local/lib/python3.12/site-packages/airflow/example_dags/example_setup_teardown.py
[2024-04-30T08:16:53.120+0000] {logging_mixin.py:188} INFO - [2024-04-30T08:16:53.120+0000] {dag.py:3096} INFO - Sync 1 DAGs
[2024-04-30T08:16:53.147+0000] {logging_mixin.py:188} INFO - [2024-04-30T08:16:53.147+0000] {dag.py:3954} INFO - Setting next_dagrun for example_setup_teardown to 2024-04-29 00:00:00+00:00, run_after=2024-04-30 00:00:00+00:00
[2024-04-30T08:16:53.171+0000] {processor.py:183} INFO - Processing /home/airflow/.local/lib/python3.12/site-packages/airflow/example_dags/example_setup_teardown.py took 0.091 seconds
