[2024-04-30T08:14:15.960+0000] {processor.py:161} INFO - Started process (PID=54) to work on /home/airflow/.local/lib/python3.12/site-packages/airflow/example_dags/example_branch_operator.py
[2024-04-30T08:14:15.962+0000] {processor.py:830} INFO - Processing file /home/airflow/.local/lib/python3.12/site-packages/airflow/example_dags/example_branch_operator.py for tasks to queue
[2024-04-30T08:14:15.966+0000] {logging_mixin.py:188} INFO - [2024-04-30T08:14:15.965+0000] {dagbag.py:540} INFO - Filling up the DagBag from /home/airflow/.local/lib/python3.12/site-packages/airflow/example_dags/example_branch_operator.py
[2024-04-30T08:14:16.019+0000] {processor.py:840} INFO - DAG(s) 'example_branch_operator' retrieved from /home/airflow/.local/lib/python3.12/site-packages/airflow/example_dags/example_branch_operator.py
[2024-04-30T08:14:16.329+0000] {logging_mixin.py:188} INFO - [2024-04-30T08:14:16.328+0000] {dag.py:3096} INFO - Sync 1 DAGs
[2024-04-30T08:14:16.381+0000] {logging_mixin.py:188} INFO - [2024-04-30T08:14:16.381+0000] {dag.py:3954} INFO - Setting next_dagrun for example_branch_operator to 2024-04-29 00:00:00+00:00, run_after=2024-04-30 00:00:00+00:00
[2024-04-30T08:14:16.459+0000] {processor.py:183} INFO - Processing /home/airflow/.local/lib/python3.12/site-packages/airflow/example_dags/example_branch_operator.py took 0.516 seconds
[2024-04-30T08:14:46.602+0000] {processor.py:161} INFO - Started process (PID=115) to work on /home/airflow/.local/lib/python3.12/site-packages/airflow/example_dags/example_branch_operator.py
[2024-04-30T08:14:46.603+0000] {processor.py:830} INFO - Processing file /home/airflow/.local/lib/python3.12/site-packages/airflow/example_dags/example_branch_operator.py for tasks to queue
[2024-04-30T08:14:46.605+0000] {logging_mixin.py:188} INFO - [2024-04-30T08:14:46.604+0000] {dagbag.py:540} INFO - Filling up the DagBag from /home/airflow/.local/lib/python3.12/site-packages/airflow/example_dags/example_branch_operator.py
[2024-04-30T08:14:46.622+0000] {processor.py:840} INFO - DAG(s) 'example_branch_operator' retrieved from /home/airflow/.local/lib/python3.12/site-packages/airflow/example_dags/example_branch_operator.py
[2024-04-30T08:14:46.656+0000] {logging_mixin.py:188} INFO - [2024-04-30T08:14:46.655+0000] {dag.py:3096} INFO - Sync 1 DAGs
[2024-04-30T08:14:46.686+0000] {logging_mixin.py:188} INFO - [2024-04-30T08:14:46.685+0000] {dag.py:3954} INFO - Setting next_dagrun for example_branch_operator to 2024-04-29 00:00:00+00:00, run_after=2024-04-30 00:00:00+00:00
[2024-04-30T08:14:46.703+0000] {processor.py:183} INFO - Processing /home/airflow/.local/lib/python3.12/site-packages/airflow/example_dags/example_branch_operator.py took 0.107 seconds
[2024-04-30T08:15:17.581+0000] {processor.py:161} INFO - Started process (PID=175) to work on /home/airflow/.local/lib/python3.12/site-packages/airflow/example_dags/example_branch_operator.py
[2024-04-30T08:15:17.582+0000] {processor.py:830} INFO - Processing file /home/airflow/.local/lib/python3.12/site-packages/airflow/example_dags/example_branch_operator.py for tasks to queue
[2024-04-30T08:15:17.583+0000] {logging_mixin.py:188} INFO - [2024-04-30T08:15:17.583+0000] {dagbag.py:540} INFO - Filling up the DagBag from /home/airflow/.local/lib/python3.12/site-packages/airflow/example_dags/example_branch_operator.py
[2024-04-30T08:15:17.601+0000] {processor.py:840} INFO - DAG(s) 'example_branch_operator' retrieved from /home/airflow/.local/lib/python3.12/site-packages/airflow/example_dags/example_branch_operator.py
[2024-04-30T08:15:17.638+0000] {logging_mixin.py:188} INFO - [2024-04-30T08:15:17.637+0000] {dag.py:3096} INFO - Sync 1 DAGs
[2024-04-30T08:15:17.666+0000] {logging_mixin.py:188} INFO - [2024-04-30T08:15:17.665+0000] {dag.py:3954} INFO - Setting next_dagrun for example_branch_operator to 2024-04-29 00:00:00+00:00, run_after=2024-04-30 00:00:00+00:00
[2024-04-30T08:15:17.687+0000] {processor.py:183} INFO - Processing /home/airflow/.local/lib/python3.12/site-packages/airflow/example_dags/example_branch_operator.py took 0.113 seconds
[2024-04-30T08:15:48.007+0000] {processor.py:161} INFO - Started process (PID=235) to work on /home/airflow/.local/lib/python3.12/site-packages/airflow/example_dags/example_branch_operator.py
[2024-04-30T08:15:48.008+0000] {processor.py:830} INFO - Processing file /home/airflow/.local/lib/python3.12/site-packages/airflow/example_dags/example_branch_operator.py for tasks to queue
[2024-04-30T08:15:48.010+0000] {logging_mixin.py:188} INFO - [2024-04-30T08:15:48.009+0000] {dagbag.py:540} INFO - Filling up the DagBag from /home/airflow/.local/lib/python3.12/site-packages/airflow/example_dags/example_branch_operator.py
[2024-04-30T08:15:48.039+0000] {processor.py:840} INFO - DAG(s) 'example_branch_operator' retrieved from /home/airflow/.local/lib/python3.12/site-packages/airflow/example_dags/example_branch_operator.py
[2024-04-30T08:15:48.119+0000] {logging_mixin.py:188} INFO - [2024-04-30T08:15:48.118+0000] {dag.py:3096} INFO - Sync 1 DAGs
[2024-04-30T08:15:48.168+0000] {logging_mixin.py:188} INFO - [2024-04-30T08:15:48.167+0000] {dag.py:3954} INFO - Setting next_dagrun for example_branch_operator to 2024-04-29 00:00:00+00:00, run_after=2024-04-30 00:00:00+00:00
[2024-04-30T08:15:48.194+0000] {processor.py:183} INFO - Processing /home/airflow/.local/lib/python3.12/site-packages/airflow/example_dags/example_branch_operator.py took 0.197 seconds
[2024-04-30T08:16:18.464+0000] {processor.py:161} INFO - Started process (PID=295) to work on /home/airflow/.local/lib/python3.12/site-packages/airflow/example_dags/example_branch_operator.py
[2024-04-30T08:16:18.465+0000] {processor.py:830} INFO - Processing file /home/airflow/.local/lib/python3.12/site-packages/airflow/example_dags/example_branch_operator.py for tasks to queue
[2024-04-30T08:16:18.466+0000] {logging_mixin.py:188} INFO - [2024-04-30T08:16:18.466+0000] {dagbag.py:540} INFO - Filling up the DagBag from /home/airflow/.local/lib/python3.12/site-packages/airflow/example_dags/example_branch_operator.py
[2024-04-30T08:16:18.485+0000] {processor.py:840} INFO - DAG(s) 'example_branch_operator' retrieved from /home/airflow/.local/lib/python3.12/site-packages/airflow/example_dags/example_branch_operator.py
[2024-04-30T08:16:18.522+0000] {logging_mixin.py:188} INFO - [2024-04-30T08:16:18.522+0000] {dag.py:3096} INFO - Sync 1 DAGs
[2024-04-30T08:16:18.551+0000] {logging_mixin.py:188} INFO - [2024-04-30T08:16:18.550+0000] {dag.py:3954} INFO - Setting next_dagrun for example_branch_operator to 2024-04-29 00:00:00+00:00, run_after=2024-04-30 00:00:00+00:00
[2024-04-30T08:16:18.569+0000] {processor.py:183} INFO - Processing /home/airflow/.local/lib/python3.12/site-packages/airflow/example_dags/example_branch_operator.py took 0.112 seconds
[2024-04-30T08:16:48.643+0000] {processor.py:161} INFO - Started process (PID=355) to work on /home/airflow/.local/lib/python3.12/site-packages/airflow/example_dags/example_branch_operator.py
[2024-04-30T08:16:48.644+0000] {processor.py:830} INFO - Processing file /home/airflow/.local/lib/python3.12/site-packages/airflow/example_dags/example_branch_operator.py for tasks to queue
[2024-04-30T08:16:48.645+0000] {logging_mixin.py:188} INFO - [2024-04-30T08:16:48.645+0000] {dagbag.py:540} INFO - Filling up the DagBag from /home/airflow/.local/lib/python3.12/site-packages/airflow/example_dags/example_branch_operator.py
[2024-04-30T08:16:48.665+0000] {processor.py:840} INFO - DAG(s) 'example_branch_operator' retrieved from /home/airflow/.local/lib/python3.12/site-packages/airflow/example_dags/example_branch_operator.py
[2024-04-30T08:16:48.699+0000] {logging_mixin.py:188} INFO - [2024-04-30T08:16:48.699+0000] {dag.py:3096} INFO - Sync 1 DAGs
[2024-04-30T08:16:48.729+0000] {logging_mixin.py:188} INFO - [2024-04-30T08:16:48.729+0000] {dag.py:3954} INFO - Setting next_dagrun for example_branch_operator to 2024-04-29 00:00:00+00:00, run_after=2024-04-30 00:00:00+00:00
[2024-04-30T08:16:48.753+0000] {processor.py:183} INFO - Processing /home/airflow/.local/lib/python3.12/site-packages/airflow/example_dags/example_branch_operator.py took 0.117 seconds
