[2024-04-30T08:14:18.787+0000] {processor.py:161} INFO - Started process (PID=66) to work on /home/airflow/.local/lib/python3.12/site-packages/airflow/example_dags/example_subdag_operator.py
[2024-04-30T08:14:18.794+0000] {processor.py:830} INFO - Processing file /home/airflow/.local/lib/python3.12/site-packages/airflow/example_dags/example_subdag_operator.py for tasks to queue
[2024-04-30T08:14:18.800+0000] {logging_mixin.py:188} INFO - [2024-04-30T08:14:18.799+0000] {dagbag.py:540} INFO - Filling up the DagBag from /home/airflow/.local/lib/python3.12/site-packages/airflow/example_dags/example_subdag_operator.py
[2024-04-30T08:14:18.904+0000] {processor.py:840} INFO - DAG(s) 'example_subdag_operator.section-1', 'example_subdag_operator.section-2', 'example_subdag_operator' retrieved from /home/airflow/.local/lib/python3.12/site-packages/airflow/example_dags/example_subdag_operator.py
[2024-04-30T08:14:19.243+0000] {logging_mixin.py:188} INFO - [2024-04-30T08:14:19.242+0000] {dag.py:3096} INFO - Sync 3 DAGs
[2024-04-30T08:14:19.323+0000] {logging_mixin.py:188} INFO - [2024-04-30T08:14:19.322+0000] {dag.py:3954} INFO - Setting next_dagrun for example_subdag_operator to 2022-01-01 00:00:00+00:00, run_after=2022-01-01 00:00:00+00:00
[2024-04-30T08:14:19.340+0000] {logging_mixin.py:188} INFO - [2024-04-30T08:14:19.340+0000] {dag.py:3954} INFO - Setting next_dagrun for example_subdag_operator.section-1 to None, run_after=None
[2024-04-30T08:14:19.344+0000] {logging_mixin.py:188} INFO - [2024-04-30T08:14:19.343+0000] {dag.py:3954} INFO - Setting next_dagrun for example_subdag_operator.section-2 to None, run_after=None
[2024-04-30T08:14:19.367+0000] {logging_mixin.py:188} INFO - [2024-04-30T08:14:19.366+0000] {dag.py:3096} INFO - Sync 2 DAGs
[2024-04-30T08:14:19.387+0000] {logging_mixin.py:188} INFO - [2024-04-30T08:14:19.386+0000] {dag.py:3954} INFO - Setting next_dagrun for example_subdag_operator.section-1 to None, run_after=None
[2024-04-30T08:14:19.388+0000] {logging_mixin.py:188} INFO - [2024-04-30T08:14:19.388+0000] {dag.py:3954} INFO - Setting next_dagrun for example_subdag_operator.section-2 to None, run_after=None
[2024-04-30T08:14:19.446+0000] {processor.py:183} INFO - Processing /home/airflow/.local/lib/python3.12/site-packages/airflow/example_dags/example_subdag_operator.py took 0.688 seconds
[2024-04-30T08:14:49.649+0000] {processor.py:161} INFO - Started process (PID=127) to work on /home/airflow/.local/lib/python3.12/site-packages/airflow/example_dags/example_subdag_operator.py
[2024-04-30T08:14:49.650+0000] {processor.py:830} INFO - Processing file /home/airflow/.local/lib/python3.12/site-packages/airflow/example_dags/example_subdag_operator.py for tasks to queue
[2024-04-30T08:14:49.653+0000] {logging_mixin.py:188} INFO - [2024-04-30T08:14:49.653+0000] {dagbag.py:540} INFO - Filling up the DagBag from /home/airflow/.local/lib/python3.12/site-packages/airflow/example_dags/example_subdag_operator.py
[2024-04-30T08:14:49.691+0000] {processor.py:840} INFO - DAG(s) 'example_subdag_operator.section-1', 'example_subdag_operator.section-2', 'example_subdag_operator' retrieved from /home/airflow/.local/lib/python3.12/site-packages/airflow/example_dags/example_subdag_operator.py
[2024-04-30T08:14:49.731+0000] {logging_mixin.py:188} INFO - [2024-04-30T08:14:49.730+0000] {dag.py:3096} INFO - Sync 3 DAGs
[2024-04-30T08:14:49.774+0000] {logging_mixin.py:188} INFO - [2024-04-30T08:14:49.774+0000] {dag.py:3954} INFO - Setting next_dagrun for example_subdag_operator to 2022-01-01 00:00:00+00:00, run_after=2022-01-01 00:00:00+00:00
[2024-04-30T08:14:49.783+0000] {logging_mixin.py:188} INFO - [2024-04-30T08:14:49.782+0000] {dag.py:3954} INFO - Setting next_dagrun for example_subdag_operator.section-1 to None, run_after=None
[2024-04-30T08:14:49.785+0000] {logging_mixin.py:188} INFO - [2024-04-30T08:14:49.785+0000] {dag.py:3954} INFO - Setting next_dagrun for example_subdag_operator.section-2 to None, run_after=None
[2024-04-30T08:14:49.795+0000] {logging_mixin.py:188} INFO - [2024-04-30T08:14:49.794+0000] {dag.py:3096} INFO - Sync 2 DAGs
[2024-04-30T08:14:49.806+0000] {logging_mixin.py:188} INFO - [2024-04-30T08:14:49.805+0000] {dag.py:3954} INFO - Setting next_dagrun for example_subdag_operator.section-1 to None, run_after=None
[2024-04-30T08:14:49.806+0000] {logging_mixin.py:188} INFO - [2024-04-30T08:14:49.806+0000] {dag.py:3954} INFO - Setting next_dagrun for example_subdag_operator.section-2 to None, run_after=None
[2024-04-30T08:14:49.823+0000] {processor.py:183} INFO - Processing /home/airflow/.local/lib/python3.12/site-packages/airflow/example_dags/example_subdag_operator.py took 0.186 seconds
[2024-04-30T08:15:20.301+0000] {processor.py:161} INFO - Started process (PID=187) to work on /home/airflow/.local/lib/python3.12/site-packages/airflow/example_dags/example_subdag_operator.py
[2024-04-30T08:15:20.302+0000] {processor.py:830} INFO - Processing file /home/airflow/.local/lib/python3.12/site-packages/airflow/example_dags/example_subdag_operator.py for tasks to queue
[2024-04-30T08:15:20.303+0000] {logging_mixin.py:188} INFO - [2024-04-30T08:15:20.303+0000] {dagbag.py:540} INFO - Filling up the DagBag from /home/airflow/.local/lib/python3.12/site-packages/airflow/example_dags/example_subdag_operator.py
[2024-04-30T08:15:20.331+0000] {processor.py:840} INFO - DAG(s) 'example_subdag_operator.section-1', 'example_subdag_operator.section-2', 'example_subdag_operator' retrieved from /home/airflow/.local/lib/python3.12/site-packages/airflow/example_dags/example_subdag_operator.py
[2024-04-30T08:15:20.351+0000] {logging_mixin.py:188} INFO - [2024-04-30T08:15:20.350+0000] {dag.py:3096} INFO - Sync 3 DAGs
[2024-04-30T08:15:20.394+0000] {logging_mixin.py:188} INFO - [2024-04-30T08:15:20.394+0000] {dag.py:3954} INFO - Setting next_dagrun for example_subdag_operator to 2022-01-01 00:00:00+00:00, run_after=2022-01-01 00:00:00+00:00
[2024-04-30T08:15:20.401+0000] {logging_mixin.py:188} INFO - [2024-04-30T08:15:20.401+0000] {dag.py:3954} INFO - Setting next_dagrun for example_subdag_operator.section-1 to None, run_after=None
[2024-04-30T08:15:20.403+0000] {logging_mixin.py:188} INFO - [2024-04-30T08:15:20.402+0000] {dag.py:3954} INFO - Setting next_dagrun for example_subdag_operator.section-2 to None, run_after=None
[2024-04-30T08:15:20.410+0000] {logging_mixin.py:188} INFO - [2024-04-30T08:15:20.409+0000] {dag.py:3096} INFO - Sync 2 DAGs
[2024-04-30T08:15:20.417+0000] {logging_mixin.py:188} INFO - [2024-04-30T08:15:20.416+0000] {dag.py:3954} INFO - Setting next_dagrun for example_subdag_operator.section-1 to None, run_after=None
[2024-04-30T08:15:20.417+0000] {logging_mixin.py:188} INFO - [2024-04-30T08:15:20.417+0000] {dag.py:3954} INFO - Setting next_dagrun for example_subdag_operator.section-2 to None, run_after=None
[2024-04-30T08:15:20.428+0000] {processor.py:183} INFO - Processing /home/airflow/.local/lib/python3.12/site-packages/airflow/example_dags/example_subdag_operator.py took 0.136 seconds
[2024-04-30T08:15:50.848+0000] {processor.py:161} INFO - Started process (PID=247) to work on /home/airflow/.local/lib/python3.12/site-packages/airflow/example_dags/example_subdag_operator.py
[2024-04-30T08:15:50.850+0000] {processor.py:830} INFO - Processing file /home/airflow/.local/lib/python3.12/site-packages/airflow/example_dags/example_subdag_operator.py for tasks to queue
[2024-04-30T08:15:50.851+0000] {logging_mixin.py:188} INFO - [2024-04-30T08:15:50.851+0000] {dagbag.py:540} INFO - Filling up the DagBag from /home/airflow/.local/lib/python3.12/site-packages/airflow/example_dags/example_subdag_operator.py
[2024-04-30T08:15:50.884+0000] {processor.py:840} INFO - DAG(s) 'example_subdag_operator.section-1', 'example_subdag_operator.section-2', 'example_subdag_operator' retrieved from /home/airflow/.local/lib/python3.12/site-packages/airflow/example_dags/example_subdag_operator.py
[2024-04-30T08:15:50.910+0000] {logging_mixin.py:188} INFO - [2024-04-30T08:15:50.910+0000] {dag.py:3096} INFO - Sync 3 DAGs
[2024-04-30T08:15:50.939+0000] {logging_mixin.py:188} INFO - [2024-04-30T08:15:50.938+0000] {dag.py:3954} INFO - Setting next_dagrun for example_subdag_operator to 2022-01-01 00:00:00+00:00, run_after=2022-01-01 00:00:00+00:00
[2024-04-30T08:15:50.947+0000] {logging_mixin.py:188} INFO - [2024-04-30T08:15:50.947+0000] {dag.py:3954} INFO - Setting next_dagrun for example_subdag_operator.section-1 to None, run_after=None
[2024-04-30T08:15:50.949+0000] {logging_mixin.py:188} INFO - [2024-04-30T08:15:50.949+0000] {dag.py:3954} INFO - Setting next_dagrun for example_subdag_operator.section-2 to None, run_after=None
[2024-04-30T08:15:50.957+0000] {logging_mixin.py:188} INFO - [2024-04-30T08:15:50.957+0000] {dag.py:3096} INFO - Sync 2 DAGs
[2024-04-30T08:15:50.968+0000] {logging_mixin.py:188} INFO - [2024-04-30T08:15:50.968+0000] {dag.py:3954} INFO - Setting next_dagrun for example_subdag_operator.section-1 to None, run_after=None
[2024-04-30T08:15:50.969+0000] {logging_mixin.py:188} INFO - [2024-04-30T08:15:50.969+0000] {dag.py:3954} INFO - Setting next_dagrun for example_subdag_operator.section-2 to None, run_after=None
[2024-04-30T08:15:50.985+0000] {processor.py:183} INFO - Processing /home/airflow/.local/lib/python3.12/site-packages/airflow/example_dags/example_subdag_operator.py took 0.147 seconds
[2024-04-30T08:16:21.221+0000] {processor.py:161} INFO - Started process (PID=307) to work on /home/airflow/.local/lib/python3.12/site-packages/airflow/example_dags/example_subdag_operator.py
[2024-04-30T08:16:21.222+0000] {processor.py:830} INFO - Processing file /home/airflow/.local/lib/python3.12/site-packages/airflow/example_dags/example_subdag_operator.py for tasks to queue
[2024-04-30T08:16:21.223+0000] {logging_mixin.py:188} INFO - [2024-04-30T08:16:21.223+0000] {dagbag.py:540} INFO - Filling up the DagBag from /home/airflow/.local/lib/python3.12/site-packages/airflow/example_dags/example_subdag_operator.py
[2024-04-30T08:16:21.249+0000] {processor.py:840} INFO - DAG(s) 'example_subdag_operator.section-1', 'example_subdag_operator.section-2', 'example_subdag_operator' retrieved from /home/airflow/.local/lib/python3.12/site-packages/airflow/example_dags/example_subdag_operator.py
[2024-04-30T08:16:21.272+0000] {logging_mixin.py:188} INFO - [2024-04-30T08:16:21.272+0000] {dag.py:3096} INFO - Sync 3 DAGs
[2024-04-30T08:16:21.295+0000] {logging_mixin.py:188} INFO - [2024-04-30T08:16:21.295+0000] {dag.py:3954} INFO - Setting next_dagrun for example_subdag_operator to 2022-01-01 00:00:00+00:00, run_after=2022-01-01 00:00:00+00:00
[2024-04-30T08:16:21.301+0000] {logging_mixin.py:188} INFO - [2024-04-30T08:16:21.300+0000] {dag.py:3954} INFO - Setting next_dagrun for example_subdag_operator.section-1 to None, run_after=None
[2024-04-30T08:16:21.303+0000] {logging_mixin.py:188} INFO - [2024-04-30T08:16:21.303+0000] {dag.py:3954} INFO - Setting next_dagrun for example_subdag_operator.section-2 to None, run_after=None
[2024-04-30T08:16:21.311+0000] {logging_mixin.py:188} INFO - [2024-04-30T08:16:21.310+0000] {dag.py:3096} INFO - Sync 2 DAGs
[2024-04-30T08:16:21.317+0000] {logging_mixin.py:188} INFO - [2024-04-30T08:16:21.316+0000] {dag.py:3954} INFO - Setting next_dagrun for example_subdag_operator.section-1 to None, run_after=None
[2024-04-30T08:16:21.317+0000] {logging_mixin.py:188} INFO - [2024-04-30T08:16:21.317+0000] {dag.py:3954} INFO - Setting next_dagrun for example_subdag_operator.section-2 to None, run_after=None
[2024-04-30T08:16:21.328+0000] {processor.py:183} INFO - Processing /home/airflow/.local/lib/python3.12/site-packages/airflow/example_dags/example_subdag_operator.py took 0.115 seconds
[2024-04-30T08:16:51.380+0000] {processor.py:161} INFO - Started process (PID=367) to work on /home/airflow/.local/lib/python3.12/site-packages/airflow/example_dags/example_subdag_operator.py
[2024-04-30T08:16:51.381+0000] {processor.py:830} INFO - Processing file /home/airflow/.local/lib/python3.12/site-packages/airflow/example_dags/example_subdag_operator.py for tasks to queue
[2024-04-30T08:16:51.382+0000] {logging_mixin.py:188} INFO - [2024-04-30T08:16:51.382+0000] {dagbag.py:540} INFO - Filling up the DagBag from /home/airflow/.local/lib/python3.12/site-packages/airflow/example_dags/example_subdag_operator.py
[2024-04-30T08:16:51.408+0000] {processor.py:840} INFO - DAG(s) 'example_subdag_operator.section-1', 'example_subdag_operator.section-2', 'example_subdag_operator' retrieved from /home/airflow/.local/lib/python3.12/site-packages/airflow/example_dags/example_subdag_operator.py
[2024-04-30T08:16:51.426+0000] {logging_mixin.py:188} INFO - [2024-04-30T08:16:51.426+0000] {dag.py:3096} INFO - Sync 3 DAGs
[2024-04-30T08:16:51.451+0000] {logging_mixin.py:188} INFO - [2024-04-30T08:16:51.451+0000] {dag.py:3954} INFO - Setting next_dagrun for example_subdag_operator to 2022-01-01 00:00:00+00:00, run_after=2022-01-01 00:00:00+00:00
[2024-04-30T08:16:51.456+0000] {logging_mixin.py:188} INFO - [2024-04-30T08:16:51.455+0000] {dag.py:3954} INFO - Setting next_dagrun for example_subdag_operator.section-1 to None, run_after=None
[2024-04-30T08:16:51.457+0000] {logging_mixin.py:188} INFO - [2024-04-30T08:16:51.457+0000] {dag.py:3954} INFO - Setting next_dagrun for example_subdag_operator.section-2 to None, run_after=None
[2024-04-30T08:16:51.464+0000] {logging_mixin.py:188} INFO - [2024-04-30T08:16:51.464+0000] {dag.py:3096} INFO - Sync 2 DAGs
[2024-04-30T08:16:51.470+0000] {logging_mixin.py:188} INFO - [2024-04-30T08:16:51.470+0000] {dag.py:3954} INFO - Setting next_dagrun for example_subdag_operator.section-1 to None, run_after=None
[2024-04-30T08:16:51.470+0000] {logging_mixin.py:188} INFO - [2024-04-30T08:16:51.470+0000] {dag.py:3954} INFO - Setting next_dagrun for example_subdag_operator.section-2 to None, run_after=None
[2024-04-30T08:16:51.482+0000] {processor.py:183} INFO - Processing /home/airflow/.local/lib/python3.12/site-packages/airflow/example_dags/example_subdag_operator.py took 0.110 seconds
