[2024-04-30T08:14:22.720+0000] {processor.py:161} INFO - Started process (PID=82) to work on /home/airflow/.local/lib/python3.12/site-packages/airflow/example_dags/tutorial.py
[2024-04-30T08:14:22.721+0000] {processor.py:830} INFO - Processing file /home/airflow/.local/lib/python3.12/site-packages/airflow/example_dags/tutorial.py for tasks to queue
[2024-04-30T08:14:22.723+0000] {logging_mixin.py:188} INFO - [2024-04-30T08:14:22.723+0000] {dagbag.py:540} INFO - Filling up the DagBag from /home/airflow/.local/lib/python3.12/site-packages/airflow/example_dags/tutorial.py
[2024-04-30T08:14:22.734+0000] {processor.py:840} INFO - DAG(s) 'tutorial' retrieved from /home/airflow/.local/lib/python3.12/site-packages/airflow/example_dags/tutorial.py
[2024-04-30T08:14:22.930+0000] {logging_mixin.py:188} INFO - [2024-04-30T08:14:22.929+0000] {dag.py:3096} INFO - Sync 1 DAGs
[2024-04-30T08:14:22.966+0000] {logging_mixin.py:188} INFO - [2024-04-30T08:14:22.965+0000] {dag.py:3954} INFO - Setting next_dagrun for tutorial to 2024-04-29 00:00:00+00:00, run_after=2024-04-30 00:00:00+00:00
[2024-04-30T08:14:22.997+0000] {processor.py:183} INFO - Processing /home/airflow/.local/lib/python3.12/site-packages/airflow/example_dags/tutorial.py took 0.287 seconds
[2024-04-30T08:14:53.362+0000] {processor.py:161} INFO - Started process (PID=143) to work on /home/airflow/.local/lib/python3.12/site-packages/airflow/example_dags/tutorial.py
[2024-04-30T08:14:53.364+0000] {processor.py:830} INFO - Processing file /home/airflow/.local/lib/python3.12/site-packages/airflow/example_dags/tutorial.py for tasks to queue
[2024-04-30T08:14:53.366+0000] {logging_mixin.py:188} INFO - [2024-04-30T08:14:53.365+0000] {dagbag.py:540} INFO - Filling up the DagBag from /home/airflow/.local/lib/python3.12/site-packages/airflow/example_dags/tutorial.py
[2024-04-30T08:14:53.373+0000] {processor.py:840} INFO - DAG(s) 'tutorial' retrieved from /home/airflow/.local/lib/python3.12/site-packages/airflow/example_dags/tutorial.py
[2024-04-30T08:14:53.402+0000] {logging_mixin.py:188} INFO - [2024-04-30T08:14:53.402+0000] {dag.py:3096} INFO - Sync 1 DAGs
[2024-04-30T08:14:53.431+0000] {logging_mixin.py:188} INFO - [2024-04-30T08:14:53.431+0000] {dag.py:3954} INFO - Setting next_dagrun for tutorial to 2024-04-29 00:00:00+00:00, run_after=2024-04-30 00:00:00+00:00
[2024-04-30T08:14:53.455+0000] {processor.py:183} INFO - Processing /home/airflow/.local/lib/python3.12/site-packages/airflow/example_dags/tutorial.py took 0.103 seconds
[2024-04-30T08:15:23.718+0000] {processor.py:161} INFO - Started process (PID=203) to work on /home/airflow/.local/lib/python3.12/site-packages/airflow/example_dags/tutorial.py
[2024-04-30T08:15:23.719+0000] {processor.py:830} INFO - Processing file /home/airflow/.local/lib/python3.12/site-packages/airflow/example_dags/tutorial.py for tasks to queue
[2024-04-30T08:15:23.720+0000] {logging_mixin.py:188} INFO - [2024-04-30T08:15:23.720+0000] {dagbag.py:540} INFO - Filling up the DagBag from /home/airflow/.local/lib/python3.12/site-packages/airflow/example_dags/tutorial.py
[2024-04-30T08:15:23.728+0000] {processor.py:840} INFO - DAG(s) 'tutorial' retrieved from /home/airflow/.local/lib/python3.12/site-packages/airflow/example_dags/tutorial.py
[2024-04-30T08:15:23.755+0000] {logging_mixin.py:188} INFO - [2024-04-30T08:15:23.754+0000] {dag.py:3096} INFO - Sync 1 DAGs
[2024-04-30T08:15:23.790+0000] {logging_mixin.py:188} INFO - [2024-04-30T08:15:23.790+0000] {dag.py:3954} INFO - Setting next_dagrun for tutorial to 2024-04-29 00:00:00+00:00, run_after=2024-04-30 00:00:00+00:00
[2024-04-30T08:15:23.814+0000] {processor.py:183} INFO - Processing /home/airflow/.local/lib/python3.12/site-packages/airflow/example_dags/tutorial.py took 0.104 seconds
[2024-04-30T08:15:53.960+0000] {processor.py:161} INFO - Started process (PID=263) to work on /home/airflow/.local/lib/python3.12/site-packages/airflow/example_dags/tutorial.py
[2024-04-30T08:15:53.962+0000] {processor.py:830} INFO - Processing file /home/airflow/.local/lib/python3.12/site-packages/airflow/example_dags/tutorial.py for tasks to queue
[2024-04-30T08:15:53.964+0000] {logging_mixin.py:188} INFO - [2024-04-30T08:15:53.963+0000] {dagbag.py:540} INFO - Filling up the DagBag from /home/airflow/.local/lib/python3.12/site-packages/airflow/example_dags/tutorial.py
[2024-04-30T08:15:53.971+0000] {processor.py:840} INFO - DAG(s) 'tutorial' retrieved from /home/airflow/.local/lib/python3.12/site-packages/airflow/example_dags/tutorial.py
[2024-04-30T08:15:53.999+0000] {logging_mixin.py:188} INFO - [2024-04-30T08:15:53.999+0000] {dag.py:3096} INFO - Sync 1 DAGs
[2024-04-30T08:15:54.031+0000] {logging_mixin.py:188} INFO - [2024-04-30T08:15:54.030+0000] {dag.py:3954} INFO - Setting next_dagrun for tutorial to 2024-04-29 00:00:00+00:00, run_after=2024-04-30 00:00:00+00:00
[2024-04-30T08:15:54.057+0000] {processor.py:183} INFO - Processing /home/airflow/.local/lib/python3.12/site-packages/airflow/example_dags/tutorial.py took 0.103 seconds
[2024-04-30T08:16:24.322+0000] {processor.py:161} INFO - Started process (PID=323) to work on /home/airflow/.local/lib/python3.12/site-packages/airflow/example_dags/tutorial.py
[2024-04-30T08:16:24.323+0000] {processor.py:830} INFO - Processing file /home/airflow/.local/lib/python3.12/site-packages/airflow/example_dags/tutorial.py for tasks to queue
[2024-04-30T08:16:24.324+0000] {logging_mixin.py:188} INFO - [2024-04-30T08:16:24.324+0000] {dagbag.py:540} INFO - Filling up the DagBag from /home/airflow/.local/lib/python3.12/site-packages/airflow/example_dags/tutorial.py
[2024-04-30T08:16:24.331+0000] {processor.py:840} INFO - DAG(s) 'tutorial' retrieved from /home/airflow/.local/lib/python3.12/site-packages/airflow/example_dags/tutorial.py
[2024-04-30T08:16:24.353+0000] {logging_mixin.py:188} INFO - [2024-04-30T08:16:24.352+0000] {dag.py:3096} INFO - Sync 1 DAGs
[2024-04-30T08:16:24.376+0000] {logging_mixin.py:188} INFO - [2024-04-30T08:16:24.376+0000] {dag.py:3954} INFO - Setting next_dagrun for tutorial to 2024-04-29 00:00:00+00:00, run_after=2024-04-30 00:00:00+00:00
[2024-04-30T08:16:24.396+0000] {processor.py:183} INFO - Processing /home/airflow/.local/lib/python3.12/site-packages/airflow/example_dags/tutorial.py took 0.080 seconds
[2024-04-30T08:16:54.707+0000] {processor.py:161} INFO - Started process (PID=383) to work on /home/airflow/.local/lib/python3.12/site-packages/airflow/example_dags/tutorial.py
[2024-04-30T08:16:54.708+0000] {processor.py:830} INFO - Processing file /home/airflow/.local/lib/python3.12/site-packages/airflow/example_dags/tutorial.py for tasks to queue
[2024-04-30T08:16:54.709+0000] {logging_mixin.py:188} INFO - [2024-04-30T08:16:54.709+0000] {dagbag.py:540} INFO - Filling up the DagBag from /home/airflow/.local/lib/python3.12/site-packages/airflow/example_dags/tutorial.py
[2024-04-30T08:16:54.716+0000] {processor.py:840} INFO - DAG(s) 'tutorial' retrieved from /home/airflow/.local/lib/python3.12/site-packages/airflow/example_dags/tutorial.py
[2024-04-30T08:16:54.737+0000] {logging_mixin.py:188} INFO - [2024-04-30T08:16:54.736+0000] {dag.py:3096} INFO - Sync 1 DAGs
[2024-04-30T08:16:54.759+0000] {logging_mixin.py:188} INFO - [2024-04-30T08:16:54.759+0000] {dag.py:3954} INFO - Setting next_dagrun for tutorial to 2024-04-29 00:00:00+00:00, run_after=2024-04-30 00:00:00+00:00
[2024-04-30T08:16:54.785+0000] {processor.py:183} INFO - Processing /home/airflow/.local/lib/python3.12/site-packages/airflow/example_dags/tutorial.py took 0.084 seconds
