[2024-05-05T14:29:51.115+0000] {local_task_job_runner.py:120} INFO - ::group::Pre task execution logs
[2024-05-05T14:29:51.162+0000] {taskinstance.py:2073} INFO - Dependencies all met for dep_context=non-requeueable deps ti=<TaskInstance: handsome.items.fetch.products.info manual__2024-05-05T14:29:20.038248+00:00 [queued]>
[2024-05-05T14:29:51.180+0000] {taskinstance.py:2073} INFO - Dependencies all met for dep_context=requeueable deps ti=<TaskInstance: handsome.items.fetch.products.info manual__2024-05-05T14:29:20.038248+00:00 [queued]>
[2024-05-05T14:29:51.181+0000] {taskinstance.py:2303} INFO - Starting attempt 1 of 3
[2024-05-05T14:29:51.708+0000] {taskinstance.py:2327} INFO - Executing <Task(FetchProductOperator): fetch.products.info> on 2024-05-05 14:29:20.038248+00:00
[2024-05-05T14:29:51.734+0000] {warnings.py:110} WARNING - /home/***/.local/lib/python3.12/site-packages/***/task/task_runner/standard_task_runner.py:61: DeprecationWarning: This process (pid=2859) is multi-threaded, use of fork() may lead to deadlocks in the child.
  pid = os.fork()

[2024-05-05T14:29:51.742+0000] {standard_task_runner.py:63} INFO - Started process 2863 to run task
[2024-05-05T14:29:51.739+0000] {standard_task_runner.py:90} INFO - Running: ['***', 'tasks', 'run', 'handsome.items', 'fetch.products.info', 'manual__2024-05-05T14:29:20.038248+00:00', '--job-id', '134', '--raw', '--subdir', 'DAGS_FOLDER/handsome/DAGs.py', '--cfg-path', '/tmp/tmpuvawjwby']
[2024-05-05T14:29:51.747+0000] {standard_task_runner.py:91} INFO - Job 134: Subtask fetch.products.info
[2024-05-05T14:29:51.978+0000] {task_command.py:426} INFO - Running <TaskInstance: handsome.items.fetch.products.info manual__2024-05-05T14:29:20.038248+00:00 [running]> on host 8f2b7c684425
[2024-05-05T14:29:52.456+0000] {taskinstance.py:2644} INFO - Exporting env vars: AIRFLOW_CTX_DAG_OWNER='400CC' AIRFLOW_CTX_DAG_ID='handsome.items' AIRFLOW_CTX_TASK_ID='fetch.products.info' AIRFLOW_CTX_EXECUTION_DATE='2024-05-05T14:29:20.038248+00:00' AIRFLOW_CTX_TRY_NUMBER='1' AIRFLOW_CTX_DAG_RUN_ID='manual__2024-05-05T14:29:20.038248+00:00'
[2024-05-05T14:29:52.459+0000] {taskinstance.py:430} INFO - ::endgroup::
[2024-05-05T14:29:52.547+0000] {products.py:185} INFO - xcomData : None
[2024-05-05T14:29:52.549+0000] {taskinstance.py:441} INFO - ::group::Post task execution logs
[2024-05-05T14:29:52.551+0000] {taskinstance.py:2890} ERROR - Task failed with exception
Traceback (most recent call last):
  File "/home/airflow/.local/lib/python3.12/site-packages/airflow/models/taskinstance.py", line 465, in _execute_task
    result = _execute_callable(context=context, **execute_callable_kwargs)
             ^^^^^^^^^^^^^^^^^^^^^^^^^^^^^^^^^^^^^^^^^^^^^^^^^^^^^^^^^^^^^
  File "/home/airflow/.local/lib/python3.12/site-packages/airflow/models/taskinstance.py", line 432, in _execute_callable
    return execute_callable(context=context, **execute_callable_kwargs)
           ^^^^^^^^^^^^^^^^^^^^^^^^^^^^^^^^^^^^^^^^^^^^^^^^^^^^^^^^^^^^
  File "/home/airflow/.local/lib/python3.12/site-packages/airflow/models/baseoperator.py", line 400, in wrapper
    return func(self, *args, **kwargs)
           ^^^^^^^^^^^^^^^^^^^^^^^^^^^
  File "/opt/airflow/dags/handsome/ops/products.py", line 187, in execute
    product_info_result = self._gather(xcomData)
                          ^^^^^^^^^^^^^^^^^^^^^^
  File "/opt/airflow/dags/handsome/ops/products.py", line 207, in _gather
    for product in xcomData:
TypeError: 'NoneType' object is not iterable
[2024-05-05T14:29:52.575+0000] {taskinstance.py:1205} INFO - Marking task as UP_FOR_RETRY. dag_id=handsome.items, task_id=fetch.products.info, execution_date=20240505T142920, start_date=20240505T142951, end_date=20240505T142952
[2024-05-05T14:29:52.608+0000] {standard_task_runner.py:110} ERROR - Failed to execute job 134 for task fetch.products.info ('NoneType' object is not iterable; 2863)
[2024-05-05T14:29:52.645+0000] {local_task_job_runner.py:240} INFO - Task exited with return code 1
[2024-05-05T14:29:52.710+0000] {taskinstance.py:3482} INFO - 0 downstream tasks scheduled from follow-on schedule check
[2024-05-05T14:29:52.714+0000] {local_task_job_runner.py:222} INFO - ::endgroup::
