[2024-05-05T13:53:56.216+0000] {local_task_job_runner.py:120} INFO - ::group::Pre task execution logs
[2024-05-05T13:53:56.320+0000] {taskinstance.py:2073} INFO - Dependencies all met for dep_context=non-requeueable deps ti=<TaskInstance: handsome.items.fetch.product.info manual__2024-05-05T13:53:52.683184+00:00 [queued]>
[2024-05-05T13:53:56.348+0000] {taskinstance.py:2073} INFO - Dependencies all met for dep_context=requeueable deps ti=<TaskInstance: handsome.items.fetch.product.info manual__2024-05-05T13:53:52.683184+00:00 [queued]>
[2024-05-05T13:53:56.350+0000] {taskinstance.py:2303} INFO - Starting attempt 1 of 3
[2024-05-05T13:53:56.403+0000] {taskinstance.py:2327} INFO - Executing <Task(FetchProductOperator): fetch.product.info> on 2024-05-05 13:53:52.683184+00:00
[2024-05-05T13:53:56.414+0000] {warnings.py:110} WARNING - /home/***/.local/lib/python3.12/site-packages/***/task/task_runner/standard_task_runner.py:61: DeprecationWarning: This process (pid=2426) is multi-threaded, use of fork() may lead to deadlocks in the child.
  pid = os.fork()

[2024-05-05T13:53:56.417+0000] {standard_task_runner.py:63} INFO - Started process 2430 to run task
[2024-05-05T13:53:56.418+0000] {standard_task_runner.py:90} INFO - Running: ['***', 'tasks', 'run', 'handsome.items', 'fetch.product.info', 'manual__2024-05-05T13:53:52.683184+00:00', '--job-id', '118', '--raw', '--subdir', 'DAGS_FOLDER/handsome/DAGs.py', '--cfg-path', '/tmp/tmp0pt61hp5']
[2024-05-05T13:53:56.424+0000] {standard_task_runner.py:91} INFO - Job 118: Subtask fetch.product.info
[2024-05-05T13:53:57.802+0000] {task_command.py:426} INFO - Running <TaskInstance: handsome.items.fetch.product.info manual__2024-05-05T13:53:52.683184+00:00 [running]> on host 8f2b7c684425
[2024-05-05T13:53:57.929+0000] {taskinstance.py:2644} INFO - Exporting env vars: AIRFLOW_CTX_DAG_OWNER='400CC' AIRFLOW_CTX_DAG_ID='handsome.items' AIRFLOW_CTX_TASK_ID='fetch.product.info' AIRFLOW_CTX_EXECUTION_DATE='2024-05-05T13:53:52.683184+00:00' AIRFLOW_CTX_TRY_NUMBER='1' AIRFLOW_CTX_DAG_RUN_ID='manual__2024-05-05T13:53:52.683184+00:00'
[2024-05-05T13:53:57.930+0000] {taskinstance.py:430} INFO - ::endgroup::
[2024-05-05T13:53:57.964+0000] {products.py:170} INFO - xcomData : None
[2024-05-05T13:53:57.965+0000] {taskinstance.py:441} INFO - ::group::Post task execution logs
[2024-05-05T13:53:57.966+0000] {taskinstance.py:2890} ERROR - Task failed with exception
Traceback (most recent call last):
  File "/home/airflow/.local/lib/python3.12/site-packages/airflow/models/taskinstance.py", line 465, in _execute_task
    result = _execute_callable(context=context, **execute_callable_kwargs)
             ^^^^^^^^^^^^^^^^^^^^^^^^^^^^^^^^^^^^^^^^^^^^^^^^^^^^^^^^^^^^^
  File "/home/airflow/.local/lib/python3.12/site-packages/airflow/models/taskinstance.py", line 432, in _execute_callable
    return execute_callable(context=context, **execute_callable_kwargs)
           ^^^^^^^^^^^^^^^^^^^^^^^^^^^^^^^^^^^^^^^^^^^^^^^^^^^^^^^^^^^^
  File "/home/airflow/.local/lib/python3.12/site-packages/airflow/models/baseoperator.py", line 400, in wrapper
    return func(self, *args, **kwargs)
           ^^^^^^^^^^^^^^^^^^^^^^^^^^^
  File "/opt/airflow/dags/handsome/ops/products.py", line 172, in execute
    product_info_result = self._gather(xcomData)
                          ^^^^^^^^^^^^^^^^^^^^^^
  File "/opt/airflow/dags/handsome/ops/products.py", line 192, in _gather
    for product in xcomData:
TypeError: 'NoneType' object is not iterable
[2024-05-05T13:53:57.983+0000] {taskinstance.py:1205} INFO - Marking task as UP_FOR_RETRY. dag_id=handsome.items, task_id=fetch.product.info, execution_date=20240505T135352, start_date=20240505T135356, end_date=20240505T135357
[2024-05-05T13:53:58.001+0000] {standard_task_runner.py:110} ERROR - Failed to execute job 118 for task fetch.product.info ('NoneType' object is not iterable; 2430)
[2024-05-05T13:53:58.041+0000] {local_task_job_runner.py:240} INFO - Task exited with return code 1
[2024-05-05T13:53:58.271+0000] {taskinstance.py:3482} INFO - 0 downstream tasks scheduled from follow-on schedule check
[2024-05-05T13:53:58.274+0000] {local_task_job_runner.py:222} INFO - ::endgroup::
