[2024-05-05T08:55:38.862+0000] {local_task_job_runner.py:120} INFO - ::group::Pre task execution logs
[2024-05-05T08:55:38.894+0000] {taskinstance.py:2073} INFO - Dependencies all met for dep_context=non-requeueable deps ti=<TaskInstance: handsome.items.fetch_product_links manual__2024-05-05T08:55:35.795215+00:00 [queued]>
[2024-05-05T08:55:38.904+0000] {taskinstance.py:2073} INFO - Dependencies all met for dep_context=requeueable deps ti=<TaskInstance: handsome.items.fetch_product_links manual__2024-05-05T08:55:35.795215+00:00 [queued]>
[2024-05-05T08:55:38.905+0000] {taskinstance.py:2303} INFO - Starting attempt 1 of 3
[2024-05-05T08:55:38.922+0000] {taskinstance.py:2327} INFO - Executing <Task(FetchProductListFromCategoryOperator): fetch_product_links> on 2024-05-05 08:55:35.795215+00:00
[2024-05-05T08:55:38.928+0000] {warnings.py:110} WARNING - /home/***/.local/lib/python3.12/site-packages/***/task/task_runner/standard_task_runner.py:61: DeprecationWarning: This process (pid=138) is multi-threaded, use of fork() may lead to deadlocks in the child.
  pid = os.fork()

[2024-05-05T08:55:38.930+0000] {standard_task_runner.py:63} INFO - Started process 140 to run task
[2024-05-05T08:55:38.930+0000] {standard_task_runner.py:90} INFO - Running: ['***', 'tasks', 'run', 'handsome.items', 'fetch_product_links', 'manual__2024-05-05T08:55:35.795215+00:00', '--job-id', '88', '--raw', '--subdir', 'DAGS_FOLDER/handsome/DAGs.py', '--cfg-path', '/tmp/tmpz2o1ghr3']
[2024-05-05T08:55:38.933+0000] {standard_task_runner.py:91} INFO - Job 88: Subtask fetch_product_links
[2024-05-05T08:55:38.995+0000] {task_command.py:426} INFO - Running <TaskInstance: handsome.items.fetch_product_links manual__2024-05-05T08:55:35.795215+00:00 [running]> on host 8f2b7c684425
[2024-05-05T08:55:39.118+0000] {taskinstance.py:2644} INFO - Exporting env vars: AIRFLOW_CTX_DAG_OWNER='400CC' AIRFLOW_CTX_DAG_ID='handsome.items' AIRFLOW_CTX_TASK_ID='fetch_product_links' AIRFLOW_CTX_EXECUTION_DATE='2024-05-05T08:55:35.795215+00:00' AIRFLOW_CTX_TRY_NUMBER='1' AIRFLOW_CTX_DAG_RUN_ID='manual__2024-05-05T08:55:35.795215+00:00'
[2024-05-05T08:55:39.119+0000] {taskinstance.py:430} INFO - ::endgroup::
[2024-05-05T08:56:04.880+0000] {taskinstance.py:441} INFO - ::group::Post task execution logs
[2024-05-05T08:56:04.882+0000] {taskinstance.py:2890} ERROR - Task failed with exception
Traceback (most recent call last):
  File "/home/airflow/.local/lib/python3.12/site-packages/airflow/models/taskinstance.py", line 465, in _execute_task
    result = _execute_callable(context=context, **execute_callable_kwargs)
             ^^^^^^^^^^^^^^^^^^^^^^^^^^^^^^^^^^^^^^^^^^^^^^^^^^^^^^^^^^^^^
  File "/home/airflow/.local/lib/python3.12/site-packages/airflow/models/taskinstance.py", line 432, in _execute_callable
    return execute_callable(context=context, **execute_callable_kwargs)
           ^^^^^^^^^^^^^^^^^^^^^^^^^^^^^^^^^^^^^^^^^^^^^^^^^^^^^^^^^^^^
  File "/home/airflow/.local/lib/python3.12/site-packages/airflow/models/baseoperator.py", line 400, in wrapper
    return func(self, *args, **kwargs)
           ^^^^^^^^^^^^^^^^^^^^^^^^^^^
  File "/opt/airflow/dags/handsome/ops/products.py", line 37, in execute
    pids.append(item["product_id"])
                ~~~~^^^^^^^^^^^^^^
TypeError: list indices must be integers or slices, not str
[2024-05-05T08:56:04.916+0000] {taskinstance.py:1205} INFO - Marking task as UP_FOR_RETRY. dag_id=handsome.items, task_id=fetch_product_links, execution_date=20240505T085535, start_date=20240505T085538, end_date=20240505T085604
[2024-05-05T08:56:04.949+0000] {standard_task_runner.py:110} ERROR - Failed to execute job 88 for task fetch_product_links (list indices must be integers or slices, not str; 140)
[2024-05-05T08:56:05.006+0000] {local_task_job_runner.py:240} INFO - Task exited with return code 1
[2024-05-05T08:56:05.072+0000] {taskinstance.py:3482} INFO - 0 downstream tasks scheduled from follow-on schedule check
[2024-05-05T08:56:05.077+0000] {local_task_job_runner.py:222} INFO - ::endgroup::
