[2024-04-30T09:21:32.174+0000] {local_task_job_runner.py:120} INFO - ::group::Pre task execution logs
[2024-04-30T09:21:32.271+0000] {taskinstance.py:2073} INFO - Dependencies all met for dep_context=non-requeueable deps ti=<TaskInstance: mysql_save.main scheduled__2024-04-29T00:00:00+00:00 [queued]>
[2024-04-30T09:21:32.308+0000] {taskinstance.py:2073} INFO - Dependencies all met for dep_context=requeueable deps ti=<TaskInstance: mysql_save.main scheduled__2024-04-29T00:00:00+00:00 [queued]>
[2024-04-30T09:21:32.310+0000] {taskinstance.py:2303} INFO - Starting attempt 1 of 2
[2024-04-30T09:21:32.372+0000] {taskinstance.py:2327} INFO - Executing <Task(PythonOperator): main> on 2024-04-29 00:00:00+00:00
[2024-04-30T09:21:32.388+0000] {warnings.py:110} WARNING - /home/***/.local/lib/python3.12/site-packages/***/task/task_runner/standard_task_runner.py:61: DeprecationWarning: This process (pid=92) is multi-threaded, use of fork() may lead to deadlocks in the child.
  pid = os.fork()

[2024-04-30T09:21:32.392+0000] {standard_task_runner.py:63} INFO - Started process 94 to run task
[2024-04-30T09:21:32.394+0000] {standard_task_runner.py:90} INFO - Running: ['***', 'tasks', 'run', 'mysql_save', 'main', 'scheduled__2024-04-29T00:00:00+00:00', '--job-id', '74', '--raw', '--subdir', 'DAGS_FOLDER/example.py', '--cfg-path', '/tmp/tmph85c7dxr']
[2024-04-30T09:21:32.402+0000] {standard_task_runner.py:91} INFO - Job 74: Subtask main
[2024-04-30T09:21:32.685+0000] {task_command.py:426} INFO - Running <TaskInstance: mysql_save.main scheduled__2024-04-29T00:00:00+00:00 [running]> on host 8888ca8dbcda
[2024-04-30T09:21:32.887+0000] {taskinstance.py:2644} INFO - Exporting env vars: AIRFLOW_CTX_DAG_OWNER='***' AIRFLOW_CTX_DAG_ID='mysql_save' AIRFLOW_CTX_TASK_ID='main' AIRFLOW_CTX_EXECUTION_DATE='2024-04-29T00:00:00+00:00' AIRFLOW_CTX_TRY_NUMBER='1' AIRFLOW_CTX_DAG_RUN_ID='scheduled__2024-04-29T00:00:00+00:00'
[2024-04-30T09:21:32.888+0000] {taskinstance.py:430} INFO - ::endgroup::
[2024-04-30T09:21:39.757+0000] {logging_mixin.py:188} INFO - 100 https://www.musinsa.com/app/goods/3171896
[2024-04-30T09:21:41.191+0000] {logging_mixin.py:188} INFO - {'goodsNo': 4078476, 'brand': 'unionblue', 'styleNo': 'UNION-KN07GP', 'favorites': 1176, 'originPrice': 79000, 'memberPrice': 61711, 'categoryDepth1Title': '상의', 'categoryDepth2Title': '니트/스웨터', 'goodsImages': ['/images/goods_img/20240423/4078476/4078476_17140488430798_500.jpg'], 'cumulative_sales': 549, 'ages': {'AGE_UNDER_18': '0%', 'AGE_19_TO_23': '4%', 'AGE_24_TO_28': '41%', 'AGE_29_TO_33': '36%', 'AGE_34_TO_39': '15%', 'AGE_OVER_40': '4%'}, 'male_percentage': '100.0%', 'female_percentage': '0.0%'}
[2024-04-30T09:21:42.372+0000] {logging_mixin.py:188} INFO - {'goodsNo': 4078380, 'brand': 'unionblue', 'styleNo': 'UNION-KN07BK', 'favorites': 551, 'originPrice': 79000, 'memberPrice': 61711, 'categoryDepth1Title': '상의', 'categoryDepth2Title': '니트/스웨터', 'goodsImages': ['/images/goods_img/20240423/4078380/4078380_17140488855775_500.jpg'], 'cumulative_sales': 291, 'ages': {'AGE_UNDER_18': '0%', 'AGE_19_TO_23': '5%', 'AGE_24_TO_28': '46%', 'AGE_29_TO_33': '36%', 'AGE_34_TO_39': '9%', 'AGE_OVER_40': '4%'}, 'male_percentage': '100.0%', 'female_percentage': '0.0%'}
[2024-04-30T09:21:43.532+0000] {logging_mixin.py:188} INFO - {'goodsNo': 4078467, 'brand': 'unionblue', 'styleNo': 'UNION-KN07MU', 'favorites': 658, 'originPrice': 79000, 'memberPrice': 61711, 'categoryDepth1Title': '상의', 'categoryDepth2Title': '니트/스웨터', 'goodsImages': ['/images/goods_img/20240423/4078467/4078467_17140536755436_500.jpg'], 'cumulative_sales': 267, 'ages': {'AGE_UNDER_18': '0%', 'AGE_19_TO_23': '5%', 'AGE_24_TO_28': '37%', 'AGE_29_TO_33': '36%', 'AGE_34_TO_39': '16%', 'AGE_OVER_40': '6%'}, 'male_percentage': '100.0%', 'female_percentage': '0.0%'}
[2024-04-30T09:21:44.841+0000] {logging_mixin.py:188} INFO - {'goodsNo': 4078445, 'brand': 'unionblue', 'styleNo': 'UNION-KN07INA', 'favorites': 501, 'originPrice': 79000, 'memberPrice': 61711, 'categoryDepth1Title': '상의', 'categoryDepth2Title': '니트/스웨터', 'goodsImages': ['/images/goods_img/20240423/4078445/4078445_17140515695039_500.jpg'], 'cumulative_sales': 205, 'ages': {'AGE_UNDER_18': '0%', 'AGE_19_TO_23': '6%', 'AGE_24_TO_28': '38%', 'AGE_29_TO_33': '37%', 'AGE_34_TO_39': '14%', 'AGE_OVER_40': '5%'}, 'male_percentage': '100.0%', 'female_percentage': '0.0%'}
[2024-04-30T09:21:46.477+0000] {logging_mixin.py:188} INFO - {'goodsNo': 2474966, 'brand': 'xtonz', 'styleNo': 'xtk016BK', 'favorites': 16052, 'originPrice': 49000, 'memberPrice': 42292, 'categoryDepth1Title': '상의', 'categoryDepth2Title': '니트/스웨터', 'goodsImages': ['/images/goods_img/20220407/2474966/2474966_1_500.jpg', '/images/prd_img/20220407/2474966/detail_2474966_1_500.jpg', '/images/prd_img/20220407/2474966/detail_2474966_2_500.jpg', '/images/prd_img/20220407/2474966/detail_2474966_3_500.jpg', '/images/prd_img/20220407/2474966/detail_2474966_4_500.jpg'], 'cumulative_sales': 5902, 'ages': {'AGE_UNDER_18': '8%', 'AGE_19_TO_23': '33%', 'AGE_24_TO_28': '31%', 'AGE_29_TO_33': '15%', 'AGE_34_TO_39': '4%', 'AGE_OVER_40': '9%'}, 'male_percentage': '90.0%', 'female_percentage': '10.0%'}
[2024-04-30T09:21:47.667+0000] {logging_mixin.py:188} INFO - {'goodsNo': 3143788, 'brand': 'kiimuir', 'styleNo': 'KBCU3KS001', 'favorites': 6445, 'originPrice': 39000, 'memberPrice': 30303, 'categoryDepth1Title': '상의', 'categoryDepth2Title': '니트/스웨터', 'goodsImages': ['/images/goods_img/20230313/3143788/3143788_17114205213367_500.jpg'], 'cumulative_sales': 5397, 'ages': {'AGE_UNDER_18': '3%', 'AGE_19_TO_23': '18%', 'AGE_24_TO_28': '29%', 'AGE_29_TO_33': '25%', 'AGE_34_TO_39': '13%', 'AGE_OVER_40': '12%'}, 'male_percentage': '80.0%', 'female_percentage': '20.0%'}
[2024-04-30T09:21:49.133+0000] {logging_mixin.py:188} INFO - {'goodsNo': 4071027, 'brand': 'lafudgestore', 'styleNo': 'LA 2789478', 'favorites': 476, 'originPrice': 78000, 'memberPrice': 38329, 'categoryDepth1Title': '상의', 'categoryDepth2Title': '니트/스웨터', 'goodsImages': ['/images/goods_img/20240419/4071027/4071027_17140930789203_500.jpg'], 'cumulative_sales': 76, 'ages': {'AGE_UNDER_18': '3%', 'AGE_19_TO_23': '16%', 'AGE_24_TO_28': '39%', 'AGE_29_TO_33': '37%', 'AGE_34_TO_39': '4%', 'AGE_OVER_40': '1%'}, 'male_percentage': '100.0%', 'female_percentage': '0.0%'}
[2024-04-30T09:21:50.398+0000] {logging_mixin.py:188} INFO - {'goodsNo': 3325429, 'brand': 'avan', 'styleNo': '23SS09-10', 'favorites': 11698, 'originPrice': 44000, 'memberPrice': 30327, 'categoryDepth1Title': '상의', 'categoryDepth2Title': '니트/스웨터', 'goodsImages': ['/images/goods_img/20230525/3325429/3325429_17138403474171_500.jpg', '/images/prd_img/20230525/3325429/detail_3325429_16861150575290_500.jpg', '/images/prd_img/20230525/3325429/detail_3325429_16861150607638_500.jpg', '/images/prd_img/20230525/3325429/detail_3325429_16861150637549_500.jpg', '/images/prd_img/20230525/3325429/detail_3325429_17138403357416_500.jpg', '/images/prd_img/20230525/3325429/detail_3325429_17138403381826_500.jpg', '/images/prd_img/20230525/3325429/detail_3325429_17138403364571_500.jpg', '/images/prd_img/20230525/3325429/detail_3325429_17138403371271_500.jpg', '/images/prd_img/20230525/3325429/detail_3325429_17138403350667_500.jpg'], 'cumulative_sales': 1837, 'ages': {'AGE_UNDER_18': '2%', 'AGE_19_TO_23': '19%', 'AGE_24_TO_28': '35%', 'AGE_29_TO_33': '22%', 'AGE_34_TO_39': '8%', 'AGE_OVER_40': '14%'}, 'male_percentage': '0.0%', 'female_percentage': '100.0%'}
[2024-04-30T09:21:51.808+0000] {logging_mixin.py:188} INFO - {'goodsNo': 2030178, 'brand': 'xtonz', 'styleNo': 'xtk', 'favorites': 16244, 'originPrice': 49000, 'memberPrice': 42292, 'categoryDepth1Title': '상의', 'categoryDepth2Title': '니트/스웨터', 'goodsImages': ['/images/goods_img/20210715/2030178/2030178_1_500.jpg', '/images/prd_img/20210715/2030178/detail_2030178_1_500.jpg', '/images/prd_img/20210715/2030178/detail_2030178_2_500.jpg', '/images/prd_img/20210715/2030178/detail_2030178_3_500.jpg', '/images/prd_img/20210715/2030178/detail_2030178_4_500.jpg'], 'cumulative_sales': 4476, 'ages': {'AGE_UNDER_18': '5%', 'AGE_19_TO_23': '26%', 'AGE_24_TO_28': '34%', 'AGE_29_TO_33': '22%', 'AGE_34_TO_39': '6%', 'AGE_OVER_40': '7%'}, 'male_percentage': '90.0%', 'female_percentage': '10.0%'}
[2024-04-30T09:21:53.074+0000] {logging_mixin.py:188} INFO - {'goodsNo': 1942725, 'brand': 'xtonz', 'styleNo': 'xtk016kh', 'favorites': 9622, 'originPrice': 49000, 'memberPrice': 42292, 'categoryDepth1Title': '상의', 'categoryDepth2Title': '니트/스웨터', 'goodsImages': ['/images/goods_img/20210510/1942725/1942725_1_500.jpg', '/images/prd_img/20210510/1942725/detail_1942725_1_500.jpg', '/images/prd_img/20210510/1942725/detail_1942725_2_500.jpg', '/images/prd_img/20210510/1942725/detail_1942725_3_500.jpg'], 'cumulative_sales': 2484, 'ages': {'AGE_UNDER_18': '3%', 'AGE_19_TO_23': '26%', 'AGE_24_TO_28': '36%', 'AGE_29_TO_33': '23%', 'AGE_34_TO_39': '6%', 'AGE_OVER_40': '6%'}, 'male_percentage': '90.0%', 'female_percentage': '10.0%'}
[2024-04-30T09:21:53.211+0000] {logging_mixin.py:188} INFO -    goodsNo         brand  ... male_percentage  female_percentage
0  4078476     unionblue  ...          100.0%               0.0%
1  4078380     unionblue  ...          100.0%               0.0%
2  4078467     unionblue  ...          100.0%               0.0%
3  4078445     unionblue  ...          100.0%               0.0%
4  2474966         xtonz  ...           90.0%              10.0%
5  3143788       kiimuir  ...           80.0%              20.0%
6  4071027  lafudgestore  ...          100.0%               0.0%
7  3325429          avan  ...            0.0%             100.0%
8  2030178         xtonz  ...           90.0%              10.0%
9  1942725         xtonz  ...           90.0%              10.0%

[10 rows x 13 columns]
[2024-04-30T09:21:53.212+0000] {python.py:237} INFO - Done. Returned value was:    goodsNo         brand  ... male_percentage  female_percentage
0  4078476     unionblue  ...          100.0%               0.0%
1  4078380     unionblue  ...          100.0%               0.0%
2  4078467     unionblue  ...          100.0%               0.0%
3  4078445     unionblue  ...          100.0%               0.0%
4  2474966         xtonz  ...           90.0%              10.0%
5  3143788       kiimuir  ...           80.0%              20.0%
6  4071027  lafudgestore  ...          100.0%               0.0%
7  3325429          avan  ...            0.0%             100.0%
8  2030178         xtonz  ...           90.0%              10.0%
9  1942725         xtonz  ...           90.0%              10.0%

[10 rows x 13 columns]
[2024-04-30T09:21:53.271+0000] {taskinstance.py:441} INFO - ::group::Post task execution logs
[2024-04-30T09:21:53.494+0000] {taskinstance.py:1205} INFO - Marking task as SUCCESS. dag_id=mysql_save, task_id=main, execution_date=20240429T000000, start_date=20240430T092132, end_date=20240430T092153
[2024-04-30T09:21:53.590+0000] {local_task_job_runner.py:240} INFO - Task exited with return code 0
[2024-04-30T09:21:53.653+0000] {taskinstance.py:3482} INFO - 0 downstream tasks scheduled from follow-on schedule check
[2024-04-30T09:21:53.657+0000] {local_task_job_runner.py:222} INFO - ::endgroup::
